{"timestamp":"2025-10-30T23:17:23.193451Z","level":"info","event":"DAG bundles loaded: dags-folder","logger":"airflow.dag_processing.bundles.manager.DagBundlesManager","filename":"manager.py","lineno":179}
{"timestamp":"2025-10-30T23:17:23.194030Z","level":"info","event":"Filling up the DagBag from /opt/airflow/dags/minio_to_snowflake.py","logger":"airflow.models.dagbag.DagBag","filename":"dagbag.py","lineno":593}
{"timestamp":"2025-10-30T23:17:24.349684Z","level":"warning","event":"The `airflow.operators.python.PythonOperator` attribute is deprecated. Please use `'airflow.providers.standard.operators.python.PythonOperator'`.","category":"DeprecatedImportWarning","filename":"/opt/airflow/dags/minio_to_snowflake.py","lineno":18,"logger":"py.warnings"}
{"timestamp":"2025-10-30T23:17:24.454860Z","level":"info","event":"Snowflake Connector for Python Version: 3.18.0, Python Version: 3.12.12, Platform: Linux-6.10.14-linuxkit-aarch64-with-glibc2.36","logger":"snowflake.connector.connection","filename":"connection.py","lineno":521}
{"timestamp":"2025-10-30T23:17:24.455625Z","level":"info","event":"Connecting to GLOBAL Snowflake domain","logger":"snowflake.connector.connection","filename":"connection.py","lineno":1464}
{"timestamp":"2025-10-30T23:17:28.348765Z","level":"info","event":"Uploaded Desktop/store/1761599731.json to Snowflake stage","logger":"task.stdout"}
{"timestamp":"2025-10-30T23:17:28.522887Z","level":"info","event":"Uploaded Desktop/store/1761599737.json to Snowflake stage","logger":"task.stdout"}
{"timestamp":"2025-10-30T23:17:28.694442Z","level":"info","event":"Uploaded Desktop/store/1761599743.json to Snowflake stage","logger":"task.stdout"}
{"timestamp":"2025-10-30T23:17:28.958699Z","level":"info","event":"Uploaded Desktop/store/1761599750.json to Snowflake stage","logger":"task.stdout"}
{"timestamp":"2025-10-30T23:17:29.170903Z","level":"info","event":"Uploaded Desktop/store/1761599757.json to Snowflake stage","logger":"task.stdout"}
{"timestamp":"2025-10-30T23:17:29.387783Z","level":"info","event":"Uploaded Desktop/store/1761599763.json to Snowflake stage","logger":"task.stdout"}
{"timestamp":"2025-10-30T23:17:29.615072Z","level":"info","event":"Uploaded Desktop/store/1761846936.json to Snowflake stage","logger":"task.stdout"}
{"timestamp":"2025-10-30T23:17:29.839836Z","level":"info","event":"Uploaded Desktop/store/1761846942.json to Snowflake stage","logger":"task.stdout"}
{"timestamp":"2025-10-30T23:17:30.032686Z","level":"info","event":"Uploaded Desktop/store/1761846949.json to Snowflake stage","logger":"task.stdout"}
{"timestamp":"2025-10-30T23:17:30.234067Z","level":"info","event":"Uploaded Desktop/store/1761846955.json to Snowflake stage","logger":"task.stdout"}
{"timestamp":"2025-10-30T23:17:30.433576Z","level":"info","event":"Uploaded Desktop/store/1761847667.json to Snowflake stage","logger":"task.stdout"}
{"timestamp":"2025-10-30T23:17:30.636304Z","level":"info","event":"Uploaded Desktop/store/1761847673.json to Snowflake stage","logger":"task.stdout"}
{"timestamp":"2025-10-30T23:17:30.892738Z","level":"info","event":"Uploaded Desktop/store/1761847679.json to Snowflake stage","logger":"task.stdout"}
{"timestamp":"2025-10-30T23:17:31.098016Z","level":"info","event":"Uploaded Desktop/store/1761847686.json to Snowflake stage","logger":"task.stdout"}
{"timestamp":"2025-10-30T23:17:31.297089Z","level":"info","event":"Uploaded Desktop/store/1761847692.json to Snowflake stage","logger":"task.stdout"}
{"timestamp":"2025-10-30T23:17:31.487098Z","level":"info","event":"Uploaded Desktop/store/1761847698.json to Snowflake stage","logger":"task.stdout"}
{"timestamp":"2025-10-30T23:17:31.704689Z","level":"info","event":"Uploaded Desktop/store/1761847704.json to Snowflake stage","logger":"task.stdout"}
{"timestamp":"2025-10-30T23:17:31.924874Z","level":"info","event":"Uploaded Desktop/store/1761847711.json to Snowflake stage","logger":"task.stdout"}
{"timestamp":"2025-10-30T23:17:32.103567Z","level":"info","event":"Uploaded Desktop/store/1761847717.json to Snowflake stage","logger":"task.stdout"}
{"timestamp":"2025-10-30T23:17:32.266464Z","level":"info","event":"Uploaded Desktop/store/1761847724.json to Snowflake stage","logger":"task.stdout"}
{"timestamp":"2025-10-30T23:17:32.506765Z","level":"info","event":"Uploaded Desktop/store/1761847730.json to Snowflake stage","logger":"task.stdout"}
{"timestamp":"2025-10-30T23:17:32.712623Z","level":"info","event":"Uploaded Desktop/store/1761847737.json to Snowflake stage","logger":"task.stdout"}
{"timestamp":"2025-10-30T23:17:32.910345Z","level":"info","event":"Uploaded Desktop/store/1761599732.json to Snowflake stage","logger":"task.stdout"}
{"timestamp":"2025-10-30T23:17:33.082419Z","level":"info","event":"Uploaded Desktop/store/1761599738.json to Snowflake stage","logger":"task.stdout"}
{"timestamp":"2025-10-30T23:17:33.293986Z","level":"info","event":"Uploaded Desktop/store/1761599745.json to Snowflake stage","logger":"task.stdout"}
{"timestamp":"2025-10-30T23:17:33.464120Z","level":"info","event":"Uploaded Desktop/store/1761599751.json to Snowflake stage","logger":"task.stdout"}
{"timestamp":"2025-10-30T23:17:33.651388Z","level":"info","event":"Uploaded Desktop/store/1761599758.json to Snowflake stage","logger":"task.stdout"}
{"timestamp":"2025-10-30T23:17:33.846381Z","level":"info","event":"Uploaded Desktop/store/1761599764.json to Snowflake stage","logger":"task.stdout"}
{"timestamp":"2025-10-30T23:17:34.037098Z","level":"info","event":"Uploaded Desktop/store/1761846937.json to Snowflake stage","logger":"task.stdout"}
{"timestamp":"2025-10-30T23:17:34.223281Z","level":"info","event":"Uploaded Desktop/store/1761846943.json to Snowflake stage","logger":"task.stdout"}
{"timestamp":"2025-10-30T23:17:34.477608Z","level":"info","event":"Uploaded Desktop/store/1761846950.json to Snowflake stage","logger":"task.stdout"}
{"timestamp":"2025-10-30T23:17:34.754125Z","level":"info","event":"Uploaded Desktop/store/1761846956.json to Snowflake stage","logger":"task.stdout"}
{"timestamp":"2025-10-30T23:17:34.971511Z","level":"info","event":"Uploaded Desktop/store/1761847668.json to Snowflake stage","logger":"task.stdout"}
{"timestamp":"2025-10-30T23:17:35.259782Z","level":"info","event":"Uploaded Desktop/store/1761847674.json to Snowflake stage","logger":"task.stdout"}
{"timestamp":"2025-10-30T23:17:35.460431Z","level":"info","event":"Uploaded Desktop/store/1761847680.json to Snowflake stage","logger":"task.stdout"}
{"timestamp":"2025-10-30T23:17:35.633021Z","level":"info","event":"Uploaded Desktop/store/1761847687.json to Snowflake stage","logger":"task.stdout"}
{"timestamp":"2025-10-30T23:17:35.812657Z","level":"info","event":"Uploaded Desktop/store/1761847693.json to Snowflake stage","logger":"task.stdout"}
{"timestamp":"2025-10-30T23:17:36.033033Z","level":"info","event":"Uploaded Desktop/store/1761847699.json to Snowflake stage","logger":"task.stdout"}
{"timestamp":"2025-10-30T23:17:36.218881Z","level":"info","event":"Uploaded Desktop/store/1761847706.json to Snowflake stage","logger":"task.stdout"}
{"timestamp":"2025-10-30T23:17:36.437785Z","level":"info","event":"Uploaded Desktop/store/1761847712.json to Snowflake stage","logger":"task.stdout"}
{"timestamp":"2025-10-30T23:17:36.627238Z","level":"info","event":"Uploaded Desktop/store/1761847718.json to Snowflake stage","logger":"task.stdout"}
{"timestamp":"2025-10-30T23:17:36.800578Z","level":"info","event":"Uploaded Desktop/store/1761847725.json to Snowflake stage","logger":"task.stdout"}
{"timestamp":"2025-10-30T23:17:37.015804Z","level":"info","event":"Uploaded Desktop/store/1761847731.json to Snowflake stage","logger":"task.stdout"}
{"timestamp":"2025-10-30T23:17:37.203311Z","level":"info","event":"Uploaded Desktop/store/1761847738.json to Snowflake stage","logger":"task.stdout"}
{"timestamp":"2025-10-30T23:17:37.359144Z","level":"info","event":"Uploaded Desktop/store/1761599732.json to Snowflake stage","logger":"task.stdout"}
{"timestamp":"2025-10-30T23:17:37.519729Z","level":"info","event":"Uploaded Desktop/store/1761599738.json to Snowflake stage","logger":"task.stdout"}
{"timestamp":"2025-10-30T23:17:37.710968Z","level":"info","event":"Uploaded Desktop/store/1761599744.json to Snowflake stage","logger":"task.stdout"}
{"timestamp":"2025-10-30T23:17:37.859796Z","level":"info","event":"Uploaded Desktop/store/1761599751.json to Snowflake stage","logger":"task.stdout"}
{"timestamp":"2025-10-30T23:17:38.019156Z","level":"info","event":"Uploaded Desktop/store/1761599758.json to Snowflake stage","logger":"task.stdout"}
{"timestamp":"2025-10-30T23:17:38.170457Z","level":"info","event":"Uploaded Desktop/store/1761599763.json to Snowflake stage","logger":"task.stdout"}
{"timestamp":"2025-10-30T23:17:38.307819Z","level":"info","event":"Uploaded Desktop/store/1761846936.json to Snowflake stage","logger":"task.stdout"}
{"timestamp":"2025-10-30T23:17:38.451538Z","level":"info","event":"Uploaded Desktop/store/1761846943.json to Snowflake stage","logger":"task.stdout"}
{"timestamp":"2025-10-30T23:17:38.626384Z","level":"info","event":"Uploaded Desktop/store/1761846949.json to Snowflake stage","logger":"task.stdout"}
{"timestamp":"2025-10-30T23:17:38.766659Z","level":"info","event":"Uploaded Desktop/store/1761846956.json to Snowflake stage","logger":"task.stdout"}
{"timestamp":"2025-10-30T23:17:38.906554Z","level":"info","event":"Uploaded Desktop/store/1761847668.json to Snowflake stage","logger":"task.stdout"}
{"timestamp":"2025-10-30T23:17:39.040181Z","level":"info","event":"Uploaded Desktop/store/1761847674.json to Snowflake stage","logger":"task.stdout"}
{"timestamp":"2025-10-30T23:17:39.210781Z","level":"info","event":"Uploaded Desktop/store/1761847680.json to Snowflake stage","logger":"task.stdout"}
{"timestamp":"2025-10-30T23:17:39.370409Z","level":"info","event":"Uploaded Desktop/store/1761847686.json to Snowflake stage","logger":"task.stdout"}
{"timestamp":"2025-10-30T23:17:39.537258Z","level":"info","event":"Uploaded Desktop/store/1761847693.json to Snowflake stage","logger":"task.stdout"}
{"timestamp":"2025-10-30T23:17:39.696954Z","level":"info","event":"Uploaded Desktop/store/1761847698.json to Snowflake stage","logger":"task.stdout"}
{"timestamp":"2025-10-30T23:17:39.886586Z","level":"info","event":"Uploaded Desktop/store/1761847705.json to Snowflake stage","logger":"task.stdout"}
{"timestamp":"2025-10-30T23:17:40.045537Z","level":"info","event":"Uploaded Desktop/store/1761847712.json to Snowflake stage","logger":"task.stdout"}
{"timestamp":"2025-10-30T23:17:40.283828Z","level":"info","event":"Uploaded Desktop/store/1761847718.json to Snowflake stage","logger":"task.stdout"}
{"timestamp":"2025-10-30T23:17:40.450093Z","level":"info","event":"Uploaded Desktop/store/1761847725.json to Snowflake stage","logger":"task.stdout"}
{"timestamp":"2025-10-30T23:17:40.625451Z","level":"info","event":"Uploaded Desktop/store/1761847731.json to Snowflake stage","logger":"task.stdout"}
{"timestamp":"2025-10-30T23:17:40.779843Z","level":"info","event":"Uploaded Desktop/store/1761847737.json to Snowflake stage","logger":"task.stdout"}
{"timestamp":"2025-10-30T23:17:40.976296Z","level":"info","event":"Uploaded Desktop/store/1761599731.json to Snowflake stage","logger":"task.stdout"}
{"timestamp":"2025-10-30T23:17:41.161578Z","level":"info","event":"Uploaded Desktop/store/1761599738.json to Snowflake stage","logger":"task.stdout"}
{"timestamp":"2025-10-30T23:17:41.298597Z","level":"info","event":"Uploaded Desktop/store/1761599744.json to Snowflake stage","logger":"task.stdout"}
{"timestamp":"2025-10-30T23:17:41.438670Z","level":"info","event":"Uploaded Desktop/store/1761599750.json to Snowflake stage","logger":"task.stdout"}
{"timestamp":"2025-10-30T23:17:41.589015Z","level":"info","event":"Uploaded Desktop/store/1761599757.json to Snowflake stage","logger":"task.stdout"}
{"timestamp":"2025-10-30T23:17:41.712703Z","level":"info","event":"Uploaded Desktop/store/1761599763.json to Snowflake stage","logger":"task.stdout"}
{"timestamp":"2025-10-30T23:17:41.907772Z","level":"info","event":"Uploaded Desktop/store/1761846936.json to Snowflake stage","logger":"task.stdout"}
{"timestamp":"2025-10-30T23:17:42.061767Z","level":"info","event":"Uploaded Desktop/store/1761846942.json to Snowflake stage","logger":"task.stdout"}
{"timestamp":"2025-10-30T23:17:42.229556Z","level":"info","event":"Uploaded Desktop/store/1761846949.json to Snowflake stage","logger":"task.stdout"}
{"timestamp":"2025-10-30T23:17:42.460042Z","level":"info","event":"Uploaded Desktop/store/1761846955.json to Snowflake stage","logger":"task.stdout"}
{"timestamp":"2025-10-30T23:17:42.648990Z","level":"info","event":"Uploaded Desktop/store/1761847667.json to Snowflake stage","logger":"task.stdout"}
{"timestamp":"2025-10-30T23:17:42.768705Z","level":"info","event":"Uploaded Desktop/store/1761847673.json to Snowflake stage","logger":"task.stdout"}
{"timestamp":"2025-10-30T23:17:42.955698Z","level":"info","event":"Uploaded Desktop/store/1761847680.json to Snowflake stage","logger":"task.stdout"}
{"timestamp":"2025-10-30T23:17:43.210414Z","level":"info","event":"Uploaded Desktop/store/1761847686.json to Snowflake stage","logger":"task.stdout"}
{"timestamp":"2025-10-30T23:17:43.397134Z","level":"info","event":"Uploaded Desktop/store/1761847692.json to Snowflake stage","logger":"task.stdout"}
{"timestamp":"2025-10-30T23:17:43.563544Z","level":"info","event":"Uploaded Desktop/store/1761847698.json to Snowflake stage","logger":"task.stdout"}
{"timestamp":"2025-10-30T23:17:43.755513Z","level":"info","event":"Uploaded Desktop/store/1761847705.json to Snowflake stage","logger":"task.stdout"}
{"timestamp":"2025-10-30T23:17:43.910020Z","level":"info","event":"Uploaded Desktop/store/1761847711.json to Snowflake stage","logger":"task.stdout"}
{"timestamp":"2025-10-30T23:17:44.036333Z","level":"info","event":"Uploaded Desktop/store/1761847717.json to Snowflake stage","logger":"task.stdout"}
{"timestamp":"2025-10-30T23:17:44.296546Z","level":"info","event":"Uploaded Desktop/store/1761847724.json to Snowflake stage","logger":"task.stdout"}
{"timestamp":"2025-10-30T23:17:44.519351Z","level":"info","event":"Uploaded Desktop/store/1761847731.json to Snowflake stage","logger":"task.stdout"}
{"timestamp":"2025-10-30T23:17:44.684246Z","level":"info","event":"Uploaded Desktop/store/1761847737.json to Snowflake stage","logger":"task.stdout"}
{"timestamp":"2025-10-30T23:17:44.850971Z","level":"info","event":"Uploaded Desktop/store/1761599732.json to Snowflake stage","logger":"task.stdout"}
{"timestamp":"2025-10-30T23:17:45.026216Z","level":"info","event":"Uploaded Desktop/store/1761599738.json to Snowflake stage","logger":"task.stdout"}
{"timestamp":"2025-10-30T23:17:45.216339Z","level":"info","event":"Uploaded Desktop/store/1761599744.json to Snowflake stage","logger":"task.stdout"}
{"timestamp":"2025-10-30T23:17:45.357016Z","level":"info","event":"Uploaded Desktop/store/1761599751.json to Snowflake stage","logger":"task.stdout"}
{"timestamp":"2025-10-30T23:17:45.516545Z","level":"info","event":"Uploaded Desktop/store/1761599758.json to Snowflake stage","logger":"task.stdout"}
{"timestamp":"2025-10-30T23:17:45.747789Z","level":"info","event":"Uploaded Desktop/store/1761599763.json to Snowflake stage","logger":"task.stdout"}
{"timestamp":"2025-10-30T23:17:45.894334Z","level":"info","event":"Uploaded Desktop/store/1761846936.json to Snowflake stage","logger":"task.stdout"}
{"timestamp":"2025-10-30T23:17:46.018436Z","level":"info","event":"Uploaded Desktop/store/1761846942.json to Snowflake stage","logger":"task.stdout"}
{"timestamp":"2025-10-30T23:17:46.160662Z","level":"info","event":"Uploaded Desktop/store/1761846949.json to Snowflake stage","logger":"task.stdout"}
{"timestamp":"2025-10-30T23:17:46.309692Z","level":"info","event":"Uploaded Desktop/store/1761846955.json to Snowflake stage","logger":"task.stdout"}
{"timestamp":"2025-10-30T23:17:46.499707Z","level":"info","event":"Uploaded Desktop/store/1761847667.json to Snowflake stage","logger":"task.stdout"}
{"timestamp":"2025-10-30T23:17:46.641585Z","level":"info","event":"Uploaded Desktop/store/1761847674.json to Snowflake stage","logger":"task.stdout"}
{"timestamp":"2025-10-30T23:17:46.810211Z","level":"info","event":"Uploaded Desktop/store/1761847680.json to Snowflake stage","logger":"task.stdout"}
{"timestamp":"2025-10-30T23:17:46.942943Z","level":"info","event":"Uploaded Desktop/store/1761847686.json to Snowflake stage","logger":"task.stdout"}
{"timestamp":"2025-10-30T23:17:47.063307Z","level":"info","event":"Uploaded Desktop/store/1761847692.json to Snowflake stage","logger":"task.stdout"}
{"timestamp":"2025-10-30T23:17:47.188180Z","level":"info","event":"Uploaded Desktop/store/1761847698.json to Snowflake stage","logger":"task.stdout"}
{"timestamp":"2025-10-30T23:17:47.352965Z","level":"info","event":"Uploaded Desktop/store/1761847705.json to Snowflake stage","logger":"task.stdout"}
{"timestamp":"2025-10-30T23:17:47.499367Z","level":"info","event":"Uploaded Desktop/store/1761847711.json to Snowflake stage","logger":"task.stdout"}
{"timestamp":"2025-10-30T23:17:47.752304Z","level":"info","event":"Uploaded Desktop/store/1761847718.json to Snowflake stage","logger":"task.stdout"}
{"timestamp":"2025-10-30T23:17:47.891301Z","level":"info","event":"Uploaded Desktop/store/1761847725.json to Snowflake stage","logger":"task.stdout"}
{"timestamp":"2025-10-30T23:17:48.045869Z","level":"info","event":"Uploaded Desktop/store/1761847731.json to Snowflake stage","logger":"task.stdout"}
{"timestamp":"2025-10-30T23:17:48.219754Z","level":"info","event":"Uploaded Desktop/store/1761847737.json to Snowflake stage","logger":"task.stdout"}
{"timestamp":"2025-10-30T23:17:49.480189Z","level":"info","event":"COPY INTO executed","logger":"task.stdout"}
{"timestamp":"2025-10-30T23:17:49.605234Z","level":"info","event":"Done. Returned value was: None","logger":"airflow.task.operators.airflow.providers.standard.operators.python.PythonOperator","filename":"python.py","lineno":218}
