[0m00:26:07.808548 [debug] [MainThread]: Sending event: {'category': 'dbt', 'action': 'invocation', 'label': 'start', 'context': [<snowplow_tracker.self_describing_json.SelfDescribingJson object at 0x1079238c0>, <snowplow_tracker.self_describing_json.SelfDescribingJson object at 0x108f23b10>, <snowplow_tracker.self_describing_json.SelfDescribingJson object at 0x108f23c50>]}


============================== 00:26:07.811581 | 11ccea1f-285d-4431-b217-8cbc67bf08f2 ==============================
[0m00:26:07.811581 [info ] [MainThread]: Running with dbt=1.10.13
[0m00:26:07.811929 [debug] [MainThread]: running dbt with arguments {'printer_width': '80', 'indirect_selection': 'eager', 'use_colors': 'True', 'partial_parse': 'True', 'version_check': 'True', 'empty': 'None', 'log_cache_events': 'False', 'profiles_dir': '/Users/emma/.dbt', 'write_json': 'True', 'target_path': 'None', 'quiet': 'False', 'log_format': 'default', 'log_path': 'logs', 'cache_selected_only': 'False', 'send_anonymous_usage_stats': 'True', 'debug': 'False', 'fail_fast': 'False', 'invocation_command': 'dbt init dbt_stocks', 'use_experimental_parser': 'False', 'static_parser': 'True', 'warn_error': 'None', 'introspect': 'True', 'warn_error_options': 'WarnErrorOptionsV2(error=[], warn=[], silence=[])', 'no_print': 'None'}
[0m00:26:07.822948 [debug] [MainThread]: Starter project path: /Users/emma/Desktop/store/venv/lib/python3.13/site-packages/dbt/include/starter_project
[0m00:26:07.826943 [info ] [MainThread]: 
Your new dbt project "dbt_stocks" was created!

For more information on how to configure the profiles.yml file,
please consult the dbt documentation here:

  https://docs.getdbt.com/docs/configure-your-profile

One more thing:

Need help? Don't hesitate to reach out to us via GitHub issues or on Slack:

  https://community.getdbt.com/

Happy modeling!

[0m00:26:07.827151 [info ] [MainThread]: Setting up your profile.
[0m00:31:02.140342 [info ] [MainThread]: Profile dbt_stocks written to /Users/emma/.dbt/profiles.yml using target's profile_template.yml and your supplied values. Run 'dbt debug' to validate the connection.
[0m00:31:02.205181 [debug] [MainThread]: Resource report: {"command_name": "init", "command_success": true, "command_wall_clock_time": 294.44992, "process_in_blocks": "0", "process_kernel_time": 0.224299, "process_mem_max_rss": "123731968", "process_out_blocks": "0", "process_user_time": 0.883661}
[0m00:31:02.207658 [debug] [MainThread]: Command `dbt init` succeeded at 00:31:02.207482 after 294.45 seconds
[0m00:31:02.208576 [debug] [MainThread]: Sending event: {'category': 'dbt', 'action': 'invocation', 'label': 'end', 'context': [<snowplow_tracker.self_describing_json.SelfDescribingJson object at 0x109bfc510>, <snowplow_tracker.self_describing_json.SelfDescribingJson object at 0x1088f4b90>, <snowplow_tracker.self_describing_json.SelfDescribingJson object at 0x109ad6580>]}
[0m00:31:02.209140 [debug] [MainThread]: Flushing usage events
[0m00:31:02.429463 [debug] [MainThread]: An error was encountered while trying to flush usage events
