{"timestamp":"2025-10-30T23:17:23.141893Z","level":"info","event":"DAG bundles loaded: dags-folder","logger":"airflow.dag_processing.bundles.manager.DagBundlesManager","filename":"manager.py","lineno":179}
{"timestamp":"2025-10-30T23:17:23.142359Z","level":"info","event":"Filling up the DagBag from /opt/airflow/dags/minio_to_snowflake.py","logger":"airflow.models.dagbag.DagBag","filename":"dagbag.py","lineno":593}
{"timestamp":"2025-10-30T23:17:24.324516Z","level":"warning","event":"The `airflow.operators.python.PythonOperator` attribute is deprecated. Please use `'airflow.providers.standard.operators.python.PythonOperator'`.","category":"DeprecatedImportWarning","filename":"/opt/airflow/dags/minio_to_snowflake.py","lineno":18,"logger":"py.warnings"}
{"timestamp":"2025-10-30T23:17:24.455084Z","level":"info","event":"Snowflake Connector for Python Version: 3.18.0, Python Version: 3.12.12, Platform: Linux-6.10.14-linuxkit-aarch64-with-glibc2.36","logger":"snowflake.connector.connection","filename":"connection.py","lineno":521}
{"timestamp":"2025-10-30T23:17:24.455850Z","level":"info","event":"Connecting to GLOBAL Snowflake domain","logger":"snowflake.connector.connection","filename":"connection.py","lineno":1464}
{"timestamp":"2025-10-30T23:17:28.316830Z","level":"info","event":"Uploaded Desktop/store/1761599731.json to Snowflake stage","logger":"task.stdout"}
{"timestamp":"2025-10-30T23:17:28.504244Z","level":"info","event":"Uploaded Desktop/store/1761599737.json to Snowflake stage","logger":"task.stdout"}
{"timestamp":"2025-10-30T23:17:29.835306Z","level":"info","event":"Uploaded Desktop/store/1761599743.json to Snowflake stage","logger":"task.stdout"}
{"timestamp":"2025-10-30T23:17:29.990537Z","level":"info","event":"Uploaded Desktop/store/1761599750.json to Snowflake stage","logger":"task.stdout"}
{"timestamp":"2025-10-30T23:17:30.160591Z","level":"info","event":"Uploaded Desktop/store/1761599757.json to Snowflake stage","logger":"task.stdout"}
{"timestamp":"2025-10-30T23:17:30.369901Z","level":"info","event":"Uploaded Desktop/store/1761599763.json to Snowflake stage","logger":"task.stdout"}
{"timestamp":"2025-10-30T23:17:30.559340Z","level":"info","event":"Uploaded Desktop/store/1761846936.json to Snowflake stage","logger":"task.stdout"}
{"timestamp":"2025-10-30T23:17:30.717566Z","level":"info","event":"Uploaded Desktop/store/1761846942.json to Snowflake stage","logger":"task.stdout"}
{"timestamp":"2025-10-30T23:17:30.898823Z","level":"info","event":"Uploaded Desktop/store/1761846949.json to Snowflake stage","logger":"task.stdout"}
{"timestamp":"2025-10-30T23:17:31.053106Z","level":"info","event":"Uploaded Desktop/store/1761846955.json to Snowflake stage","logger":"task.stdout"}
{"timestamp":"2025-10-30T23:17:31.207856Z","level":"info","event":"Uploaded Desktop/store/1761847667.json to Snowflake stage","logger":"task.stdout"}
{"timestamp":"2025-10-30T23:17:31.405865Z","level":"info","event":"Uploaded Desktop/store/1761847673.json to Snowflake stage","logger":"task.stdout"}
{"timestamp":"2025-10-30T23:17:31.557317Z","level":"info","event":"Uploaded Desktop/store/1761847679.json to Snowflake stage","logger":"task.stdout"}
{"timestamp":"2025-10-30T23:17:31.744975Z","level":"info","event":"Uploaded Desktop/store/1761847686.json to Snowflake stage","logger":"task.stdout"}
{"timestamp":"2025-10-30T23:17:31.896022Z","level":"info","event":"Uploaded Desktop/store/1761847692.json to Snowflake stage","logger":"task.stdout"}
{"timestamp":"2025-10-30T23:17:32.029850Z","level":"info","event":"Uploaded Desktop/store/1761847698.json to Snowflake stage","logger":"task.stdout"}
{"timestamp":"2025-10-30T23:17:32.187176Z","level":"info","event":"Uploaded Desktop/store/1761847704.json to Snowflake stage","logger":"task.stdout"}
{"timestamp":"2025-10-30T23:17:32.336479Z","level":"info","event":"Uploaded Desktop/store/1761847711.json to Snowflake stage","logger":"task.stdout"}
{"timestamp":"2025-10-30T23:17:32.484592Z","level":"info","event":"Uploaded Desktop/store/1761847717.json to Snowflake stage","logger":"task.stdout"}
{"timestamp":"2025-10-30T23:17:32.642727Z","level":"info","event":"Uploaded Desktop/store/1761847724.json to Snowflake stage","logger":"task.stdout"}
{"timestamp":"2025-10-30T23:17:32.764221Z","level":"info","event":"Uploaded Desktop/store/1761847730.json to Snowflake stage","logger":"task.stdout"}
{"timestamp":"2025-10-30T23:17:32.920318Z","level":"info","event":"Uploaded Desktop/store/1761847737.json to Snowflake stage","logger":"task.stdout"}
{"timestamp":"2025-10-30T23:17:33.056163Z","level":"info","event":"Uploaded Desktop/store/1761599732.json to Snowflake stage","logger":"task.stdout"}
{"timestamp":"2025-10-30T23:17:33.209051Z","level":"info","event":"Uploaded Desktop/store/1761599738.json to Snowflake stage","logger":"task.stdout"}
{"timestamp":"2025-10-30T23:17:33.382592Z","level":"info","event":"Uploaded Desktop/store/1761599745.json to Snowflake stage","logger":"task.stdout"}
{"timestamp":"2025-10-30T23:17:33.514903Z","level":"info","event":"Uploaded Desktop/store/1761599751.json to Snowflake stage","logger":"task.stdout"}
{"timestamp":"2025-10-30T23:17:33.666616Z","level":"info","event":"Uploaded Desktop/store/1761599758.json to Snowflake stage","logger":"task.stdout"}
{"timestamp":"2025-10-30T23:17:33.846614Z","level":"info","event":"Uploaded Desktop/store/1761599764.json to Snowflake stage","logger":"task.stdout"}
{"timestamp":"2025-10-30T23:17:34.062422Z","level":"info","event":"Uploaded Desktop/store/1761846937.json to Snowflake stage","logger":"task.stdout"}
{"timestamp":"2025-10-30T23:17:34.267941Z","level":"info","event":"Uploaded Desktop/store/1761846943.json to Snowflake stage","logger":"task.stdout"}
{"timestamp":"2025-10-30T23:17:34.497290Z","level":"info","event":"Uploaded Desktop/store/1761846950.json to Snowflake stage","logger":"task.stdout"}
{"timestamp":"2025-10-30T23:17:34.754760Z","level":"info","event":"Uploaded Desktop/store/1761846956.json to Snowflake stage","logger":"task.stdout"}
{"timestamp":"2025-10-30T23:17:34.945540Z","level":"info","event":"Uploaded Desktop/store/1761847668.json to Snowflake stage","logger":"task.stdout"}
{"timestamp":"2025-10-30T23:17:35.127417Z","level":"info","event":"Uploaded Desktop/store/1761847674.json to Snowflake stage","logger":"task.stdout"}
{"timestamp":"2025-10-30T23:17:35.344018Z","level":"info","event":"Uploaded Desktop/store/1761847680.json to Snowflake stage","logger":"task.stdout"}
{"timestamp":"2025-10-30T23:17:35.590705Z","level":"info","event":"Uploaded Desktop/store/1761847687.json to Snowflake stage","logger":"task.stdout"}
{"timestamp":"2025-10-30T23:17:35.792070Z","level":"info","event":"Uploaded Desktop/store/1761847693.json to Snowflake stage","logger":"task.stdout"}
{"timestamp":"2025-10-30T23:17:36.005907Z","level":"info","event":"Uploaded Desktop/store/1761847699.json to Snowflake stage","logger":"task.stdout"}
{"timestamp":"2025-10-30T23:17:36.183491Z","level":"info","event":"Uploaded Desktop/store/1761847706.json to Snowflake stage","logger":"task.stdout"}
{"timestamp":"2025-10-30T23:17:36.390594Z","level":"info","event":"Uploaded Desktop/store/1761847712.json to Snowflake stage","logger":"task.stdout"}
{"timestamp":"2025-10-30T23:17:36.591702Z","level":"info","event":"Uploaded Desktop/store/1761847718.json to Snowflake stage","logger":"task.stdout"}
{"timestamp":"2025-10-30T23:17:36.776786Z","level":"info","event":"Uploaded Desktop/store/1761847725.json to Snowflake stage","logger":"task.stdout"}
{"timestamp":"2025-10-30T23:17:37.017578Z","level":"info","event":"Uploaded Desktop/store/1761847731.json to Snowflake stage","logger":"task.stdout"}
{"timestamp":"2025-10-30T23:17:37.207814Z","level":"info","event":"Uploaded Desktop/store/1761847738.json to Snowflake stage","logger":"task.stdout"}
{"timestamp":"2025-10-30T23:17:37.508391Z","level":"info","event":"Uploaded Desktop/store/1761599732.json to Snowflake stage","logger":"task.stdout"}
{"timestamp":"2025-10-30T23:17:37.649826Z","level":"info","event":"Uploaded Desktop/store/1761599738.json to Snowflake stage","logger":"task.stdout"}
{"timestamp":"2025-10-30T23:17:37.787178Z","level":"info","event":"Uploaded Desktop/store/1761599744.json to Snowflake stage","logger":"task.stdout"}
{"timestamp":"2025-10-30T23:17:37.909996Z","level":"info","event":"Uploaded Desktop/store/1761599751.json to Snowflake stage","logger":"task.stdout"}
{"timestamp":"2025-10-30T23:17:38.052448Z","level":"info","event":"Uploaded Desktop/store/1761599758.json to Snowflake stage","logger":"task.stdout"}
{"timestamp":"2025-10-30T23:17:38.224982Z","level":"info","event":"Uploaded Desktop/store/1761599763.json to Snowflake stage","logger":"task.stdout"}
{"timestamp":"2025-10-30T23:17:38.383830Z","level":"info","event":"Uploaded Desktop/store/1761846936.json to Snowflake stage","logger":"task.stdout"}
{"timestamp":"2025-10-30T23:17:38.564339Z","level":"info","event":"Uploaded Desktop/store/1761846943.json to Snowflake stage","logger":"task.stdout"}
{"timestamp":"2025-10-30T23:17:38.725302Z","level":"info","event":"Uploaded Desktop/store/1761846949.json to Snowflake stage","logger":"task.stdout"}
{"timestamp":"2025-10-30T23:17:38.885542Z","level":"info","event":"Uploaded Desktop/store/1761846956.json to Snowflake stage","logger":"task.stdout"}
{"timestamp":"2025-10-30T23:17:39.015859Z","level":"info","event":"Uploaded Desktop/store/1761847668.json to Snowflake stage","logger":"task.stdout"}
{"timestamp":"2025-10-30T23:17:39.148122Z","level":"info","event":"Uploaded Desktop/store/1761847674.json to Snowflake stage","logger":"task.stdout"}
{"timestamp":"2025-10-30T23:17:39.297504Z","level":"info","event":"Uploaded Desktop/store/1761847680.json to Snowflake stage","logger":"task.stdout"}
{"timestamp":"2025-10-30T23:17:39.452289Z","level":"info","event":"Uploaded Desktop/store/1761847686.json to Snowflake stage","logger":"task.stdout"}
{"timestamp":"2025-10-30T23:17:39.593161Z","level":"info","event":"Uploaded Desktop/store/1761847693.json to Snowflake stage","logger":"task.stdout"}
{"timestamp":"2025-10-30T23:17:39.762444Z","level":"info","event":"Uploaded Desktop/store/1761847698.json to Snowflake stage","logger":"task.stdout"}
{"timestamp":"2025-10-30T23:17:39.937380Z","level":"info","event":"Uploaded Desktop/store/1761847705.json to Snowflake stage","logger":"task.stdout"}
{"timestamp":"2025-10-30T23:17:40.107704Z","level":"info","event":"Uploaded Desktop/store/1761847712.json to Snowflake stage","logger":"task.stdout"}
{"timestamp":"2025-10-30T23:17:40.299529Z","level":"info","event":"Uploaded Desktop/store/1761847718.json to Snowflake stage","logger":"task.stdout"}
{"timestamp":"2025-10-30T23:17:40.461527Z","level":"info","event":"Uploaded Desktop/store/1761847725.json to Snowflake stage","logger":"task.stdout"}
{"timestamp":"2025-10-30T23:17:40.643900Z","level":"info","event":"Uploaded Desktop/store/1761847731.json to Snowflake stage","logger":"task.stdout"}
{"timestamp":"2025-10-30T23:17:40.802187Z","level":"info","event":"Uploaded Desktop/store/1761847737.json to Snowflake stage","logger":"task.stdout"}
{"timestamp":"2025-10-30T23:17:40.976332Z","level":"info","event":"Uploaded Desktop/store/1761599731.json to Snowflake stage","logger":"task.stdout"}
{"timestamp":"2025-10-30T23:17:41.128491Z","level":"info","event":"Uploaded Desktop/store/1761599738.json to Snowflake stage","logger":"task.stdout"}
{"timestamp":"2025-10-30T23:17:41.280475Z","level":"info","event":"Uploaded Desktop/store/1761599744.json to Snowflake stage","logger":"task.stdout"}
{"timestamp":"2025-10-30T23:17:41.429075Z","level":"info","event":"Uploaded Desktop/store/1761599750.json to Snowflake stage","logger":"task.stdout"}
{"timestamp":"2025-10-30T23:17:41.593269Z","level":"info","event":"Uploaded Desktop/store/1761599757.json to Snowflake stage","logger":"task.stdout"}
{"timestamp":"2025-10-30T23:17:41.723067Z","level":"info","event":"Uploaded Desktop/store/1761599763.json to Snowflake stage","logger":"task.stdout"}
{"timestamp":"2025-10-30T23:17:41.909141Z","level":"info","event":"Uploaded Desktop/store/1761846936.json to Snowflake stage","logger":"task.stdout"}
{"timestamp":"2025-10-30T23:17:42.086032Z","level":"info","event":"Uploaded Desktop/store/1761846942.json to Snowflake stage","logger":"task.stdout"}
{"timestamp":"2025-10-30T23:17:42.278317Z","level":"info","event":"Uploaded Desktop/store/1761846949.json to Snowflake stage","logger":"task.stdout"}
{"timestamp":"2025-10-30T23:17:42.463152Z","level":"info","event":"Uploaded Desktop/store/1761846955.json to Snowflake stage","logger":"task.stdout"}
{"timestamp":"2025-10-30T23:17:42.650455Z","level":"info","event":"Uploaded Desktop/store/1761847667.json to Snowflake stage","logger":"task.stdout"}
{"timestamp":"2025-10-30T23:17:42.767465Z","level":"info","event":"Uploaded Desktop/store/1761847673.json to Snowflake stage","logger":"task.stdout"}
{"timestamp":"2025-10-30T23:17:42.953873Z","level":"info","event":"Uploaded Desktop/store/1761847680.json to Snowflake stage","logger":"task.stdout"}
{"timestamp":"2025-10-30T23:17:43.117099Z","level":"info","event":"Uploaded Desktop/store/1761847686.json to Snowflake stage","logger":"task.stdout"}
{"timestamp":"2025-10-30T23:17:43.300083Z","level":"info","event":"Uploaded Desktop/store/1761847692.json to Snowflake stage","logger":"task.stdout"}
{"timestamp":"2025-10-30T23:17:43.452382Z","level":"info","event":"Uploaded Desktop/store/1761847698.json to Snowflake stage","logger":"task.stdout"}
{"timestamp":"2025-10-30T23:17:43.648551Z","level":"info","event":"Uploaded Desktop/store/1761847705.json to Snowflake stage","logger":"task.stdout"}
{"timestamp":"2025-10-30T23:17:43.778844Z","level":"info","event":"Uploaded Desktop/store/1761847711.json to Snowflake stage","logger":"task.stdout"}
{"timestamp":"2025-10-30T23:17:43.965536Z","level":"info","event":"Uploaded Desktop/store/1761847717.json to Snowflake stage","logger":"task.stdout"}
{"timestamp":"2025-10-30T23:17:44.163634Z","level":"info","event":"Uploaded Desktop/store/1761847724.json to Snowflake stage","logger":"task.stdout"}
{"timestamp":"2025-10-30T23:17:44.311766Z","level":"info","event":"Uploaded Desktop/store/1761847731.json to Snowflake stage","logger":"task.stdout"}
{"timestamp":"2025-10-30T23:17:44.520632Z","level":"info","event":"Uploaded Desktop/store/1761847737.json to Snowflake stage","logger":"task.stdout"}
{"timestamp":"2025-10-30T23:17:44.684282Z","level":"info","event":"Uploaded Desktop/store/1761599732.json to Snowflake stage","logger":"task.stdout"}
{"timestamp":"2025-10-30T23:17:44.851896Z","level":"info","event":"Uploaded Desktop/store/1761599738.json to Snowflake stage","logger":"task.stdout"}
{"timestamp":"2025-10-30T23:17:45.020103Z","level":"info","event":"Uploaded Desktop/store/1761599744.json to Snowflake stage","logger":"task.stdout"}
{"timestamp":"2025-10-30T23:17:45.212172Z","level":"info","event":"Uploaded Desktop/store/1761599751.json to Snowflake stage","logger":"task.stdout"}
{"timestamp":"2025-10-30T23:17:45.354331Z","level":"info","event":"Uploaded Desktop/store/1761599758.json to Snowflake stage","logger":"task.stdout"}
{"timestamp":"2025-10-30T23:17:45.537336Z","level":"info","event":"Uploaded Desktop/store/1761599763.json to Snowflake stage","logger":"task.stdout"}
{"timestamp":"2025-10-30T23:17:45.946276Z","level":"info","event":"Uploaded Desktop/store/1761846936.json to Snowflake stage","logger":"task.stdout"}
{"timestamp":"2025-10-30T23:17:46.187134Z","level":"info","event":"Uploaded Desktop/store/1761846942.json to Snowflake stage","logger":"task.stdout"}
{"timestamp":"2025-10-30T23:17:46.337527Z","level":"info","event":"Uploaded Desktop/store/1761846949.json to Snowflake stage","logger":"task.stdout"}
{"timestamp":"2025-10-30T23:17:46.497635Z","level":"info","event":"Uploaded Desktop/store/1761846955.json to Snowflake stage","logger":"task.stdout"}
{"timestamp":"2025-10-30T23:17:46.670672Z","level":"info","event":"Uploaded Desktop/store/1761847667.json to Snowflake stage","logger":"task.stdout"}
{"timestamp":"2025-10-30T23:17:46.848560Z","level":"info","event":"Uploaded Desktop/store/1761847674.json to Snowflake stage","logger":"task.stdout"}
{"timestamp":"2025-10-30T23:17:47.029946Z","level":"info","event":"Uploaded Desktop/store/1761847680.json to Snowflake stage","logger":"task.stdout"}
{"timestamp":"2025-10-30T23:17:47.172780Z","level":"info","event":"Uploaded Desktop/store/1761847686.json to Snowflake stage","logger":"task.stdout"}
{"timestamp":"2025-10-30T23:17:47.359063Z","level":"info","event":"Uploaded Desktop/store/1761847692.json to Snowflake stage","logger":"task.stdout"}
{"timestamp":"2025-10-30T23:17:47.622111Z","level":"info","event":"Uploaded Desktop/store/1761847698.json to Snowflake stage","logger":"task.stdout"}
{"timestamp":"2025-10-30T23:17:47.795603Z","level":"info","event":"Uploaded Desktop/store/1761847705.json to Snowflake stage","logger":"task.stdout"}
{"timestamp":"2025-10-30T23:17:47.971969Z","level":"info","event":"Uploaded Desktop/store/1761847711.json to Snowflake stage","logger":"task.stdout"}
{"timestamp":"2025-10-30T23:17:48.129132Z","level":"info","event":"Uploaded Desktop/store/1761847718.json to Snowflake stage","logger":"task.stdout"}
{"timestamp":"2025-10-30T23:17:48.319612Z","level":"info","event":"Uploaded Desktop/store/1761847725.json to Snowflake stage","logger":"task.stdout"}
{"timestamp":"2025-10-30T23:17:48.484818Z","level":"info","event":"Uploaded Desktop/store/1761847731.json to Snowflake stage","logger":"task.stdout"}
{"timestamp":"2025-10-30T23:17:48.657208Z","level":"info","event":"Uploaded Desktop/store/1761847737.json to Snowflake stage","logger":"task.stdout"}
{"timestamp":"2025-10-30T23:17:49.002663Z","level":"info","event":"COPY INTO executed","logger":"task.stdout"}
{"timestamp":"2025-10-30T23:17:49.083824Z","level":"info","event":"Done. Returned value was: None","logger":"airflow.task.operators.airflow.providers.standard.operators.python.PythonOperator","filename":"python.py","lineno":218}
