{"timestamp":"2025-10-30T23:17:18.563997Z","level":"info","event":"DAG bundles loaded: dags-folder","logger":"airflow.dag_processing.bundles.manager.DagBundlesManager","filename":"manager.py","lineno":179}
{"timestamp":"2025-10-30T23:17:18.564830Z","level":"info","event":"Filling up the DagBag from /opt/airflow/dags/minio_to_snowflake.py","logger":"airflow.models.dagbag.DagBag","filename":"dagbag.py","lineno":593}
{"timestamp":"2025-10-30T23:17:21.415994Z","level":"warning","event":"The `airflow.operators.python.PythonOperator` attribute is deprecated. Please use `'airflow.providers.standard.operators.python.PythonOperator'`.","category":"DeprecatedImportWarning","filename":"/opt/airflow/dags/minio_to_snowflake.py","lineno":18,"logger":"py.warnings"}
{"timestamp":"2025-10-30T23:17:21.922292Z","level":"info","event":"Downloaded AAPL/1761599731.json -> Desktop/store/1761599731.json","logger":"task.stdout"}
{"timestamp":"2025-10-30T23:17:21.928714Z","level":"info","event":"Downloaded AAPL/1761599737.json -> Desktop/store/1761599737.json","logger":"task.stdout"}
{"timestamp":"2025-10-30T23:17:21.934870Z","level":"info","event":"Downloaded AAPL/1761599743.json -> Desktop/store/1761599743.json","logger":"task.stdout"}
{"timestamp":"2025-10-30T23:17:21.940081Z","level":"info","event":"Downloaded AAPL/1761599750.json -> Desktop/store/1761599750.json","logger":"task.stdout"}
{"timestamp":"2025-10-30T23:17:21.946167Z","level":"info","event":"Downloaded AAPL/1761599757.json -> Desktop/store/1761599757.json","logger":"task.stdout"}
{"timestamp":"2025-10-30T23:17:21.951254Z","level":"info","event":"Downloaded AAPL/1761599763.json -> Desktop/store/1761599763.json","logger":"task.stdout"}
{"timestamp":"2025-10-30T23:17:21.956175Z","level":"info","event":"Downloaded AAPL/1761846936.json -> Desktop/store/1761846936.json","logger":"task.stdout"}
{"timestamp":"2025-10-30T23:17:21.961155Z","level":"info","event":"Downloaded AAPL/1761846942.json -> Desktop/store/1761846942.json","logger":"task.stdout"}
{"timestamp":"2025-10-30T23:17:21.967309Z","level":"info","event":"Downloaded AAPL/1761846949.json -> Desktop/store/1761846949.json","logger":"task.stdout"}
{"timestamp":"2025-10-30T23:17:21.972780Z","level":"info","event":"Downloaded AAPL/1761846955.json -> Desktop/store/1761846955.json","logger":"task.stdout"}
{"timestamp":"2025-10-30T23:17:21.979887Z","level":"info","event":"Downloaded AAPL/1761847667.json -> Desktop/store/1761847667.json","logger":"task.stdout"}
{"timestamp":"2025-10-30T23:17:21.984965Z","level":"info","event":"Downloaded AAPL/1761847673.json -> Desktop/store/1761847673.json","logger":"task.stdout"}
{"timestamp":"2025-10-30T23:17:21.990473Z","level":"info","event":"Downloaded AAPL/1761847679.json -> Desktop/store/1761847679.json","logger":"task.stdout"}
{"timestamp":"2025-10-30T23:17:21.996553Z","level":"info","event":"Downloaded AAPL/1761847686.json -> Desktop/store/1761847686.json","logger":"task.stdout"}
{"timestamp":"2025-10-30T23:17:22.000503Z","level":"info","event":"Downloaded AAPL/1761847692.json -> Desktop/store/1761847692.json","logger":"task.stdout"}
{"timestamp":"2025-10-30T23:17:22.005722Z","level":"info","event":"Downloaded AAPL/1761847698.json -> Desktop/store/1761847698.json","logger":"task.stdout"}
{"timestamp":"2025-10-30T23:17:22.015326Z","level":"info","event":"Downloaded AAPL/1761847704.json -> Desktop/store/1761847704.json","logger":"task.stdout"}
{"timestamp":"2025-10-30T23:17:22.027941Z","level":"info","event":"Downloaded AAPL/1761847711.json -> Desktop/store/1761847711.json","logger":"task.stdout"}
{"timestamp":"2025-10-30T23:17:22.033938Z","level":"info","event":"Downloaded AAPL/1761847717.json -> Desktop/store/1761847717.json","logger":"task.stdout"}
{"timestamp":"2025-10-30T23:17:22.040231Z","level":"info","event":"Downloaded AAPL/1761847724.json -> Desktop/store/1761847724.json","logger":"task.stdout"}
{"timestamp":"2025-10-30T23:17:22.048445Z","level":"info","event":"Downloaded AAPL/1761847730.json -> Desktop/store/1761847730.json","logger":"task.stdout"}
{"timestamp":"2025-10-30T23:17:22.056509Z","level":"info","event":"Downloaded AAPL/1761847737.json -> Desktop/store/1761847737.json","logger":"task.stdout"}
{"timestamp":"2025-10-30T23:17:22.063510Z","level":"info","event":"Downloaded AMZN/1761599732.json -> Desktop/store/1761599732.json","logger":"task.stdout"}
{"timestamp":"2025-10-30T23:17:22.069508Z","level":"info","event":"Downloaded AMZN/1761599738.json -> Desktop/store/1761599738.json","logger":"task.stdout"}
{"timestamp":"2025-10-30T23:17:22.075890Z","level":"info","event":"Downloaded AMZN/1761599745.json -> Desktop/store/1761599745.json","logger":"task.stdout"}
{"timestamp":"2025-10-30T23:17:22.081636Z","level":"info","event":"Downloaded AMZN/1761599751.json -> Desktop/store/1761599751.json","logger":"task.stdout"}
{"timestamp":"2025-10-30T23:17:22.086569Z","level":"info","event":"Downloaded AMZN/1761599758.json -> Desktop/store/1761599758.json","logger":"task.stdout"}
{"timestamp":"2025-10-30T23:17:22.091651Z","level":"info","event":"Downloaded AMZN/1761599764.json -> Desktop/store/1761599764.json","logger":"task.stdout"}
{"timestamp":"2025-10-30T23:17:22.095726Z","level":"info","event":"Downloaded AMZN/1761846937.json -> Desktop/store/1761846937.json","logger":"task.stdout"}
{"timestamp":"2025-10-30T23:17:22.100300Z","level":"info","event":"Downloaded AMZN/1761846943.json -> Desktop/store/1761846943.json","logger":"task.stdout"}
{"timestamp":"2025-10-30T23:17:22.105902Z","level":"info","event":"Downloaded AMZN/1761846950.json -> Desktop/store/1761846950.json","logger":"task.stdout"}
{"timestamp":"2025-10-30T23:17:22.110538Z","level":"info","event":"Downloaded AMZN/1761846956.json -> Desktop/store/1761846956.json","logger":"task.stdout"}
{"timestamp":"2025-10-30T23:17:22.116389Z","level":"info","event":"Downloaded AMZN/1761847668.json -> Desktop/store/1761847668.json","logger":"task.stdout"}
{"timestamp":"2025-10-30T23:17:22.121291Z","level":"info","event":"Downloaded AMZN/1761847674.json -> Desktop/store/1761847674.json","logger":"task.stdout"}
{"timestamp":"2025-10-30T23:17:22.125436Z","level":"info","event":"Downloaded AMZN/1761847680.json -> Desktop/store/1761847680.json","logger":"task.stdout"}
{"timestamp":"2025-10-30T23:17:22.130424Z","level":"info","event":"Downloaded AMZN/1761847687.json -> Desktop/store/1761847687.json","logger":"task.stdout"}
{"timestamp":"2025-10-30T23:17:22.134575Z","level":"info","event":"Downloaded AMZN/1761847693.json -> Desktop/store/1761847693.json","logger":"task.stdout"}
{"timestamp":"2025-10-30T23:17:22.138761Z","level":"info","event":"Downloaded AMZN/1761847699.json -> Desktop/store/1761847699.json","logger":"task.stdout"}
{"timestamp":"2025-10-30T23:17:22.143119Z","level":"info","event":"Downloaded AMZN/1761847706.json -> Desktop/store/1761847706.json","logger":"task.stdout"}
{"timestamp":"2025-10-30T23:17:22.147268Z","level":"info","event":"Downloaded AMZN/1761847712.json -> Desktop/store/1761847712.json","logger":"task.stdout"}
{"timestamp":"2025-10-30T23:17:22.151783Z","level":"info","event":"Downloaded AMZN/1761847718.json -> Desktop/store/1761847718.json","logger":"task.stdout"}
{"timestamp":"2025-10-30T23:17:22.156651Z","level":"info","event":"Downloaded AMZN/1761847725.json -> Desktop/store/1761847725.json","logger":"task.stdout"}
{"timestamp":"2025-10-30T23:17:22.162054Z","level":"info","event":"Downloaded AMZN/1761847731.json -> Desktop/store/1761847731.json","logger":"task.stdout"}
{"timestamp":"2025-10-30T23:17:22.166614Z","level":"info","event":"Downloaded AMZN/1761847738.json -> Desktop/store/1761847738.json","logger":"task.stdout"}
{"timestamp":"2025-10-30T23:17:22.175385Z","level":"info","event":"Downloaded GOOGL/1761599732.json -> Desktop/store/1761599732.json","logger":"task.stdout"}
{"timestamp":"2025-10-30T23:17:22.194302Z","level":"info","event":"Downloaded GOOGL/1761599738.json -> Desktop/store/1761599738.json","logger":"task.stdout"}
{"timestamp":"2025-10-30T23:17:22.204127Z","level":"info","event":"Downloaded GOOGL/1761599744.json -> Desktop/store/1761599744.json","logger":"task.stdout"}
{"timestamp":"2025-10-30T23:17:22.211061Z","level":"info","event":"Downloaded GOOGL/1761599751.json -> Desktop/store/1761599751.json","logger":"task.stdout"}
{"timestamp":"2025-10-30T23:17:22.217372Z","level":"info","event":"Downloaded GOOGL/1761599758.json -> Desktop/store/1761599758.json","logger":"task.stdout"}
{"timestamp":"2025-10-30T23:17:22.221615Z","level":"info","event":"Downloaded GOOGL/1761599763.json -> Desktop/store/1761599763.json","logger":"task.stdout"}
{"timestamp":"2025-10-30T23:17:22.226370Z","level":"info","event":"Downloaded GOOGL/1761846936.json -> Desktop/store/1761846936.json","logger":"task.stdout"}
{"timestamp":"2025-10-30T23:17:22.230854Z","level":"info","event":"Downloaded GOOGL/1761846943.json -> Desktop/store/1761846943.json","logger":"task.stdout"}
{"timestamp":"2025-10-30T23:17:22.236310Z","level":"info","event":"Downloaded GOOGL/1761846949.json -> Desktop/store/1761846949.json","logger":"task.stdout"}
{"timestamp":"2025-10-30T23:17:22.241509Z","level":"info","event":"Downloaded GOOGL/1761846956.json -> Desktop/store/1761846956.json","logger":"task.stdout"}
{"timestamp":"2025-10-30T23:17:22.246168Z","level":"info","event":"Downloaded GOOGL/1761847668.json -> Desktop/store/1761847668.json","logger":"task.stdout"}
{"timestamp":"2025-10-30T23:17:22.251348Z","level":"info","event":"Downloaded GOOGL/1761847674.json -> Desktop/store/1761847674.json","logger":"task.stdout"}
{"timestamp":"2025-10-30T23:17:22.255646Z","level":"info","event":"Downloaded GOOGL/1761847680.json -> Desktop/store/1761847680.json","logger":"task.stdout"}
{"timestamp":"2025-10-30T23:17:22.261458Z","level":"info","event":"Downloaded GOOGL/1761847686.json -> Desktop/store/1761847686.json","logger":"task.stdout"}
{"timestamp":"2025-10-30T23:17:22.266267Z","level":"info","event":"Downloaded GOOGL/1761847693.json -> Desktop/store/1761847693.json","logger":"task.stdout"}
{"timestamp":"2025-10-30T23:17:22.271121Z","level":"info","event":"Downloaded GOOGL/1761847698.json -> Desktop/store/1761847698.json","logger":"task.stdout"}
{"timestamp":"2025-10-30T23:17:22.275232Z","level":"info","event":"Downloaded GOOGL/1761847705.json -> Desktop/store/1761847705.json","logger":"task.stdout"}
{"timestamp":"2025-10-30T23:17:22.280132Z","level":"info","event":"Downloaded GOOGL/1761847712.json -> Desktop/store/1761847712.json","logger":"task.stdout"}
{"timestamp":"2025-10-30T23:17:22.285067Z","level":"info","event":"Downloaded GOOGL/1761847718.json -> Desktop/store/1761847718.json","logger":"task.stdout"}
{"timestamp":"2025-10-30T23:17:22.290086Z","level":"info","event":"Downloaded GOOGL/1761847725.json -> Desktop/store/1761847725.json","logger":"task.stdout"}
{"timestamp":"2025-10-30T23:17:22.294635Z","level":"info","event":"Downloaded GOOGL/1761847731.json -> Desktop/store/1761847731.json","logger":"task.stdout"}
{"timestamp":"2025-10-30T23:17:22.298723Z","level":"info","event":"Downloaded GOOGL/1761847737.json -> Desktop/store/1761847737.json","logger":"task.stdout"}
{"timestamp":"2025-10-30T23:17:22.303056Z","level":"info","event":"Downloaded MSFT/1761599731.json -> Desktop/store/1761599731.json","logger":"task.stdout"}
{"timestamp":"2025-10-30T23:17:22.311901Z","level":"info","event":"Downloaded MSFT/1761599738.json -> Desktop/store/1761599738.json","logger":"task.stdout"}
{"timestamp":"2025-10-30T23:17:22.318414Z","level":"info","event":"Downloaded MSFT/1761599744.json -> Desktop/store/1761599744.json","logger":"task.stdout"}
{"timestamp":"2025-10-30T23:17:22.323257Z","level":"info","event":"Downloaded MSFT/1761599750.json -> Desktop/store/1761599750.json","logger":"task.stdout"}
{"timestamp":"2025-10-30T23:17:22.327626Z","level":"info","event":"Downloaded MSFT/1761599757.json -> Desktop/store/1761599757.json","logger":"task.stdout"}
{"timestamp":"2025-10-30T23:17:22.332689Z","level":"info","event":"Downloaded MSFT/1761599763.json -> Desktop/store/1761599763.json","logger":"task.stdout"}
{"timestamp":"2025-10-30T23:17:22.336886Z","level":"info","event":"Downloaded MSFT/1761846936.json -> Desktop/store/1761846936.json","logger":"task.stdout"}
{"timestamp":"2025-10-30T23:17:22.344279Z","level":"info","event":"Downloaded MSFT/1761846942.json -> Desktop/store/1761846942.json","logger":"task.stdout"}
{"timestamp":"2025-10-30T23:17:22.357271Z","level":"info","event":"Downloaded MSFT/1761846949.json -> Desktop/store/1761846949.json","logger":"task.stdout"}
{"timestamp":"2025-10-30T23:17:22.363817Z","level":"info","event":"Downloaded MSFT/1761846955.json -> Desktop/store/1761846955.json","logger":"task.stdout"}
{"timestamp":"2025-10-30T23:17:22.370685Z","level":"info","event":"Downloaded MSFT/1761847667.json -> Desktop/store/1761847667.json","logger":"task.stdout"}
{"timestamp":"2025-10-30T23:17:22.376679Z","level":"info","event":"Downloaded MSFT/1761847673.json -> Desktop/store/1761847673.json","logger":"task.stdout"}
{"timestamp":"2025-10-30T23:17:22.381846Z","level":"info","event":"Downloaded MSFT/1761847680.json -> Desktop/store/1761847680.json","logger":"task.stdout"}
{"timestamp":"2025-10-30T23:17:22.386580Z","level":"info","event":"Downloaded MSFT/1761847686.json -> Desktop/store/1761847686.json","logger":"task.stdout"}
{"timestamp":"2025-10-30T23:17:22.394139Z","level":"info","event":"Downloaded MSFT/1761847692.json -> Desktop/store/1761847692.json","logger":"task.stdout"}
{"timestamp":"2025-10-30T23:17:22.400976Z","level":"info","event":"Downloaded MSFT/1761847698.json -> Desktop/store/1761847698.json","logger":"task.stdout"}
{"timestamp":"2025-10-30T23:17:22.411325Z","level":"info","event":"Downloaded MSFT/1761847705.json -> Desktop/store/1761847705.json","logger":"task.stdout"}
{"timestamp":"2025-10-30T23:17:22.428485Z","level":"info","event":"Downloaded MSFT/1761847711.json -> Desktop/store/1761847711.json","logger":"task.stdout"}
{"timestamp":"2025-10-30T23:17:22.437100Z","level":"info","event":"Downloaded MSFT/1761847717.json -> Desktop/store/1761847717.json","logger":"task.stdout"}
{"timestamp":"2025-10-30T23:17:22.443342Z","level":"info","event":"Downloaded MSFT/1761847724.json -> Desktop/store/1761847724.json","logger":"task.stdout"}
{"timestamp":"2025-10-30T23:17:22.450835Z","level":"info","event":"Downloaded MSFT/1761847731.json -> Desktop/store/1761847731.json","logger":"task.stdout"}
{"timestamp":"2025-10-30T23:17:22.469282Z","level":"info","event":"Downloaded MSFT/1761847737.json -> Desktop/store/1761847737.json","logger":"task.stdout"}
{"timestamp":"2025-10-30T23:17:22.474853Z","level":"info","event":"Downloaded TSLA/1761599732.json -> Desktop/store/1761599732.json","logger":"task.stdout"}
{"timestamp":"2025-10-30T23:17:22.481160Z","level":"info","event":"Downloaded TSLA/1761599738.json -> Desktop/store/1761599738.json","logger":"task.stdout"}
{"timestamp":"2025-10-30T23:17:22.491927Z","level":"info","event":"Downloaded TSLA/1761599744.json -> Desktop/store/1761599744.json","logger":"task.stdout"}
{"timestamp":"2025-10-30T23:17:22.503327Z","level":"info","event":"Downloaded TSLA/1761599751.json -> Desktop/store/1761599751.json","logger":"task.stdout"}
{"timestamp":"2025-10-30T23:17:22.511130Z","level":"info","event":"Downloaded TSLA/1761599758.json -> Desktop/store/1761599758.json","logger":"task.stdout"}
{"timestamp":"2025-10-30T23:17:22.519106Z","level":"info","event":"Downloaded TSLA/1761599763.json -> Desktop/store/1761599763.json","logger":"task.stdout"}
{"timestamp":"2025-10-30T23:17:22.524099Z","level":"info","event":"Downloaded TSLA/1761846936.json -> Desktop/store/1761846936.json","logger":"task.stdout"}
{"timestamp":"2025-10-30T23:17:22.529843Z","level":"info","event":"Downloaded TSLA/1761846942.json -> Desktop/store/1761846942.json","logger":"task.stdout"}
{"timestamp":"2025-10-30T23:17:22.538160Z","level":"info","event":"Downloaded TSLA/1761846949.json -> Desktop/store/1761846949.json","logger":"task.stdout"}
{"timestamp":"2025-10-30T23:17:22.544952Z","level":"info","event":"Downloaded TSLA/1761846955.json -> Desktop/store/1761846955.json","logger":"task.stdout"}
{"timestamp":"2025-10-30T23:17:22.553004Z","level":"info","event":"Downloaded TSLA/1761847667.json -> Desktop/store/1761847667.json","logger":"task.stdout"}
{"timestamp":"2025-10-30T23:17:22.570969Z","level":"info","event":"Downloaded TSLA/1761847674.json -> Desktop/store/1761847674.json","logger":"task.stdout"}
{"timestamp":"2025-10-30T23:17:22.584509Z","level":"info","event":"Downloaded TSLA/1761847680.json -> Desktop/store/1761847680.json","logger":"task.stdout"}
{"timestamp":"2025-10-30T23:17:22.593994Z","level":"info","event":"Downloaded TSLA/1761847686.json -> Desktop/store/1761847686.json","logger":"task.stdout"}
{"timestamp":"2025-10-30T23:17:22.603315Z","level":"info","event":"Downloaded TSLA/1761847692.json -> Desktop/store/1761847692.json","logger":"task.stdout"}
{"timestamp":"2025-10-30T23:17:22.609531Z","level":"info","event":"Downloaded TSLA/1761847698.json -> Desktop/store/1761847698.json","logger":"task.stdout"}
{"timestamp":"2025-10-30T23:17:22.615269Z","level":"info","event":"Downloaded TSLA/1761847705.json -> Desktop/store/1761847705.json","logger":"task.stdout"}
{"timestamp":"2025-10-30T23:17:22.619727Z","level":"info","event":"Downloaded TSLA/1761847711.json -> Desktop/store/1761847711.json","logger":"task.stdout"}
{"timestamp":"2025-10-30T23:17:22.625682Z","level":"info","event":"Downloaded TSLA/1761847718.json -> Desktop/store/1761847718.json","logger":"task.stdout"}
{"timestamp":"2025-10-30T23:17:22.631683Z","level":"info","event":"Downloaded TSLA/1761847725.json -> Desktop/store/1761847725.json","logger":"task.stdout"}
{"timestamp":"2025-10-30T23:17:22.636046Z","level":"info","event":"Downloaded TSLA/1761847731.json -> Desktop/store/1761847731.json","logger":"task.stdout"}
{"timestamp":"2025-10-30T23:17:22.642033Z","level":"info","event":"Downloaded TSLA/1761847737.json -> Desktop/store/1761847737.json","logger":"task.stdout"}
{"timestamp":"2025-10-30T23:17:22.643206Z","level":"info","event":"Done. Returned value was: ['Desktop/store/1761599731.json', 'Desktop/store/1761599737.json', 'Desktop/store/1761599743.json', 'Desktop/store/1761599750.json', 'Desktop/store/1761599757.json', 'Desktop/store/1761599763.json', 'Desktop/store/1761846936.json', 'Desktop/store/1761846942.json', 'Desktop/store/1761846949.json', 'Desktop/store/1761846955.json', 'Desktop/store/1761847667.json', 'Desktop/store/1761847673.json', 'Desktop/store/1761847679.json', 'Desktop/store/1761847686.json', 'Desktop/store/1761847692.json', 'Desktop/store/1761847698.json', 'Desktop/store/1761847704.json', 'Desktop/store/1761847711.json', 'Desktop/store/1761847717.json', 'Desktop/store/1761847724.json', 'Desktop/store/1761847730.json', 'Desktop/store/1761847737.json', 'Desktop/store/1761599732.json', 'Desktop/store/1761599738.json', 'Desktop/store/1761599745.json', 'Desktop/store/1761599751.json', 'Desktop/store/1761599758.json', 'Desktop/store/1761599764.json', 'Desktop/store/1761846937.json', 'Desktop/store/1761846943.json', 'Desktop/store/1761846950.json', 'Desktop/store/1761846956.json', 'Desktop/store/1761847668.json', 'Desktop/store/1761847674.json', 'Desktop/store/1761847680.json', 'Desktop/store/1761847687.json', 'Desktop/store/1761847693.json', 'Desktop/store/1761847699.json', 'Desktop/store/1761847706.json', 'Desktop/store/1761847712.json', 'Desktop/store/1761847718.json', 'Desktop/store/1761847725.json', 'Desktop/store/1761847731.json', 'Desktop/store/1761847738.json', 'Desktop/store/1761599732.json', 'Desktop/store/1761599738.json', 'Desktop/store/1761599744.json', 'Desktop/store/1761599751.json', 'Desktop/store/1761599758.json', 'Desktop/store/1761599763.json', 'Desktop/store/1761846936.json', 'Desktop/store/1761846943.json', 'Desktop/store/1761846949.json', 'Desktop/store/1761846956.json', 'Desktop/store/1761847668.json', 'Desktop/store/1761847674.json', 'Desktop/store/1761847680.json', 'Desktop/store/1761847686.json', 'Desktop/store/1761847693.json', 'Desktop/store/1761847698.json', 'Desktop/store/1761847705.json', 'Desktop/store/1761847712.json', 'Desktop/store/1761847718.json', 'Desktop/store/1761847725.json', 'Desktop/store/1761847731.json', 'Desktop/store/1761847737.json', 'Desktop/store/1761599731.json', 'Desktop/store/1761599738.json', 'Desktop/store/1761599744.json', 'Desktop/store/1761599750.json', 'Desktop/store/1761599757.json', 'Desktop/store/1761599763.json', 'Desktop/store/1761846936.json', 'Desktop/store/1761846942.json', 'Desktop/store/1761846949.json', 'Desktop/store/1761846955.json', 'Desktop/store/1761847667.json', 'Desktop/store/1761847673.json', 'Desktop/store/1761847680.json', 'Desktop/store/1761847686.json', 'Desktop/store/1761847692.json', 'Desktop/store/1761847698.json', 'Desktop/store/1761847705.json', 'Desktop/store/1761847711.json', 'Desktop/store/1761847717.json', 'Desktop/store/1761847724.json', 'Desktop/store/1761847731.json', 'Desktop/store/1761847737.json', 'Desktop/store/1761599732.json', 'Desktop/store/1761599738.json', 'Desktop/store/1761599744.json', 'Desktop/store/1761599751.json', 'Desktop/store/1761599758.json', 'Desktop/store/1761599763.json', 'Desktop/store/1761846936.json', 'Desktop/store/1761846942.json', 'Desktop/store/1761846949.json', 'Desktop/store/1761846955.json', 'Desktop/store/1761847667.json', 'Desktop/store/1761847674.json', 'Desktop/store/1761847680.json', 'Desktop/store/1761847686.json', 'Desktop/store/1761847692.json', 'Desktop/store/1761847698.json', 'Desktop/store/1761847705.json', 'Desktop/store/1761847711.json', 'Desktop/store/1761847718.json', 'Desktop/store/1761847725.json', 'Desktop/store/1761847731.json', 'Desktop/store/1761847737.json']","logger":"airflow.task.operators.airflow.providers.standard.operators.python.PythonOperator","filename":"python.py","lineno":218}
{"timestamp":"2025-10-30T23:17:22.644276Z","level":"info","event":"Pushing xcom","ti":"RuntimeTaskInstance(id=UUID('019a3769-42da-743b-91f7-e13fe48047e5'), task_id='download_minio', dag_id='minio_to_snowflake', run_id='manual__2025-10-30T23:17:10+00:00', try_number=1, dag_version_id=UUID('019a3767-e984-7677-ba1e-e15a2b71a556'), map_index=-1, hostname='dac11b45d92b', context_carrier={}, task=<Task(PythonOperator): download_minio>, bundle_instance=LocalDagBundle(name=dags-folder), max_tries=1, start_date=datetime.datetime(2025, 10, 30, 23, 17, 17, 642980, tzinfo=datetime.timezone.utc), end_date=None, state=<TaskInstanceState.RUNNING: 'running'>, is_mapped=False, rendered_map_index=None)","logger":"task","filename":"task_runner.py","lineno":1352}
