{"timestamp":"2025-10-30T23:19:00.774941Z","level":"info","event":"DAG bundles loaded: dags-folder","logger":"airflow.dag_processing.bundles.manager.DagBundlesManager","filename":"manager.py","lineno":179}
{"timestamp":"2025-10-30T23:19:00.775783Z","level":"info","event":"Filling up the DagBag from /opt/airflow/dags/minio_to_snowflake.py","logger":"airflow.models.dagbag.DagBag","filename":"dagbag.py","lineno":593}
{"timestamp":"2025-10-30T23:19:01.587703Z","level":"warning","event":"The `airflow.operators.python.PythonOperator` attribute is deprecated. Please use `'airflow.providers.standard.operators.python.PythonOperator'`.","category":"DeprecatedImportWarning","filename":"/opt/airflow/dags/minio_to_snowflake.py","lineno":18,"logger":"py.warnings"}
{"timestamp":"2025-10-30T23:19:01.791073Z","level":"info","event":"Downloaded AAPL/1761599731.json -> Desktop/store/1761599731.json","logger":"task.stdout"}
{"timestamp":"2025-10-30T23:19:01.796237Z","level":"info","event":"Downloaded AAPL/1761599737.json -> Desktop/store/1761599737.json","logger":"task.stdout"}
{"timestamp":"2025-10-30T23:19:01.800259Z","level":"info","event":"Downloaded AAPL/1761599743.json -> Desktop/store/1761599743.json","logger":"task.stdout"}
{"timestamp":"2025-10-30T23:19:01.804822Z","level":"info","event":"Downloaded AAPL/1761599750.json -> Desktop/store/1761599750.json","logger":"task.stdout"}
{"timestamp":"2025-10-30T23:19:01.810205Z","level":"info","event":"Downloaded AAPL/1761599757.json -> Desktop/store/1761599757.json","logger":"task.stdout"}
{"timestamp":"2025-10-30T23:19:01.814519Z","level":"info","event":"Downloaded AAPL/1761599763.json -> Desktop/store/1761599763.json","logger":"task.stdout"}
{"timestamp":"2025-10-30T23:19:01.818668Z","level":"info","event":"Downloaded AAPL/1761846936.json -> Desktop/store/1761846936.json","logger":"task.stdout"}
{"timestamp":"2025-10-30T23:19:01.822608Z","level":"info","event":"Downloaded AAPL/1761846942.json -> Desktop/store/1761846942.json","logger":"task.stdout"}
{"timestamp":"2025-10-30T23:19:01.827129Z","level":"info","event":"Downloaded AAPL/1761846949.json -> Desktop/store/1761846949.json","logger":"task.stdout"}
{"timestamp":"2025-10-30T23:19:01.831261Z","level":"info","event":"Downloaded AAPL/1761846955.json -> Desktop/store/1761846955.json","logger":"task.stdout"}
{"timestamp":"2025-10-30T23:19:01.835130Z","level":"info","event":"Downloaded AAPL/1761847667.json -> Desktop/store/1761847667.json","logger":"task.stdout"}
{"timestamp":"2025-10-30T23:19:01.838923Z","level":"info","event":"Downloaded AAPL/1761847673.json -> Desktop/store/1761847673.json","logger":"task.stdout"}
{"timestamp":"2025-10-30T23:19:01.843363Z","level":"info","event":"Downloaded AAPL/1761847679.json -> Desktop/store/1761847679.json","logger":"task.stdout"}
{"timestamp":"2025-10-30T23:19:01.847358Z","level":"info","event":"Downloaded AAPL/1761847686.json -> Desktop/store/1761847686.json","logger":"task.stdout"}
{"timestamp":"2025-10-30T23:19:01.850806Z","level":"info","event":"Downloaded AAPL/1761847692.json -> Desktop/store/1761847692.json","logger":"task.stdout"}
{"timestamp":"2025-10-30T23:19:01.854526Z","level":"info","event":"Downloaded AAPL/1761847698.json -> Desktop/store/1761847698.json","logger":"task.stdout"}
{"timestamp":"2025-10-30T23:19:01.858391Z","level":"info","event":"Downloaded AAPL/1761847704.json -> Desktop/store/1761847704.json","logger":"task.stdout"}
{"timestamp":"2025-10-30T23:19:01.862647Z","level":"info","event":"Downloaded AAPL/1761847711.json -> Desktop/store/1761847711.json","logger":"task.stdout"}
{"timestamp":"2025-10-30T23:19:01.866600Z","level":"info","event":"Downloaded AAPL/1761847717.json -> Desktop/store/1761847717.json","logger":"task.stdout"}
{"timestamp":"2025-10-30T23:19:01.870309Z","level":"info","event":"Downloaded AAPL/1761847724.json -> Desktop/store/1761847724.json","logger":"task.stdout"}
{"timestamp":"2025-10-30T23:19:01.876853Z","level":"info","event":"Downloaded AAPL/1761847730.json -> Desktop/store/1761847730.json","logger":"task.stdout"}
{"timestamp":"2025-10-30T23:19:01.892628Z","level":"info","event":"Downloaded AAPL/1761847737.json -> Desktop/store/1761847737.json","logger":"task.stdout"}
{"timestamp":"2025-10-30T23:19:01.901446Z","level":"info","event":"Downloaded AMZN/1761599732.json -> Desktop/store/1761599732.json","logger":"task.stdout"}
{"timestamp":"2025-10-30T23:19:01.909036Z","level":"info","event":"Downloaded AMZN/1761599738.json -> Desktop/store/1761599738.json","logger":"task.stdout"}
{"timestamp":"2025-10-30T23:19:01.919511Z","level":"info","event":"Downloaded AMZN/1761599745.json -> Desktop/store/1761599745.json","logger":"task.stdout"}
{"timestamp":"2025-10-30T23:19:01.926573Z","level":"info","event":"Downloaded AMZN/1761599751.json -> Desktop/store/1761599751.json","logger":"task.stdout"}
{"timestamp":"2025-10-30T23:19:01.930854Z","level":"info","event":"Downloaded AMZN/1761599758.json -> Desktop/store/1761599758.json","logger":"task.stdout"}
{"timestamp":"2025-10-30T23:19:01.934595Z","level":"info","event":"Downloaded AMZN/1761599764.json -> Desktop/store/1761599764.json","logger":"task.stdout"}
{"timestamp":"2025-10-30T23:19:01.938324Z","level":"info","event":"Downloaded AMZN/1761846937.json -> Desktop/store/1761846937.json","logger":"task.stdout"}
{"timestamp":"2025-10-30T23:19:01.942775Z","level":"info","event":"Downloaded AMZN/1761846943.json -> Desktop/store/1761846943.json","logger":"task.stdout"}
{"timestamp":"2025-10-30T23:19:01.946392Z","level":"info","event":"Downloaded AMZN/1761846950.json -> Desktop/store/1761846950.json","logger":"task.stdout"}
{"timestamp":"2025-10-30T23:19:01.951173Z","level":"info","event":"Downloaded AMZN/1761846956.json -> Desktop/store/1761846956.json","logger":"task.stdout"}
{"timestamp":"2025-10-30T23:19:01.954704Z","level":"info","event":"Downloaded AMZN/1761847668.json -> Desktop/store/1761847668.json","logger":"task.stdout"}
{"timestamp":"2025-10-30T23:19:01.958406Z","level":"info","event":"Downloaded AMZN/1761847674.json -> Desktop/store/1761847674.json","logger":"task.stdout"}
{"timestamp":"2025-10-30T23:19:01.963198Z","level":"info","event":"Downloaded AMZN/1761847680.json -> Desktop/store/1761847680.json","logger":"task.stdout"}
{"timestamp":"2025-10-30T23:19:01.971375Z","level":"info","event":"Downloaded AMZN/1761847687.json -> Desktop/store/1761847687.json","logger":"task.stdout"}
{"timestamp":"2025-10-30T23:19:01.982096Z","level":"info","event":"Downloaded AMZN/1761847693.json -> Desktop/store/1761847693.json","logger":"task.stdout"}
{"timestamp":"2025-10-30T23:19:01.989590Z","level":"info","event":"Downloaded AMZN/1761847699.json -> Desktop/store/1761847699.json","logger":"task.stdout"}
{"timestamp":"2025-10-30T23:19:01.996041Z","level":"info","event":"Downloaded AMZN/1761847706.json -> Desktop/store/1761847706.json","logger":"task.stdout"}
{"timestamp":"2025-10-30T23:19:02.000729Z","level":"info","event":"Downloaded AMZN/1761847712.json -> Desktop/store/1761847712.json","logger":"task.stdout"}
{"timestamp":"2025-10-30T23:19:02.005090Z","level":"info","event":"Downloaded AMZN/1761847718.json -> Desktop/store/1761847718.json","logger":"task.stdout"}
{"timestamp":"2025-10-30T23:19:02.010460Z","level":"info","event":"Downloaded AMZN/1761847725.json -> Desktop/store/1761847725.json","logger":"task.stdout"}
{"timestamp":"2025-10-30T23:19:02.014707Z","level":"info","event":"Downloaded AMZN/1761847731.json -> Desktop/store/1761847731.json","logger":"task.stdout"}
{"timestamp":"2025-10-30T23:19:02.018076Z","level":"info","event":"Downloaded AMZN/1761847738.json -> Desktop/store/1761847738.json","logger":"task.stdout"}
{"timestamp":"2025-10-30T23:19:02.021296Z","level":"info","event":"Downloaded GOOGL/1761599732.json -> Desktop/store/1761599732.json","logger":"task.stdout"}
{"timestamp":"2025-10-30T23:19:02.024785Z","level":"info","event":"Downloaded GOOGL/1761599738.json -> Desktop/store/1761599738.json","logger":"task.stdout"}
{"timestamp":"2025-10-30T23:19:02.028322Z","level":"info","event":"Downloaded GOOGL/1761599744.json -> Desktop/store/1761599744.json","logger":"task.stdout"}
{"timestamp":"2025-10-30T23:19:02.031832Z","level":"info","event":"Downloaded GOOGL/1761599751.json -> Desktop/store/1761599751.json","logger":"task.stdout"}
{"timestamp":"2025-10-30T23:19:02.035318Z","level":"info","event":"Downloaded GOOGL/1761599758.json -> Desktop/store/1761599758.json","logger":"task.stdout"}
{"timestamp":"2025-10-30T23:19:02.039316Z","level":"info","event":"Downloaded GOOGL/1761599763.json -> Desktop/store/1761599763.json","logger":"task.stdout"}
{"timestamp":"2025-10-30T23:19:02.044270Z","level":"info","event":"Downloaded GOOGL/1761846936.json -> Desktop/store/1761846936.json","logger":"task.stdout"}
{"timestamp":"2025-10-30T23:19:02.047832Z","level":"info","event":"Downloaded GOOGL/1761846943.json -> Desktop/store/1761846943.json","logger":"task.stdout"}
{"timestamp":"2025-10-30T23:19:02.051262Z","level":"info","event":"Downloaded GOOGL/1761846949.json -> Desktop/store/1761846949.json","logger":"task.stdout"}
{"timestamp":"2025-10-30T23:19:02.054723Z","level":"info","event":"Downloaded GOOGL/1761846956.json -> Desktop/store/1761846956.json","logger":"task.stdout"}
{"timestamp":"2025-10-30T23:19:02.058987Z","level":"info","event":"Downloaded GOOGL/1761847668.json -> Desktop/store/1761847668.json","logger":"task.stdout"}
{"timestamp":"2025-10-30T23:19:02.063729Z","level":"info","event":"Downloaded GOOGL/1761847674.json -> Desktop/store/1761847674.json","logger":"task.stdout"}
{"timestamp":"2025-10-30T23:19:02.067396Z","level":"info","event":"Downloaded GOOGL/1761847680.json -> Desktop/store/1761847680.json","logger":"task.stdout"}
{"timestamp":"2025-10-30T23:19:02.071037Z","level":"info","event":"Downloaded GOOGL/1761847686.json -> Desktop/store/1761847686.json","logger":"task.stdout"}
{"timestamp":"2025-10-30T23:19:02.074695Z","level":"info","event":"Downloaded GOOGL/1761847693.json -> Desktop/store/1761847693.json","logger":"task.stdout"}
{"timestamp":"2025-10-30T23:19:02.078435Z","level":"info","event":"Downloaded GOOGL/1761847698.json -> Desktop/store/1761847698.json","logger":"task.stdout"}
{"timestamp":"2025-10-30T23:19:02.081710Z","level":"info","event":"Downloaded GOOGL/1761847705.json -> Desktop/store/1761847705.json","logger":"task.stdout"}
{"timestamp":"2025-10-30T23:19:02.085169Z","level":"info","event":"Downloaded GOOGL/1761847712.json -> Desktop/store/1761847712.json","logger":"task.stdout"}
{"timestamp":"2025-10-30T23:19:02.088908Z","level":"info","event":"Downloaded GOOGL/1761847718.json -> Desktop/store/1761847718.json","logger":"task.stdout"}
{"timestamp":"2025-10-30T23:19:02.093798Z","level":"info","event":"Downloaded GOOGL/1761847725.json -> Desktop/store/1761847725.json","logger":"task.stdout"}
{"timestamp":"2025-10-30T23:19:02.097336Z","level":"info","event":"Downloaded GOOGL/1761847731.json -> Desktop/store/1761847731.json","logger":"task.stdout"}
{"timestamp":"2025-10-30T23:19:02.101327Z","level":"info","event":"Downloaded GOOGL/1761847737.json -> Desktop/store/1761847737.json","logger":"task.stdout"}
{"timestamp":"2025-10-30T23:19:02.104991Z","level":"info","event":"Downloaded MSFT/1761599731.json -> Desktop/store/1761599731.json","logger":"task.stdout"}
{"timestamp":"2025-10-30T23:19:02.109496Z","level":"info","event":"Downloaded MSFT/1761599738.json -> Desktop/store/1761599738.json","logger":"task.stdout"}
{"timestamp":"2025-10-30T23:19:02.114123Z","level":"info","event":"Downloaded MSFT/1761599744.json -> Desktop/store/1761599744.json","logger":"task.stdout"}
{"timestamp":"2025-10-30T23:19:02.117874Z","level":"info","event":"Downloaded MSFT/1761599750.json -> Desktop/store/1761599750.json","logger":"task.stdout"}
{"timestamp":"2025-10-30T23:19:02.121387Z","level":"info","event":"Downloaded MSFT/1761599757.json -> Desktop/store/1761599757.json","logger":"task.stdout"}
{"timestamp":"2025-10-30T23:19:02.126671Z","level":"info","event":"Downloaded MSFT/1761599763.json -> Desktop/store/1761599763.json","logger":"task.stdout"}
{"timestamp":"2025-10-30T23:19:02.131367Z","level":"info","event":"Downloaded MSFT/1761846936.json -> Desktop/store/1761846936.json","logger":"task.stdout"}
{"timestamp":"2025-10-30T23:19:02.136055Z","level":"info","event":"Downloaded MSFT/1761846942.json -> Desktop/store/1761846942.json","logger":"task.stdout"}
{"timestamp":"2025-10-30T23:19:02.141813Z","level":"info","event":"Downloaded MSFT/1761846949.json -> Desktop/store/1761846949.json","logger":"task.stdout"}
{"timestamp":"2025-10-30T23:19:02.146587Z","level":"info","event":"Downloaded MSFT/1761846955.json -> Desktop/store/1761846955.json","logger":"task.stdout"}
{"timestamp":"2025-10-30T23:19:02.152133Z","level":"info","event":"Downloaded MSFT/1761847667.json -> Desktop/store/1761847667.json","logger":"task.stdout"}
{"timestamp":"2025-10-30T23:19:02.157686Z","level":"info","event":"Downloaded MSFT/1761847673.json -> Desktop/store/1761847673.json","logger":"task.stdout"}
{"timestamp":"2025-10-30T23:19:02.163595Z","level":"info","event":"Downloaded MSFT/1761847680.json -> Desktop/store/1761847680.json","logger":"task.stdout"}
{"timestamp":"2025-10-30T23:19:02.168658Z","level":"info","event":"Downloaded MSFT/1761847686.json -> Desktop/store/1761847686.json","logger":"task.stdout"}
{"timestamp":"2025-10-30T23:19:02.173148Z","level":"info","event":"Downloaded MSFT/1761847692.json -> Desktop/store/1761847692.json","logger":"task.stdout"}
{"timestamp":"2025-10-30T23:19:02.179304Z","level":"info","event":"Downloaded MSFT/1761847698.json -> Desktop/store/1761847698.json","logger":"task.stdout"}
{"timestamp":"2025-10-30T23:19:02.183964Z","level":"info","event":"Downloaded MSFT/1761847705.json -> Desktop/store/1761847705.json","logger":"task.stdout"}
{"timestamp":"2025-10-30T23:19:02.189193Z","level":"info","event":"Downloaded MSFT/1761847711.json -> Desktop/store/1761847711.json","logger":"task.stdout"}
{"timestamp":"2025-10-30T23:19:02.194353Z","level":"info","event":"Downloaded MSFT/1761847717.json -> Desktop/store/1761847717.json","logger":"task.stdout"}
{"timestamp":"2025-10-30T23:19:02.198489Z","level":"info","event":"Downloaded MSFT/1761847724.json -> Desktop/store/1761847724.json","logger":"task.stdout"}
{"timestamp":"2025-10-30T23:19:02.203268Z","level":"info","event":"Downloaded MSFT/1761847731.json -> Desktop/store/1761847731.json","logger":"task.stdout"}
{"timestamp":"2025-10-30T23:19:02.209582Z","level":"info","event":"Downloaded MSFT/1761847737.json -> Desktop/store/1761847737.json","logger":"task.stdout"}
{"timestamp":"2025-10-30T23:19:02.215165Z","level":"info","event":"Downloaded TSLA/1761599732.json -> Desktop/store/1761599732.json","logger":"task.stdout"}
{"timestamp":"2025-10-30T23:19:02.219228Z","level":"info","event":"Downloaded TSLA/1761599738.json -> Desktop/store/1761599738.json","logger":"task.stdout"}
{"timestamp":"2025-10-30T23:19:02.222580Z","level":"info","event":"Downloaded TSLA/1761599744.json -> Desktop/store/1761599744.json","logger":"task.stdout"}
{"timestamp":"2025-10-30T23:19:02.227753Z","level":"info","event":"Downloaded TSLA/1761599751.json -> Desktop/store/1761599751.json","logger":"task.stdout"}
{"timestamp":"2025-10-30T23:19:02.232753Z","level":"info","event":"Downloaded TSLA/1761599758.json -> Desktop/store/1761599758.json","logger":"task.stdout"}
{"timestamp":"2025-10-30T23:19:02.238878Z","level":"info","event":"Downloaded TSLA/1761599763.json -> Desktop/store/1761599763.json","logger":"task.stdout"}
{"timestamp":"2025-10-30T23:19:02.244735Z","level":"info","event":"Downloaded TSLA/1761846936.json -> Desktop/store/1761846936.json","logger":"task.stdout"}
{"timestamp":"2025-10-30T23:19:02.249123Z","level":"info","event":"Downloaded TSLA/1761846942.json -> Desktop/store/1761846942.json","logger":"task.stdout"}
{"timestamp":"2025-10-30T23:19:02.252878Z","level":"info","event":"Downloaded TSLA/1761846949.json -> Desktop/store/1761846949.json","logger":"task.stdout"}
{"timestamp":"2025-10-30T23:19:02.256097Z","level":"info","event":"Downloaded TSLA/1761846955.json -> Desktop/store/1761846955.json","logger":"task.stdout"}
{"timestamp":"2025-10-30T23:19:02.260600Z","level":"info","event":"Downloaded TSLA/1761847667.json -> Desktop/store/1761847667.json","logger":"task.stdout"}
{"timestamp":"2025-10-30T23:19:02.264131Z","level":"info","event":"Downloaded TSLA/1761847674.json -> Desktop/store/1761847674.json","logger":"task.stdout"}
{"timestamp":"2025-10-30T23:19:02.267790Z","level":"info","event":"Downloaded TSLA/1761847680.json -> Desktop/store/1761847680.json","logger":"task.stdout"}
{"timestamp":"2025-10-30T23:19:02.271331Z","level":"info","event":"Downloaded TSLA/1761847686.json -> Desktop/store/1761847686.json","logger":"task.stdout"}
{"timestamp":"2025-10-30T23:19:02.275572Z","level":"info","event":"Downloaded TSLA/1761847692.json -> Desktop/store/1761847692.json","logger":"task.stdout"}
{"timestamp":"2025-10-30T23:19:02.279517Z","level":"info","event":"Downloaded TSLA/1761847698.json -> Desktop/store/1761847698.json","logger":"task.stdout"}
{"timestamp":"2025-10-30T23:19:02.282705Z","level":"info","event":"Downloaded TSLA/1761847705.json -> Desktop/store/1761847705.json","logger":"task.stdout"}
{"timestamp":"2025-10-30T23:19:02.286518Z","level":"info","event":"Downloaded TSLA/1761847711.json -> Desktop/store/1761847711.json","logger":"task.stdout"}
{"timestamp":"2025-10-30T23:19:02.289606Z","level":"info","event":"Downloaded TSLA/1761847718.json -> Desktop/store/1761847718.json","logger":"task.stdout"}
{"timestamp":"2025-10-30T23:19:02.294248Z","level":"info","event":"Downloaded TSLA/1761847725.json -> Desktop/store/1761847725.json","logger":"task.stdout"}
{"timestamp":"2025-10-30T23:19:02.297901Z","level":"info","event":"Downloaded TSLA/1761847731.json -> Desktop/store/1761847731.json","logger":"task.stdout"}
{"timestamp":"2025-10-30T23:19:02.301252Z","level":"info","event":"Downloaded TSLA/1761847737.json -> Desktop/store/1761847737.json","logger":"task.stdout"}
{"timestamp":"2025-10-30T23:19:02.301730Z","level":"info","event":"Done. Returned value was: ['Desktop/store/1761599731.json', 'Desktop/store/1761599737.json', 'Desktop/store/1761599743.json', 'Desktop/store/1761599750.json', 'Desktop/store/1761599757.json', 'Desktop/store/1761599763.json', 'Desktop/store/1761846936.json', 'Desktop/store/1761846942.json', 'Desktop/store/1761846949.json', 'Desktop/store/1761846955.json', 'Desktop/store/1761847667.json', 'Desktop/store/1761847673.json', 'Desktop/store/1761847679.json', 'Desktop/store/1761847686.json', 'Desktop/store/1761847692.json', 'Desktop/store/1761847698.json', 'Desktop/store/1761847704.json', 'Desktop/store/1761847711.json', 'Desktop/store/1761847717.json', 'Desktop/store/1761847724.json', 'Desktop/store/1761847730.json', 'Desktop/store/1761847737.json', 'Desktop/store/1761599732.json', 'Desktop/store/1761599738.json', 'Desktop/store/1761599745.json', 'Desktop/store/1761599751.json', 'Desktop/store/1761599758.json', 'Desktop/store/1761599764.json', 'Desktop/store/1761846937.json', 'Desktop/store/1761846943.json', 'Desktop/store/1761846950.json', 'Desktop/store/1761846956.json', 'Desktop/store/1761847668.json', 'Desktop/store/1761847674.json', 'Desktop/store/1761847680.json', 'Desktop/store/1761847687.json', 'Desktop/store/1761847693.json', 'Desktop/store/1761847699.json', 'Desktop/store/1761847706.json', 'Desktop/store/1761847712.json', 'Desktop/store/1761847718.json', 'Desktop/store/1761847725.json', 'Desktop/store/1761847731.json', 'Desktop/store/1761847738.json', 'Desktop/store/1761599732.json', 'Desktop/store/1761599738.json', 'Desktop/store/1761599744.json', 'Desktop/store/1761599751.json', 'Desktop/store/1761599758.json', 'Desktop/store/1761599763.json', 'Desktop/store/1761846936.json', 'Desktop/store/1761846943.json', 'Desktop/store/1761846949.json', 'Desktop/store/1761846956.json', 'Desktop/store/1761847668.json', 'Desktop/store/1761847674.json', 'Desktop/store/1761847680.json', 'Desktop/store/1761847686.json', 'Desktop/store/1761847693.json', 'Desktop/store/1761847698.json', 'Desktop/store/1761847705.json', 'Desktop/store/1761847712.json', 'Desktop/store/1761847718.json', 'Desktop/store/1761847725.json', 'Desktop/store/1761847731.json', 'Desktop/store/1761847737.json', 'Desktop/store/1761599731.json', 'Desktop/store/1761599738.json', 'Desktop/store/1761599744.json', 'Desktop/store/1761599750.json', 'Desktop/store/1761599757.json', 'Desktop/store/1761599763.json', 'Desktop/store/1761846936.json', 'Desktop/store/1761846942.json', 'Desktop/store/1761846949.json', 'Desktop/store/1761846955.json', 'Desktop/store/1761847667.json', 'Desktop/store/1761847673.json', 'Desktop/store/1761847680.json', 'Desktop/store/1761847686.json', 'Desktop/store/1761847692.json', 'Desktop/store/1761847698.json', 'Desktop/store/1761847705.json', 'Desktop/store/1761847711.json', 'Desktop/store/1761847717.json', 'Desktop/store/1761847724.json', 'Desktop/store/1761847731.json', 'Desktop/store/1761847737.json', 'Desktop/store/1761599732.json', 'Desktop/store/1761599738.json', 'Desktop/store/1761599744.json', 'Desktop/store/1761599751.json', 'Desktop/store/1761599758.json', 'Desktop/store/1761599763.json', 'Desktop/store/1761846936.json', 'Desktop/store/1761846942.json', 'Desktop/store/1761846949.json', 'Desktop/store/1761846955.json', 'Desktop/store/1761847667.json', 'Desktop/store/1761847674.json', 'Desktop/store/1761847680.json', 'Desktop/store/1761847686.json', 'Desktop/store/1761847692.json', 'Desktop/store/1761847698.json', 'Desktop/store/1761847705.json', 'Desktop/store/1761847711.json', 'Desktop/store/1761847718.json', 'Desktop/store/1761847725.json', 'Desktop/store/1761847731.json', 'Desktop/store/1761847737.json']","logger":"airflow.task.operators.airflow.providers.standard.operators.python.PythonOperator","filename":"python.py","lineno":218}
{"timestamp":"2025-10-30T23:19:02.302136Z","level":"info","event":"Pushing xcom","ti":"RuntimeTaskInstance(id=UUID('019a376a-d885-758d-a7a7-73031681b336'), task_id='download_minio', dag_id='minio_to_snowflake', run_id='scheduled__2025-10-30T23:19:00+00:00', try_number=1, dag_version_id=UUID('019a3767-e984-7677-ba1e-e15a2b71a556'), map_index=-1, hostname='dac11b45d92b', context_carrier={}, task=<Task(PythonOperator): download_minio>, bundle_instance=LocalDagBundle(name=dags-folder), max_tries=1, start_date=datetime.datetime(2025, 10, 30, 23, 19, 0, 685425, tzinfo=datetime.timezone.utc), end_date=None, state=<TaskInstanceState.RUNNING: 'running'>, is_mapped=False, rendered_map_index=None)","logger":"task","filename":"task_runner.py","lineno":1352}
