{"timestamp":"2025-10-30T23:18:02.584445Z","level":"info","event":"DAG bundles loaded: dags-folder","logger":"airflow.dag_processing.bundles.manager.DagBundlesManager","filename":"manager.py","lineno":179}
{"timestamp":"2025-10-30T23:18:02.584859Z","level":"info","event":"Filling up the DagBag from /opt/airflow/dags/minio_to_snowflake.py","logger":"airflow.models.dagbag.DagBag","filename":"dagbag.py","lineno":593}
{"timestamp":"2025-10-30T23:18:03.169021Z","level":"warning","event":"The `airflow.operators.python.PythonOperator` attribute is deprecated. Please use `'airflow.providers.standard.operators.python.PythonOperator'`.","category":"DeprecatedImportWarning","filename":"/opt/airflow/dags/minio_to_snowflake.py","lineno":18,"logger":"py.warnings"}
{"timestamp":"2025-10-30T23:18:03.195208Z","level":"info","event":"Snowflake Connector for Python Version: 3.18.0, Python Version: 3.12.12, Platform: Linux-6.10.14-linuxkit-aarch64-with-glibc2.36","logger":"snowflake.connector.connection","filename":"connection.py","lineno":521}
{"timestamp":"2025-10-30T23:18:03.195690Z","level":"info","event":"Connecting to GLOBAL Snowflake domain","logger":"snowflake.connector.connection","filename":"connection.py","lineno":1464}
{"timestamp":"2025-10-30T23:18:06.407796Z","level":"info","event":"Uploaded Desktop/store/1761599731.json to Snowflake stage","logger":"task.stdout"}
{"timestamp":"2025-10-30T23:18:06.565769Z","level":"info","event":"Uploaded Desktop/store/1761599737.json to Snowflake stage","logger":"task.stdout"}
{"timestamp":"2025-10-30T23:18:06.734903Z","level":"info","event":"Uploaded Desktop/store/1761599743.json to Snowflake stage","logger":"task.stdout"}
{"timestamp":"2025-10-30T23:18:06.870546Z","level":"info","event":"Uploaded Desktop/store/1761599750.json to Snowflake stage","logger":"task.stdout"}
{"timestamp":"2025-10-30T23:18:07.009048Z","level":"info","event":"Uploaded Desktop/store/1761599757.json to Snowflake stage","logger":"task.stdout"}
{"timestamp":"2025-10-30T23:18:07.147214Z","level":"info","event":"Uploaded Desktop/store/1761599763.json to Snowflake stage","logger":"task.stdout"}
{"timestamp":"2025-10-30T23:18:07.272011Z","level":"info","event":"Uploaded Desktop/store/1761846936.json to Snowflake stage","logger":"task.stdout"}
{"timestamp":"2025-10-30T23:18:07.403667Z","level":"info","event":"Uploaded Desktop/store/1761846942.json to Snowflake stage","logger":"task.stdout"}
{"timestamp":"2025-10-30T23:18:07.531730Z","level":"info","event":"Uploaded Desktop/store/1761846949.json to Snowflake stage","logger":"task.stdout"}
{"timestamp":"2025-10-30T23:18:07.653978Z","level":"info","event":"Uploaded Desktop/store/1761846955.json to Snowflake stage","logger":"task.stdout"}
{"timestamp":"2025-10-30T23:18:07.781380Z","level":"info","event":"Uploaded Desktop/store/1761847667.json to Snowflake stage","logger":"task.stdout"}
{"timestamp":"2025-10-30T23:18:07.906856Z","level":"info","event":"Uploaded Desktop/store/1761847673.json to Snowflake stage","logger":"task.stdout"}
{"timestamp":"2025-10-30T23:18:08.044874Z","level":"info","event":"Uploaded Desktop/store/1761847679.json to Snowflake stage","logger":"task.stdout"}
{"timestamp":"2025-10-30T23:18:08.194072Z","level":"info","event":"Uploaded Desktop/store/1761847686.json to Snowflake stage","logger":"task.stdout"}
{"timestamp":"2025-10-30T23:18:08.337585Z","level":"info","event":"Uploaded Desktop/store/1761847692.json to Snowflake stage","logger":"task.stdout"}
{"timestamp":"2025-10-30T23:18:08.511888Z","level":"info","event":"Uploaded Desktop/store/1761847698.json to Snowflake stage","logger":"task.stdout"}
{"timestamp":"2025-10-30T23:18:08.671799Z","level":"info","event":"Uploaded Desktop/store/1761847704.json to Snowflake stage","logger":"task.stdout"}
{"timestamp":"2025-10-30T23:18:08.830792Z","level":"info","event":"Uploaded Desktop/store/1761847711.json to Snowflake stage","logger":"task.stdout"}
{"timestamp":"2025-10-30T23:18:08.996747Z","level":"info","event":"Uploaded Desktop/store/1761847717.json to Snowflake stage","logger":"task.stdout"}
{"timestamp":"2025-10-30T23:18:09.139738Z","level":"info","event":"Uploaded Desktop/store/1761847724.json to Snowflake stage","logger":"task.stdout"}
{"timestamp":"2025-10-30T23:18:09.300635Z","level":"info","event":"Uploaded Desktop/store/1761847730.json to Snowflake stage","logger":"task.stdout"}
{"timestamp":"2025-10-30T23:18:09.445203Z","level":"info","event":"Uploaded Desktop/store/1761847737.json to Snowflake stage","logger":"task.stdout"}
{"timestamp":"2025-10-30T23:18:09.638428Z","level":"info","event":"Uploaded Desktop/store/1761599732.json to Snowflake stage","logger":"task.stdout"}
{"timestamp":"2025-10-30T23:18:09.786533Z","level":"info","event":"Uploaded Desktop/store/1761599738.json to Snowflake stage","logger":"task.stdout"}
{"timestamp":"2025-10-30T23:18:09.934887Z","level":"info","event":"Uploaded Desktop/store/1761599745.json to Snowflake stage","logger":"task.stdout"}
{"timestamp":"2025-10-30T23:18:10.059272Z","level":"info","event":"Uploaded Desktop/store/1761599751.json to Snowflake stage","logger":"task.stdout"}
{"timestamp":"2025-10-30T23:18:10.182954Z","level":"info","event":"Uploaded Desktop/store/1761599758.json to Snowflake stage","logger":"task.stdout"}
{"timestamp":"2025-10-30T23:18:10.322722Z","level":"info","event":"Uploaded Desktop/store/1761599764.json to Snowflake stage","logger":"task.stdout"}
{"timestamp":"2025-10-30T23:18:10.455056Z","level":"info","event":"Uploaded Desktop/store/1761846937.json to Snowflake stage","logger":"task.stdout"}
{"timestamp":"2025-10-30T23:18:10.617920Z","level":"info","event":"Uploaded Desktop/store/1761846943.json to Snowflake stage","logger":"task.stdout"}
{"timestamp":"2025-10-30T23:18:10.745980Z","level":"info","event":"Uploaded Desktop/store/1761846950.json to Snowflake stage","logger":"task.stdout"}
{"timestamp":"2025-10-30T23:18:10.921137Z","level":"info","event":"Uploaded Desktop/store/1761846956.json to Snowflake stage","logger":"task.stdout"}
{"timestamp":"2025-10-30T23:18:11.049691Z","level":"info","event":"Uploaded Desktop/store/1761847668.json to Snowflake stage","logger":"task.stdout"}
{"timestamp":"2025-10-30T23:18:11.188055Z","level":"info","event":"Uploaded Desktop/store/1761847674.json to Snowflake stage","logger":"task.stdout"}
{"timestamp":"2025-10-30T23:18:11.331267Z","level":"info","event":"Uploaded Desktop/store/1761847680.json to Snowflake stage","logger":"task.stdout"}
{"timestamp":"2025-10-30T23:18:11.597544Z","level":"info","event":"Uploaded Desktop/store/1761847687.json to Snowflake stage","logger":"task.stdout"}
{"timestamp":"2025-10-30T23:18:11.742301Z","level":"info","event":"Uploaded Desktop/store/1761847693.json to Snowflake stage","logger":"task.stdout"}
{"timestamp":"2025-10-30T23:18:11.919875Z","level":"info","event":"Uploaded Desktop/store/1761847699.json to Snowflake stage","logger":"task.stdout"}
{"timestamp":"2025-10-30T23:18:12.076960Z","level":"info","event":"Uploaded Desktop/store/1761847706.json to Snowflake stage","logger":"task.stdout"}
{"timestamp":"2025-10-30T23:18:12.256093Z","level":"info","event":"Uploaded Desktop/store/1761847712.json to Snowflake stage","logger":"task.stdout"}
{"timestamp":"2025-10-30T23:18:12.429664Z","level":"info","event":"Uploaded Desktop/store/1761847718.json to Snowflake stage","logger":"task.stdout"}
{"timestamp":"2025-10-30T23:18:12.545078Z","level":"info","event":"Uploaded Desktop/store/1761847725.json to Snowflake stage","logger":"task.stdout"}
{"timestamp":"2025-10-30T23:18:12.683353Z","level":"info","event":"Uploaded Desktop/store/1761847731.json to Snowflake stage","logger":"task.stdout"}
{"timestamp":"2025-10-30T23:18:12.833175Z","level":"info","event":"Uploaded Desktop/store/1761847738.json to Snowflake stage","logger":"task.stdout"}
{"timestamp":"2025-10-30T23:18:12.971700Z","level":"info","event":"Uploaded Desktop/store/1761599732.json to Snowflake stage","logger":"task.stdout"}
{"timestamp":"2025-10-30T23:18:13.093404Z","level":"info","event":"Uploaded Desktop/store/1761599738.json to Snowflake stage","logger":"task.stdout"}
{"timestamp":"2025-10-30T23:18:13.264510Z","level":"info","event":"Uploaded Desktop/store/1761599744.json to Snowflake stage","logger":"task.stdout"}
{"timestamp":"2025-10-30T23:18:13.399257Z","level":"info","event":"Uploaded Desktop/store/1761599751.json to Snowflake stage","logger":"task.stdout"}
{"timestamp":"2025-10-30T23:18:13.533353Z","level":"info","event":"Uploaded Desktop/store/1761599758.json to Snowflake stage","logger":"task.stdout"}
{"timestamp":"2025-10-30T23:18:13.672247Z","level":"info","event":"Uploaded Desktop/store/1761599763.json to Snowflake stage","logger":"task.stdout"}
{"timestamp":"2025-10-30T23:18:13.963579Z","level":"info","event":"Uploaded Desktop/store/1761846936.json to Snowflake stage","logger":"task.stdout"}
{"timestamp":"2025-10-30T23:18:14.111738Z","level":"info","event":"Uploaded Desktop/store/1761846943.json to Snowflake stage","logger":"task.stdout"}
{"timestamp":"2025-10-30T23:18:14.280014Z","level":"info","event":"Uploaded Desktop/store/1761846949.json to Snowflake stage","logger":"task.stdout"}
{"timestamp":"2025-10-30T23:18:14.399846Z","level":"info","event":"Uploaded Desktop/store/1761846956.json to Snowflake stage","logger":"task.stdout"}
{"timestamp":"2025-10-30T23:18:14.532557Z","level":"info","event":"Uploaded Desktop/store/1761847668.json to Snowflake stage","logger":"task.stdout"}
{"timestamp":"2025-10-30T23:18:14.675045Z","level":"info","event":"Uploaded Desktop/store/1761847674.json to Snowflake stage","logger":"task.stdout"}
{"timestamp":"2025-10-30T23:18:14.837919Z","level":"info","event":"Uploaded Desktop/store/1761847680.json to Snowflake stage","logger":"task.stdout"}
{"timestamp":"2025-10-30T23:18:14.980732Z","level":"info","event":"Uploaded Desktop/store/1761847686.json to Snowflake stage","logger":"task.stdout"}
{"timestamp":"2025-10-30T23:18:15.138035Z","level":"info","event":"Uploaded Desktop/store/1761847693.json to Snowflake stage","logger":"task.stdout"}
{"timestamp":"2025-10-30T23:18:15.263903Z","level":"info","event":"Uploaded Desktop/store/1761847698.json to Snowflake stage","logger":"task.stdout"}
{"timestamp":"2025-10-30T23:18:15.414345Z","level":"info","event":"Uploaded Desktop/store/1761847705.json to Snowflake stage","logger":"task.stdout"}
{"timestamp":"2025-10-30T23:18:15.567118Z","level":"info","event":"Uploaded Desktop/store/1761847712.json to Snowflake stage","logger":"task.stdout"}
{"timestamp":"2025-10-30T23:18:15.707555Z","level":"info","event":"Uploaded Desktop/store/1761847718.json to Snowflake stage","logger":"task.stdout"}
{"timestamp":"2025-10-30T23:18:15.859519Z","level":"info","event":"Uploaded Desktop/store/1761847725.json to Snowflake stage","logger":"task.stdout"}
{"timestamp":"2025-10-30T23:18:16.005159Z","level":"info","event":"Uploaded Desktop/store/1761847731.json to Snowflake stage","logger":"task.stdout"}
{"timestamp":"2025-10-30T23:18:16.146599Z","level":"info","event":"Uploaded Desktop/store/1761847737.json to Snowflake stage","logger":"task.stdout"}
{"timestamp":"2025-10-30T23:18:16.295227Z","level":"info","event":"Uploaded Desktop/store/1761599731.json to Snowflake stage","logger":"task.stdout"}
{"timestamp":"2025-10-30T23:18:16.443804Z","level":"info","event":"Uploaded Desktop/store/1761599738.json to Snowflake stage","logger":"task.stdout"}
{"timestamp":"2025-10-30T23:18:16.616761Z","level":"info","event":"Uploaded Desktop/store/1761599744.json to Snowflake stage","logger":"task.stdout"}
{"timestamp":"2025-10-30T23:18:16.768600Z","level":"info","event":"Uploaded Desktop/store/1761599750.json to Snowflake stage","logger":"task.stdout"}
{"timestamp":"2025-10-30T23:18:16.979512Z","level":"info","event":"Uploaded Desktop/store/1761599757.json to Snowflake stage","logger":"task.stdout"}
{"timestamp":"2025-10-30T23:18:17.143943Z","level":"info","event":"Uploaded Desktop/store/1761599763.json to Snowflake stage","logger":"task.stdout"}
{"timestamp":"2025-10-30T23:18:17.301645Z","level":"info","event":"Uploaded Desktop/store/1761846936.json to Snowflake stage","logger":"task.stdout"}
{"timestamp":"2025-10-30T23:18:17.442760Z","level":"info","event":"Uploaded Desktop/store/1761846942.json to Snowflake stage","logger":"task.stdout"}
{"timestamp":"2025-10-30T23:18:17.580646Z","level":"info","event":"Uploaded Desktop/store/1761846949.json to Snowflake stage","logger":"task.stdout"}
{"timestamp":"2025-10-30T23:18:17.760136Z","level":"info","event":"Uploaded Desktop/store/1761846955.json to Snowflake stage","logger":"task.stdout"}
{"timestamp":"2025-10-30T23:18:17.914148Z","level":"info","event":"Uploaded Desktop/store/1761847667.json to Snowflake stage","logger":"task.stdout"}
{"timestamp":"2025-10-30T23:18:18.068837Z","level":"info","event":"Uploaded Desktop/store/1761847673.json to Snowflake stage","logger":"task.stdout"}
{"timestamp":"2025-10-30T23:18:18.204329Z","level":"info","event":"Uploaded Desktop/store/1761847680.json to Snowflake stage","logger":"task.stdout"}
{"timestamp":"2025-10-30T23:18:18.361933Z","level":"info","event":"Uploaded Desktop/store/1761847686.json to Snowflake stage","logger":"task.stdout"}
{"timestamp":"2025-10-30T23:18:18.545654Z","level":"info","event":"Uploaded Desktop/store/1761847692.json to Snowflake stage","logger":"task.stdout"}
{"timestamp":"2025-10-30T23:18:18.689251Z","level":"info","event":"Uploaded Desktop/store/1761847698.json to Snowflake stage","logger":"task.stdout"}
{"timestamp":"2025-10-30T23:18:18.851341Z","level":"info","event":"Uploaded Desktop/store/1761847705.json to Snowflake stage","logger":"task.stdout"}
{"timestamp":"2025-10-30T23:18:18.988154Z","level":"info","event":"Uploaded Desktop/store/1761847711.json to Snowflake stage","logger":"task.stdout"}
{"timestamp":"2025-10-30T23:18:19.173564Z","level":"info","event":"Uploaded Desktop/store/1761847717.json to Snowflake stage","logger":"task.stdout"}
{"timestamp":"2025-10-30T23:18:19.341735Z","level":"info","event":"Uploaded Desktop/store/1761847724.json to Snowflake stage","logger":"task.stdout"}
{"timestamp":"2025-10-30T23:18:19.479573Z","level":"info","event":"Uploaded Desktop/store/1761847731.json to Snowflake stage","logger":"task.stdout"}
{"timestamp":"2025-10-30T23:18:19.631546Z","level":"info","event":"Uploaded Desktop/store/1761847737.json to Snowflake stage","logger":"task.stdout"}
{"timestamp":"2025-10-30T23:18:19.768947Z","level":"info","event":"Uploaded Desktop/store/1761599732.json to Snowflake stage","logger":"task.stdout"}
{"timestamp":"2025-10-30T23:18:19.898807Z","level":"info","event":"Uploaded Desktop/store/1761599738.json to Snowflake stage","logger":"task.stdout"}
{"timestamp":"2025-10-30T23:18:20.073427Z","level":"info","event":"Uploaded Desktop/store/1761599744.json to Snowflake stage","logger":"task.stdout"}
{"timestamp":"2025-10-30T23:18:20.206047Z","level":"info","event":"Uploaded Desktop/store/1761599751.json to Snowflake stage","logger":"task.stdout"}
{"timestamp":"2025-10-30T23:18:20.353728Z","level":"info","event":"Uploaded Desktop/store/1761599758.json to Snowflake stage","logger":"task.stdout"}
{"timestamp":"2025-10-30T23:18:20.476453Z","level":"info","event":"Uploaded Desktop/store/1761599763.json to Snowflake stage","logger":"task.stdout"}
{"timestamp":"2025-10-30T23:18:20.605184Z","level":"info","event":"Uploaded Desktop/store/1761846936.json to Snowflake stage","logger":"task.stdout"}
{"timestamp":"2025-10-30T23:18:20.743266Z","level":"info","event":"Uploaded Desktop/store/1761846942.json to Snowflake stage","logger":"task.stdout"}
{"timestamp":"2025-10-30T23:18:20.880044Z","level":"info","event":"Uploaded Desktop/store/1761846949.json to Snowflake stage","logger":"task.stdout"}
{"timestamp":"2025-10-30T23:18:21.022025Z","level":"info","event":"Uploaded Desktop/store/1761846955.json to Snowflake stage","logger":"task.stdout"}
{"timestamp":"2025-10-30T23:18:21.167239Z","level":"info","event":"Uploaded Desktop/store/1761847667.json to Snowflake stage","logger":"task.stdout"}
{"timestamp":"2025-10-30T23:18:21.308784Z","level":"info","event":"Uploaded Desktop/store/1761847674.json to Snowflake stage","logger":"task.stdout"}
{"timestamp":"2025-10-30T23:18:21.585011Z","level":"info","event":"Uploaded Desktop/store/1761847680.json to Snowflake stage","logger":"task.stdout"}
{"timestamp":"2025-10-30T23:18:21.718399Z","level":"info","event":"Uploaded Desktop/store/1761847686.json to Snowflake stage","logger":"task.stdout"}
{"timestamp":"2025-10-30T23:18:21.854760Z","level":"info","event":"Uploaded Desktop/store/1761847692.json to Snowflake stage","logger":"task.stdout"}
{"timestamp":"2025-10-30T23:18:22.016416Z","level":"info","event":"Uploaded Desktop/store/1761847698.json to Snowflake stage","logger":"task.stdout"}
{"timestamp":"2025-10-30T23:18:22.170633Z","level":"info","event":"Uploaded Desktop/store/1761847705.json to Snowflake stage","logger":"task.stdout"}
{"timestamp":"2025-10-30T23:18:22.300899Z","level":"info","event":"Uploaded Desktop/store/1761847711.json to Snowflake stage","logger":"task.stdout"}
{"timestamp":"2025-10-30T23:18:22.444193Z","level":"info","event":"Uploaded Desktop/store/1761847718.json to Snowflake stage","logger":"task.stdout"}
{"timestamp":"2025-10-30T23:18:22.660773Z","level":"info","event":"Uploaded Desktop/store/1761847725.json to Snowflake stage","logger":"task.stdout"}
{"timestamp":"2025-10-30T23:18:22.838285Z","level":"info","event":"Uploaded Desktop/store/1761847731.json to Snowflake stage","logger":"task.stdout"}
{"timestamp":"2025-10-30T23:18:23.010840Z","level":"info","event":"Uploaded Desktop/store/1761847737.json to Snowflake stage","logger":"task.stdout"}
{"timestamp":"2025-10-30T23:18:23.530951Z","level":"info","event":"COPY INTO executed","logger":"task.stdout"}
{"timestamp":"2025-10-30T23:18:23.625212Z","level":"info","event":"Done. Returned value was: None","logger":"airflow.task.operators.airflow.providers.standard.operators.python.PythonOperator","filename":"python.py","lineno":218}
