{"timestamp":"2025-10-30T23:19:03.055807Z","level":"info","event":"DAG bundles loaded: dags-folder","logger":"airflow.dag_processing.bundles.manager.DagBundlesManager","filename":"manager.py","lineno":179}
{"timestamp":"2025-10-30T23:19:03.056585Z","level":"info","event":"Filling up the DagBag from /opt/airflow/dags/minio_to_snowflake.py","logger":"airflow.models.dagbag.DagBag","filename":"dagbag.py","lineno":593}
{"timestamp":"2025-10-30T23:19:04.228061Z","level":"warning","event":"The `airflow.operators.python.PythonOperator` attribute is deprecated. Please use `'airflow.providers.standard.operators.python.PythonOperator'`.","category":"DeprecatedImportWarning","filename":"/opt/airflow/dags/minio_to_snowflake.py","lineno":18,"logger":"py.warnings"}
{"timestamp":"2025-10-30T23:19:04.330054Z","level":"info","event":"Snowflake Connector for Python Version: 3.18.0, Python Version: 3.12.12, Platform: Linux-6.10.14-linuxkit-aarch64-with-glibc2.36","logger":"snowflake.connector.connection","filename":"connection.py","lineno":521}
{"timestamp":"2025-10-30T23:19:04.330652Z","level":"info","event":"Connecting to GLOBAL Snowflake domain","logger":"snowflake.connector.connection","filename":"connection.py","lineno":1464}
{"timestamp":"2025-10-30T23:19:06.611254Z","level":"info","event":"Uploaded Desktop/store/1761599731.json to Snowflake stage","logger":"task.stdout"}
{"timestamp":"2025-10-30T23:19:06.737480Z","level":"info","event":"Uploaded Desktop/store/1761599737.json to Snowflake stage","logger":"task.stdout"}
{"timestamp":"2025-10-30T23:19:06.880789Z","level":"info","event":"Uploaded Desktop/store/1761599743.json to Snowflake stage","logger":"task.stdout"}
{"timestamp":"2025-10-30T23:19:07.017159Z","level":"info","event":"Uploaded Desktop/store/1761599750.json to Snowflake stage","logger":"task.stdout"}
{"timestamp":"2025-10-30T23:19:07.168630Z","level":"info","event":"Uploaded Desktop/store/1761599757.json to Snowflake stage","logger":"task.stdout"}
{"timestamp":"2025-10-30T23:19:07.327668Z","level":"info","event":"Uploaded Desktop/store/1761599763.json to Snowflake stage","logger":"task.stdout"}
{"timestamp":"2025-10-30T23:19:07.454640Z","level":"info","event":"Uploaded Desktop/store/1761846936.json to Snowflake stage","logger":"task.stdout"}
{"timestamp":"2025-10-30T23:19:07.646878Z","level":"info","event":"Uploaded Desktop/store/1761846942.json to Snowflake stage","logger":"task.stdout"}
{"timestamp":"2025-10-30T23:19:07.767778Z","level":"info","event":"Uploaded Desktop/store/1761846949.json to Snowflake stage","logger":"task.stdout"}
{"timestamp":"2025-10-30T23:19:07.925993Z","level":"info","event":"Uploaded Desktop/store/1761846955.json to Snowflake stage","logger":"task.stdout"}
{"timestamp":"2025-10-30T23:19:08.065017Z","level":"info","event":"Uploaded Desktop/store/1761847667.json to Snowflake stage","logger":"task.stdout"}
{"timestamp":"2025-10-30T23:19:08.200962Z","level":"info","event":"Uploaded Desktop/store/1761847673.json to Snowflake stage","logger":"task.stdout"}
{"timestamp":"2025-10-30T23:19:08.346590Z","level":"info","event":"Uploaded Desktop/store/1761847679.json to Snowflake stage","logger":"task.stdout"}
{"timestamp":"2025-10-30T23:19:08.478970Z","level":"info","event":"Uploaded Desktop/store/1761847686.json to Snowflake stage","logger":"task.stdout"}
{"timestamp":"2025-10-30T23:19:08.640769Z","level":"info","event":"Uploaded Desktop/store/1761847692.json to Snowflake stage","logger":"task.stdout"}
{"timestamp":"2025-10-30T23:19:08.813246Z","level":"info","event":"Uploaded Desktop/store/1761847698.json to Snowflake stage","logger":"task.stdout"}
{"timestamp":"2025-10-30T23:19:08.967067Z","level":"info","event":"Uploaded Desktop/store/1761847704.json to Snowflake stage","logger":"task.stdout"}
{"timestamp":"2025-10-30T23:19:09.147583Z","level":"info","event":"Uploaded Desktop/store/1761847711.json to Snowflake stage","logger":"task.stdout"}
{"timestamp":"2025-10-30T23:19:09.323967Z","level":"info","event":"Uploaded Desktop/store/1761847717.json to Snowflake stage","logger":"task.stdout"}
{"timestamp":"2025-10-30T23:19:09.454891Z","level":"info","event":"Uploaded Desktop/store/1761847724.json to Snowflake stage","logger":"task.stdout"}
{"timestamp":"2025-10-30T23:19:09.643886Z","level":"info","event":"Uploaded Desktop/store/1761847730.json to Snowflake stage","logger":"task.stdout"}
{"timestamp":"2025-10-30T23:19:09.781992Z","level":"info","event":"Uploaded Desktop/store/1761847737.json to Snowflake stage","logger":"task.stdout"}
{"timestamp":"2025-10-30T23:19:09.947152Z","level":"info","event":"Uploaded Desktop/store/1761599732.json to Snowflake stage","logger":"task.stdout"}
{"timestamp":"2025-10-30T23:19:10.121760Z","level":"info","event":"Uploaded Desktop/store/1761599738.json to Snowflake stage","logger":"task.stdout"}
{"timestamp":"2025-10-30T23:19:10.287251Z","level":"info","event":"Uploaded Desktop/store/1761599745.json to Snowflake stage","logger":"task.stdout"}
{"timestamp":"2025-10-30T23:19:10.413890Z","level":"info","event":"Uploaded Desktop/store/1761599751.json to Snowflake stage","logger":"task.stdout"}
{"timestamp":"2025-10-30T23:19:10.595921Z","level":"info","event":"Uploaded Desktop/store/1761599758.json to Snowflake stage","logger":"task.stdout"}
{"timestamp":"2025-10-30T23:19:10.729016Z","level":"info","event":"Uploaded Desktop/store/1761599764.json to Snowflake stage","logger":"task.stdout"}
{"timestamp":"2025-10-30T23:19:10.863925Z","level":"info","event":"Uploaded Desktop/store/1761846937.json to Snowflake stage","logger":"task.stdout"}
{"timestamp":"2025-10-30T23:19:10.989715Z","level":"info","event":"Uploaded Desktop/store/1761846943.json to Snowflake stage","logger":"task.stdout"}
{"timestamp":"2025-10-30T23:19:11.157517Z","level":"info","event":"Uploaded Desktop/store/1761846950.json to Snowflake stage","logger":"task.stdout"}
{"timestamp":"2025-10-30T23:19:11.304184Z","level":"info","event":"Uploaded Desktop/store/1761846956.json to Snowflake stage","logger":"task.stdout"}
{"timestamp":"2025-10-30T23:19:11.437366Z","level":"info","event":"Uploaded Desktop/store/1761847668.json to Snowflake stage","logger":"task.stdout"}
{"timestamp":"2025-10-30T23:19:11.582462Z","level":"info","event":"Uploaded Desktop/store/1761847674.json to Snowflake stage","logger":"task.stdout"}
{"timestamp":"2025-10-30T23:19:11.752803Z","level":"info","event":"Uploaded Desktop/store/1761847680.json to Snowflake stage","logger":"task.stdout"}
{"timestamp":"2025-10-30T23:19:11.884144Z","level":"info","event":"Uploaded Desktop/store/1761847687.json to Snowflake stage","logger":"task.stdout"}
{"timestamp":"2025-10-30T23:19:12.011595Z","level":"info","event":"Uploaded Desktop/store/1761847693.json to Snowflake stage","logger":"task.stdout"}
{"timestamp":"2025-10-30T23:19:12.154118Z","level":"info","event":"Uploaded Desktop/store/1761847699.json to Snowflake stage","logger":"task.stdout"}
{"timestamp":"2025-10-30T23:19:12.312865Z","level":"info","event":"Uploaded Desktop/store/1761847706.json to Snowflake stage","logger":"task.stdout"}
{"timestamp":"2025-10-30T23:19:12.449473Z","level":"info","event":"Uploaded Desktop/store/1761847712.json to Snowflake stage","logger":"task.stdout"}
{"timestamp":"2025-10-30T23:19:12.613798Z","level":"info","event":"Uploaded Desktop/store/1761847718.json to Snowflake stage","logger":"task.stdout"}
{"timestamp":"2025-10-30T23:19:12.863721Z","level":"info","event":"Uploaded Desktop/store/1761847725.json to Snowflake stage","logger":"task.stdout"}
{"timestamp":"2025-10-30T23:19:13.009795Z","level":"info","event":"Uploaded Desktop/store/1761847731.json to Snowflake stage","logger":"task.stdout"}
{"timestamp":"2025-10-30T23:19:13.140767Z","level":"info","event":"Uploaded Desktop/store/1761847738.json to Snowflake stage","logger":"task.stdout"}
{"timestamp":"2025-10-30T23:19:13.290981Z","level":"info","event":"Uploaded Desktop/store/1761599732.json to Snowflake stage","logger":"task.stdout"}
{"timestamp":"2025-10-30T23:19:13.434383Z","level":"info","event":"Uploaded Desktop/store/1761599738.json to Snowflake stage","logger":"task.stdout"}
{"timestamp":"2025-10-30T23:19:13.563436Z","level":"info","event":"Uploaded Desktop/store/1761599744.json to Snowflake stage","logger":"task.stdout"}
{"timestamp":"2025-10-30T23:19:13.698924Z","level":"info","event":"Uploaded Desktop/store/1761599751.json to Snowflake stage","logger":"task.stdout"}
{"timestamp":"2025-10-30T23:19:13.903546Z","level":"info","event":"Uploaded Desktop/store/1761599758.json to Snowflake stage","logger":"task.stdout"}
{"timestamp":"2025-10-30T23:19:14.074664Z","level":"info","event":"Uploaded Desktop/store/1761599763.json to Snowflake stage","logger":"task.stdout"}
{"timestamp":"2025-10-30T23:19:14.339198Z","level":"info","event":"Uploaded Desktop/store/1761846936.json to Snowflake stage","logger":"task.stdout"}
{"timestamp":"2025-10-30T23:19:14.492035Z","level":"info","event":"Uploaded Desktop/store/1761846943.json to Snowflake stage","logger":"task.stdout"}
{"timestamp":"2025-10-30T23:19:14.658010Z","level":"info","event":"Uploaded Desktop/store/1761846949.json to Snowflake stage","logger":"task.stdout"}
{"timestamp":"2025-10-30T23:19:14.788593Z","level":"info","event":"Uploaded Desktop/store/1761846956.json to Snowflake stage","logger":"task.stdout"}
{"timestamp":"2025-10-30T23:19:14.935068Z","level":"info","event":"Uploaded Desktop/store/1761847668.json to Snowflake stage","logger":"task.stdout"}
{"timestamp":"2025-10-30T23:19:15.077529Z","level":"info","event":"Uploaded Desktop/store/1761847674.json to Snowflake stage","logger":"task.stdout"}
{"timestamp":"2025-10-30T23:19:15.223967Z","level":"info","event":"Uploaded Desktop/store/1761847680.json to Snowflake stage","logger":"task.stdout"}
{"timestamp":"2025-10-30T23:19:15.368444Z","level":"info","event":"Uploaded Desktop/store/1761847686.json to Snowflake stage","logger":"task.stdout"}
{"timestamp":"2025-10-30T23:19:15.506747Z","level":"info","event":"Uploaded Desktop/store/1761847693.json to Snowflake stage","logger":"task.stdout"}
{"timestamp":"2025-10-30T23:19:15.661355Z","level":"info","event":"Uploaded Desktop/store/1761847698.json to Snowflake stage","logger":"task.stdout"}
{"timestamp":"2025-10-30T23:19:15.807245Z","level":"info","event":"Uploaded Desktop/store/1761847705.json to Snowflake stage","logger":"task.stdout"}
{"timestamp":"2025-10-30T23:19:15.940112Z","level":"info","event":"Uploaded Desktop/store/1761847712.json to Snowflake stage","logger":"task.stdout"}
{"timestamp":"2025-10-30T23:19:16.078537Z","level":"info","event":"Uploaded Desktop/store/1761847718.json to Snowflake stage","logger":"task.stdout"}
{"timestamp":"2025-10-30T23:19:16.228809Z","level":"info","event":"Uploaded Desktop/store/1761847725.json to Snowflake stage","logger":"task.stdout"}
{"timestamp":"2025-10-30T23:19:16.375273Z","level":"info","event":"Uploaded Desktop/store/1761847731.json to Snowflake stage","logger":"task.stdout"}
{"timestamp":"2025-10-30T23:19:16.527333Z","level":"info","event":"Uploaded Desktop/store/1761847737.json to Snowflake stage","logger":"task.stdout"}
{"timestamp":"2025-10-30T23:19:16.725186Z","level":"info","event":"Uploaded Desktop/store/1761599731.json to Snowflake stage","logger":"task.stdout"}
{"timestamp":"2025-10-30T23:19:16.877569Z","level":"info","event":"Uploaded Desktop/store/1761599738.json to Snowflake stage","logger":"task.stdout"}
{"timestamp":"2025-10-30T23:19:17.031466Z","level":"info","event":"Uploaded Desktop/store/1761599744.json to Snowflake stage","logger":"task.stdout"}
{"timestamp":"2025-10-30T23:19:17.181889Z","level":"info","event":"Uploaded Desktop/store/1761599750.json to Snowflake stage","logger":"task.stdout"}
{"timestamp":"2025-10-30T23:19:17.353581Z","level":"info","event":"Uploaded Desktop/store/1761599757.json to Snowflake stage","logger":"task.stdout"}
{"timestamp":"2025-10-30T23:19:17.513522Z","level":"info","event":"Uploaded Desktop/store/1761599763.json to Snowflake stage","logger":"task.stdout"}
{"timestamp":"2025-10-30T23:19:17.636972Z","level":"info","event":"Uploaded Desktop/store/1761846936.json to Snowflake stage","logger":"task.stdout"}
{"timestamp":"2025-10-30T23:19:17.795853Z","level":"info","event":"Uploaded Desktop/store/1761846942.json to Snowflake stage","logger":"task.stdout"}
{"timestamp":"2025-10-30T23:19:17.971159Z","level":"info","event":"Uploaded Desktop/store/1761846949.json to Snowflake stage","logger":"task.stdout"}
{"timestamp":"2025-10-30T23:19:18.125238Z","level":"info","event":"Uploaded Desktop/store/1761846955.json to Snowflake stage","logger":"task.stdout"}
{"timestamp":"2025-10-30T23:19:18.255840Z","level":"info","event":"Uploaded Desktop/store/1761847667.json to Snowflake stage","logger":"task.stdout"}
{"timestamp":"2025-10-30T23:19:18.381007Z","level":"info","event":"Uploaded Desktop/store/1761847673.json to Snowflake stage","logger":"task.stdout"}
{"timestamp":"2025-10-30T23:19:18.510801Z","level":"info","event":"Uploaded Desktop/store/1761847680.json to Snowflake stage","logger":"task.stdout"}
{"timestamp":"2025-10-30T23:19:18.654164Z","level":"info","event":"Uploaded Desktop/store/1761847686.json to Snowflake stage","logger":"task.stdout"}
{"timestamp":"2025-10-30T23:19:18.811497Z","level":"info","event":"Uploaded Desktop/store/1761847692.json to Snowflake stage","logger":"task.stdout"}
{"timestamp":"2025-10-30T23:19:18.983320Z","level":"info","event":"Uploaded Desktop/store/1761847698.json to Snowflake stage","logger":"task.stdout"}
{"timestamp":"2025-10-30T23:19:19.109717Z","level":"info","event":"Uploaded Desktop/store/1761847705.json to Snowflake stage","logger":"task.stdout"}
{"timestamp":"2025-10-30T23:19:19.318712Z","level":"info","event":"Uploaded Desktop/store/1761847711.json to Snowflake stage","logger":"task.stdout"}
{"timestamp":"2025-10-30T23:19:19.455502Z","level":"info","event":"Uploaded Desktop/store/1761847717.json to Snowflake stage","logger":"task.stdout"}
{"timestamp":"2025-10-30T23:19:19.589316Z","level":"info","event":"Uploaded Desktop/store/1761847724.json to Snowflake stage","logger":"task.stdout"}
{"timestamp":"2025-10-30T23:19:19.728590Z","level":"info","event":"Uploaded Desktop/store/1761847731.json to Snowflake stage","logger":"task.stdout"}
{"timestamp":"2025-10-30T23:19:19.898703Z","level":"info","event":"Uploaded Desktop/store/1761847737.json to Snowflake stage","logger":"task.stdout"}
{"timestamp":"2025-10-30T23:19:20.037610Z","level":"info","event":"Uploaded Desktop/store/1761599732.json to Snowflake stage","logger":"task.stdout"}
{"timestamp":"2025-10-30T23:19:20.192325Z","level":"info","event":"Uploaded Desktop/store/1761599738.json to Snowflake stage","logger":"task.stdout"}
{"timestamp":"2025-10-30T23:19:20.335929Z","level":"info","event":"Uploaded Desktop/store/1761599744.json to Snowflake stage","logger":"task.stdout"}
{"timestamp":"2025-10-30T23:19:20.524113Z","level":"info","event":"Uploaded Desktop/store/1761599751.json to Snowflake stage","logger":"task.stdout"}
{"timestamp":"2025-10-30T23:19:20.674516Z","level":"info","event":"Uploaded Desktop/store/1761599758.json to Snowflake stage","logger":"task.stdout"}
{"timestamp":"2025-10-30T23:19:21.162930Z","level":"info","event":"Uploaded Desktop/store/1761599763.json to Snowflake stage","logger":"task.stdout"}
{"timestamp":"2025-10-30T23:19:21.298024Z","level":"info","event":"Uploaded Desktop/store/1761846936.json to Snowflake stage","logger":"task.stdout"}
{"timestamp":"2025-10-30T23:19:21.455844Z","level":"info","event":"Uploaded Desktop/store/1761846942.json to Snowflake stage","logger":"task.stdout"}
{"timestamp":"2025-10-30T23:19:21.609211Z","level":"info","event":"Uploaded Desktop/store/1761846949.json to Snowflake stage","logger":"task.stdout"}
{"timestamp":"2025-10-30T23:19:21.747172Z","level":"info","event":"Uploaded Desktop/store/1761846955.json to Snowflake stage","logger":"task.stdout"}
{"timestamp":"2025-10-30T23:19:21.888094Z","level":"info","event":"Uploaded Desktop/store/1761847667.json to Snowflake stage","logger":"task.stdout"}
{"timestamp":"2025-10-30T23:19:22.026567Z","level":"info","event":"Uploaded Desktop/store/1761847674.json to Snowflake stage","logger":"task.stdout"}
{"timestamp":"2025-10-30T23:19:22.332652Z","level":"info","event":"Uploaded Desktop/store/1761847680.json to Snowflake stage","logger":"task.stdout"}
{"timestamp":"2025-10-30T23:19:22.490268Z","level":"info","event":"Uploaded Desktop/store/1761847686.json to Snowflake stage","logger":"task.stdout"}
{"timestamp":"2025-10-30T23:19:22.653707Z","level":"info","event":"Uploaded Desktop/store/1761847692.json to Snowflake stage","logger":"task.stdout"}
{"timestamp":"2025-10-30T23:19:22.775591Z","level":"info","event":"Uploaded Desktop/store/1761847698.json to Snowflake stage","logger":"task.stdout"}
{"timestamp":"2025-10-30T23:19:22.918198Z","level":"info","event":"Uploaded Desktop/store/1761847705.json to Snowflake stage","logger":"task.stdout"}
{"timestamp":"2025-10-30T23:19:23.057894Z","level":"info","event":"Uploaded Desktop/store/1761847711.json to Snowflake stage","logger":"task.stdout"}
{"timestamp":"2025-10-30T23:19:23.201172Z","level":"info","event":"Uploaded Desktop/store/1761847718.json to Snowflake stage","logger":"task.stdout"}
{"timestamp":"2025-10-30T23:19:23.328195Z","level":"info","event":"Uploaded Desktop/store/1761847725.json to Snowflake stage","logger":"task.stdout"}
{"timestamp":"2025-10-30T23:19:23.485034Z","level":"info","event":"Uploaded Desktop/store/1761847731.json to Snowflake stage","logger":"task.stdout"}
{"timestamp":"2025-10-30T23:19:23.625442Z","level":"info","event":"Uploaded Desktop/store/1761847737.json to Snowflake stage","logger":"task.stdout"}
{"timestamp":"2025-10-30T23:19:24.043089Z","level":"info","event":"COPY INTO executed","logger":"task.stdout"}
{"timestamp":"2025-10-30T23:19:24.142126Z","level":"info","event":"Done. Returned value was: None","logger":"airflow.task.operators.airflow.providers.standard.operators.python.PythonOperator","filename":"python.py","lineno":218}
