{"timestamp":"2025-10-30T23:20:00.801255Z","level":"info","event":"DAG bundles loaded: dags-folder","logger":"airflow.dag_processing.bundles.manager.DagBundlesManager","filename":"manager.py","lineno":179}
{"timestamp":"2025-10-30T23:20:00.802091Z","level":"info","event":"Filling up the DagBag from /opt/airflow/dags/minio_to_snowflake.py","logger":"airflow.models.dagbag.DagBag","filename":"dagbag.py","lineno":593}
{"timestamp":"2025-10-30T23:20:04.803644Z","level":"warning","event":"The `airflow.operators.python.PythonOperator` attribute is deprecated. Please use `'airflow.providers.standard.operators.python.PythonOperator'`.","category":"DeprecatedImportWarning","filename":"/opt/airflow/dags/minio_to_snowflake.py","lineno":18,"logger":"py.warnings"}
{"timestamp":"2025-10-30T23:20:04.987661Z","level":"info","event":"Downloaded AAPL/1761599731.json -> Desktop/store/1761599731.json","logger":"task.stdout"}
{"timestamp":"2025-10-30T23:20:04.993679Z","level":"info","event":"Downloaded AAPL/1761599737.json -> Desktop/store/1761599737.json","logger":"task.stdout"}
{"timestamp":"2025-10-30T23:20:04.997957Z","level":"info","event":"Downloaded AAPL/1761599743.json -> Desktop/store/1761599743.json","logger":"task.stdout"}
{"timestamp":"2025-10-30T23:20:05.001776Z","level":"info","event":"Downloaded AAPL/1761599750.json -> Desktop/store/1761599750.json","logger":"task.stdout"}
{"timestamp":"2025-10-30T23:20:05.005132Z","level":"info","event":"Downloaded AAPL/1761599757.json -> Desktop/store/1761599757.json","logger":"task.stdout"}
{"timestamp":"2025-10-30T23:20:05.008611Z","level":"info","event":"Downloaded AAPL/1761599763.json -> Desktop/store/1761599763.json","logger":"task.stdout"}
{"timestamp":"2025-10-30T23:20:05.011724Z","level":"info","event":"Downloaded AAPL/1761846936.json -> Desktop/store/1761846936.json","logger":"task.stdout"}
{"timestamp":"2025-10-30T23:20:05.015284Z","level":"info","event":"Downloaded AAPL/1761846942.json -> Desktop/store/1761846942.json","logger":"task.stdout"}
{"timestamp":"2025-10-30T23:20:05.018412Z","level":"info","event":"Downloaded AAPL/1761846949.json -> Desktop/store/1761846949.json","logger":"task.stdout"}
{"timestamp":"2025-10-30T23:20:05.021605Z","level":"info","event":"Downloaded AAPL/1761846955.json -> Desktop/store/1761846955.json","logger":"task.stdout"}
{"timestamp":"2025-10-30T23:20:05.024749Z","level":"info","event":"Downloaded AAPL/1761847667.json -> Desktop/store/1761847667.json","logger":"task.stdout"}
{"timestamp":"2025-10-30T23:20:05.029394Z","level":"info","event":"Downloaded AAPL/1761847673.json -> Desktop/store/1761847673.json","logger":"task.stdout"}
{"timestamp":"2025-10-30T23:20:05.032760Z","level":"info","event":"Downloaded AAPL/1761847679.json -> Desktop/store/1761847679.json","logger":"task.stdout"}
{"timestamp":"2025-10-30T23:20:05.036420Z","level":"info","event":"Downloaded AAPL/1761847686.json -> Desktop/store/1761847686.json","logger":"task.stdout"}
{"timestamp":"2025-10-30T23:20:05.039471Z","level":"info","event":"Downloaded AAPL/1761847692.json -> Desktop/store/1761847692.json","logger":"task.stdout"}
{"timestamp":"2025-10-30T23:20:05.042749Z","level":"info","event":"Downloaded AAPL/1761847698.json -> Desktop/store/1761847698.json","logger":"task.stdout"}
{"timestamp":"2025-10-30T23:20:05.046116Z","level":"info","event":"Downloaded AAPL/1761847704.json -> Desktop/store/1761847704.json","logger":"task.stdout"}
{"timestamp":"2025-10-30T23:20:05.049373Z","level":"info","event":"Downloaded AAPL/1761847711.json -> Desktop/store/1761847711.json","logger":"task.stdout"}
{"timestamp":"2025-10-30T23:20:05.052314Z","level":"info","event":"Downloaded AAPL/1761847717.json -> Desktop/store/1761847717.json","logger":"task.stdout"}
{"timestamp":"2025-10-30T23:20:05.055459Z","level":"info","event":"Downloaded AAPL/1761847724.json -> Desktop/store/1761847724.json","logger":"task.stdout"}
{"timestamp":"2025-10-30T23:20:05.058691Z","level":"info","event":"Downloaded AAPL/1761847730.json -> Desktop/store/1761847730.json","logger":"task.stdout"}
{"timestamp":"2025-10-30T23:20:05.061713Z","level":"info","event":"Downloaded AAPL/1761847737.json -> Desktop/store/1761847737.json","logger":"task.stdout"}
{"timestamp":"2025-10-30T23:20:05.064768Z","level":"info","event":"Downloaded AMZN/1761599732.json -> Desktop/store/1761599732.json","logger":"task.stdout"}
{"timestamp":"2025-10-30T23:20:05.068426Z","level":"info","event":"Downloaded AMZN/1761599738.json -> Desktop/store/1761599738.json","logger":"task.stdout"}
{"timestamp":"2025-10-30T23:20:05.071497Z","level":"info","event":"Downloaded AMZN/1761599745.json -> Desktop/store/1761599745.json","logger":"task.stdout"}
{"timestamp":"2025-10-30T23:20:05.074918Z","level":"info","event":"Downloaded AMZN/1761599751.json -> Desktop/store/1761599751.json","logger":"task.stdout"}
{"timestamp":"2025-10-30T23:20:05.078023Z","level":"info","event":"Downloaded AMZN/1761599758.json -> Desktop/store/1761599758.json","logger":"task.stdout"}
{"timestamp":"2025-10-30T23:20:05.081297Z","level":"info","event":"Downloaded AMZN/1761599764.json -> Desktop/store/1761599764.json","logger":"task.stdout"}
{"timestamp":"2025-10-30T23:20:05.084511Z","level":"info","event":"Downloaded AMZN/1761846937.json -> Desktop/store/1761846937.json","logger":"task.stdout"}
{"timestamp":"2025-10-30T23:20:05.087527Z","level":"info","event":"Downloaded AMZN/1761846943.json -> Desktop/store/1761846943.json","logger":"task.stdout"}
{"timestamp":"2025-10-30T23:20:05.090927Z","level":"info","event":"Downloaded AMZN/1761846950.json -> Desktop/store/1761846950.json","logger":"task.stdout"}
{"timestamp":"2025-10-30T23:20:05.093884Z","level":"info","event":"Downloaded AMZN/1761846956.json -> Desktop/store/1761846956.json","logger":"task.stdout"}
{"timestamp":"2025-10-30T23:20:05.096892Z","level":"info","event":"Downloaded AMZN/1761847668.json -> Desktop/store/1761847668.json","logger":"task.stdout"}
{"timestamp":"2025-10-30T23:20:05.099725Z","level":"info","event":"Downloaded AMZN/1761847674.json -> Desktop/store/1761847674.json","logger":"task.stdout"}
{"timestamp":"2025-10-30T23:20:05.102743Z","level":"info","event":"Downloaded AMZN/1761847680.json -> Desktop/store/1761847680.json","logger":"task.stdout"}
{"timestamp":"2025-10-30T23:20:05.109245Z","level":"info","event":"Downloaded AMZN/1761847687.json -> Desktop/store/1761847687.json","logger":"task.stdout"}
{"timestamp":"2025-10-30T23:20:05.117819Z","level":"info","event":"Downloaded AMZN/1761847693.json -> Desktop/store/1761847693.json","logger":"task.stdout"}
{"timestamp":"2025-10-30T23:20:05.124506Z","level":"info","event":"Downloaded AMZN/1761847699.json -> Desktop/store/1761847699.json","logger":"task.stdout"}
{"timestamp":"2025-10-30T23:20:05.130492Z","level":"info","event":"Downloaded AMZN/1761847706.json -> Desktop/store/1761847706.json","logger":"task.stdout"}
{"timestamp":"2025-10-30T23:20:05.136555Z","level":"info","event":"Downloaded AMZN/1761847712.json -> Desktop/store/1761847712.json","logger":"task.stdout"}
{"timestamp":"2025-10-30T23:20:05.143198Z","level":"info","event":"Downloaded AMZN/1761847718.json -> Desktop/store/1761847718.json","logger":"task.stdout"}
{"timestamp":"2025-10-30T23:20:05.149812Z","level":"info","event":"Downloaded AMZN/1761847725.json -> Desktop/store/1761847725.json","logger":"task.stdout"}
{"timestamp":"2025-10-30T23:20:05.156427Z","level":"info","event":"Downloaded AMZN/1761847731.json -> Desktop/store/1761847731.json","logger":"task.stdout"}
{"timestamp":"2025-10-30T23:20:05.161693Z","level":"info","event":"Downloaded AMZN/1761847738.json -> Desktop/store/1761847738.json","logger":"task.stdout"}
{"timestamp":"2025-10-30T23:20:05.165740Z","level":"info","event":"Downloaded GOOGL/1761599732.json -> Desktop/store/1761599732.json","logger":"task.stdout"}
{"timestamp":"2025-10-30T23:20:05.170003Z","level":"info","event":"Downloaded GOOGL/1761599738.json -> Desktop/store/1761599738.json","logger":"task.stdout"}
{"timestamp":"2025-10-30T23:20:05.173662Z","level":"info","event":"Downloaded GOOGL/1761599744.json -> Desktop/store/1761599744.json","logger":"task.stdout"}
{"timestamp":"2025-10-30T23:20:05.176935Z","level":"info","event":"Downloaded GOOGL/1761599751.json -> Desktop/store/1761599751.json","logger":"task.stdout"}
{"timestamp":"2025-10-30T23:20:05.180130Z","level":"info","event":"Downloaded GOOGL/1761599758.json -> Desktop/store/1761599758.json","logger":"task.stdout"}
{"timestamp":"2025-10-30T23:20:05.183515Z","level":"info","event":"Downloaded GOOGL/1761599763.json -> Desktop/store/1761599763.json","logger":"task.stdout"}
{"timestamp":"2025-10-30T23:20:05.186502Z","level":"info","event":"Downloaded GOOGL/1761846936.json -> Desktop/store/1761846936.json","logger":"task.stdout"}
{"timestamp":"2025-10-30T23:20:05.189333Z","level":"info","event":"Downloaded GOOGL/1761846943.json -> Desktop/store/1761846943.json","logger":"task.stdout"}
{"timestamp":"2025-10-30T23:20:05.192729Z","level":"info","event":"Downloaded GOOGL/1761846949.json -> Desktop/store/1761846949.json","logger":"task.stdout"}
{"timestamp":"2025-10-30T23:20:05.195660Z","level":"info","event":"Downloaded GOOGL/1761846956.json -> Desktop/store/1761846956.json","logger":"task.stdout"}
{"timestamp":"2025-10-30T23:20:05.198740Z","level":"info","event":"Downloaded GOOGL/1761847668.json -> Desktop/store/1761847668.json","logger":"task.stdout"}
{"timestamp":"2025-10-30T23:20:05.202302Z","level":"info","event":"Downloaded GOOGL/1761847674.json -> Desktop/store/1761847674.json","logger":"task.stdout"}
{"timestamp":"2025-10-30T23:20:05.205365Z","level":"info","event":"Downloaded GOOGL/1761847680.json -> Desktop/store/1761847680.json","logger":"task.stdout"}
{"timestamp":"2025-10-30T23:20:05.209260Z","level":"info","event":"Downloaded GOOGL/1761847686.json -> Desktop/store/1761847686.json","logger":"task.stdout"}
{"timestamp":"2025-10-30T23:20:05.213031Z","level":"info","event":"Downloaded GOOGL/1761847693.json -> Desktop/store/1761847693.json","logger":"task.stdout"}
{"timestamp":"2025-10-30T23:20:05.216815Z","level":"info","event":"Downloaded GOOGL/1761847698.json -> Desktop/store/1761847698.json","logger":"task.stdout"}
{"timestamp":"2025-10-30T23:20:05.219740Z","level":"info","event":"Downloaded GOOGL/1761847705.json -> Desktop/store/1761847705.json","logger":"task.stdout"}
{"timestamp":"2025-10-30T23:20:05.223427Z","level":"info","event":"Downloaded GOOGL/1761847712.json -> Desktop/store/1761847712.json","logger":"task.stdout"}
{"timestamp":"2025-10-30T23:20:05.227292Z","level":"info","event":"Downloaded GOOGL/1761847718.json -> Desktop/store/1761847718.json","logger":"task.stdout"}
{"timestamp":"2025-10-30T23:20:05.230946Z","level":"info","event":"Downloaded GOOGL/1761847725.json -> Desktop/store/1761847725.json","logger":"task.stdout"}
{"timestamp":"2025-10-30T23:20:05.234746Z","level":"info","event":"Downloaded GOOGL/1761847731.json -> Desktop/store/1761847731.json","logger":"task.stdout"}
{"timestamp":"2025-10-30T23:20:05.238206Z","level":"info","event":"Downloaded GOOGL/1761847737.json -> Desktop/store/1761847737.json","logger":"task.stdout"}
{"timestamp":"2025-10-30T23:20:05.242046Z","level":"info","event":"Downloaded MSFT/1761599731.json -> Desktop/store/1761599731.json","logger":"task.stdout"}
{"timestamp":"2025-10-30T23:20:05.245953Z","level":"info","event":"Downloaded MSFT/1761599738.json -> Desktop/store/1761599738.json","logger":"task.stdout"}
{"timestamp":"2025-10-30T23:20:05.249633Z","level":"info","event":"Downloaded MSFT/1761599744.json -> Desktop/store/1761599744.json","logger":"task.stdout"}
{"timestamp":"2025-10-30T23:20:05.253095Z","level":"info","event":"Downloaded MSFT/1761599750.json -> Desktop/store/1761599750.json","logger":"task.stdout"}
{"timestamp":"2025-10-30T23:20:05.256557Z","level":"info","event":"Downloaded MSFT/1761599757.json -> Desktop/store/1761599757.json","logger":"task.stdout"}
{"timestamp":"2025-10-30T23:20:05.259647Z","level":"info","event":"Downloaded MSFT/1761599763.json -> Desktop/store/1761599763.json","logger":"task.stdout"}
{"timestamp":"2025-10-30T23:20:05.263559Z","level":"info","event":"Downloaded MSFT/1761846936.json -> Desktop/store/1761846936.json","logger":"task.stdout"}
{"timestamp":"2025-10-30T23:20:05.267422Z","level":"info","event":"Downloaded MSFT/1761846942.json -> Desktop/store/1761846942.json","logger":"task.stdout"}
{"timestamp":"2025-10-30T23:20:05.270896Z","level":"info","event":"Downloaded MSFT/1761846949.json -> Desktop/store/1761846949.json","logger":"task.stdout"}
{"timestamp":"2025-10-30T23:20:05.273930Z","level":"info","event":"Downloaded MSFT/1761846955.json -> Desktop/store/1761846955.json","logger":"task.stdout"}
{"timestamp":"2025-10-30T23:20:05.277021Z","level":"info","event":"Downloaded MSFT/1761847667.json -> Desktop/store/1761847667.json","logger":"task.stdout"}
{"timestamp":"2025-10-30T23:20:05.280138Z","level":"info","event":"Downloaded MSFT/1761847673.json -> Desktop/store/1761847673.json","logger":"task.stdout"}
{"timestamp":"2025-10-30T23:20:05.283102Z","level":"info","event":"Downloaded MSFT/1761847680.json -> Desktop/store/1761847680.json","logger":"task.stdout"}
{"timestamp":"2025-10-30T23:20:05.286273Z","level":"info","event":"Downloaded MSFT/1761847686.json -> Desktop/store/1761847686.json","logger":"task.stdout"}
{"timestamp":"2025-10-30T23:20:05.289221Z","level":"info","event":"Downloaded MSFT/1761847692.json -> Desktop/store/1761847692.json","logger":"task.stdout"}
{"timestamp":"2025-10-30T23:20:05.292359Z","level":"info","event":"Downloaded MSFT/1761847698.json -> Desktop/store/1761847698.json","logger":"task.stdout"}
{"timestamp":"2025-10-30T23:20:05.295475Z","level":"info","event":"Downloaded MSFT/1761847705.json -> Desktop/store/1761847705.json","logger":"task.stdout"}
{"timestamp":"2025-10-30T23:20:05.298599Z","level":"info","event":"Downloaded MSFT/1761847711.json -> Desktop/store/1761847711.json","logger":"task.stdout"}
{"timestamp":"2025-10-30T23:20:05.301615Z","level":"info","event":"Downloaded MSFT/1761847717.json -> Desktop/store/1761847717.json","logger":"task.stdout"}
{"timestamp":"2025-10-30T23:20:05.304757Z","level":"info","event":"Downloaded MSFT/1761847724.json -> Desktop/store/1761847724.json","logger":"task.stdout"}
{"timestamp":"2025-10-30T23:20:05.307886Z","level":"info","event":"Downloaded MSFT/1761847731.json -> Desktop/store/1761847731.json","logger":"task.stdout"}
{"timestamp":"2025-10-30T23:20:05.311013Z","level":"info","event":"Downloaded MSFT/1761847737.json -> Desktop/store/1761847737.json","logger":"task.stdout"}
{"timestamp":"2025-10-30T23:20:05.314299Z","level":"info","event":"Downloaded TSLA/1761599732.json -> Desktop/store/1761599732.json","logger":"task.stdout"}
{"timestamp":"2025-10-30T23:20:05.317209Z","level":"info","event":"Downloaded TSLA/1761599738.json -> Desktop/store/1761599738.json","logger":"task.stdout"}
{"timestamp":"2025-10-30T23:20:05.320282Z","level":"info","event":"Downloaded TSLA/1761599744.json -> Desktop/store/1761599744.json","logger":"task.stdout"}
{"timestamp":"2025-10-30T23:20:05.323418Z","level":"info","event":"Downloaded TSLA/1761599751.json -> Desktop/store/1761599751.json","logger":"task.stdout"}
{"timestamp":"2025-10-30T23:20:05.327939Z","level":"info","event":"Downloaded TSLA/1761599758.json -> Desktop/store/1761599758.json","logger":"task.stdout"}
{"timestamp":"2025-10-30T23:20:05.333081Z","level":"info","event":"Downloaded TSLA/1761599763.json -> Desktop/store/1761599763.json","logger":"task.stdout"}
{"timestamp":"2025-10-30T23:20:05.338757Z","level":"info","event":"Downloaded TSLA/1761846936.json -> Desktop/store/1761846936.json","logger":"task.stdout"}
{"timestamp":"2025-10-30T23:20:05.343244Z","level":"info","event":"Downloaded TSLA/1761846942.json -> Desktop/store/1761846942.json","logger":"task.stdout"}
{"timestamp":"2025-10-30T23:20:05.346222Z","level":"info","event":"Downloaded TSLA/1761846949.json -> Desktop/store/1761846949.json","logger":"task.stdout"}
{"timestamp":"2025-10-30T23:20:05.349516Z","level":"info","event":"Downloaded TSLA/1761846955.json -> Desktop/store/1761846955.json","logger":"task.stdout"}
{"timestamp":"2025-10-30T23:20:05.353040Z","level":"info","event":"Downloaded TSLA/1761847667.json -> Desktop/store/1761847667.json","logger":"task.stdout"}
{"timestamp":"2025-10-30T23:20:05.356875Z","level":"info","event":"Downloaded TSLA/1761847674.json -> Desktop/store/1761847674.json","logger":"task.stdout"}
{"timestamp":"2025-10-30T23:20:05.359714Z","level":"info","event":"Downloaded TSLA/1761847680.json -> Desktop/store/1761847680.json","logger":"task.stdout"}
{"timestamp":"2025-10-30T23:20:05.363329Z","level":"info","event":"Downloaded TSLA/1761847686.json -> Desktop/store/1761847686.json","logger":"task.stdout"}
{"timestamp":"2025-10-30T23:20:05.366198Z","level":"info","event":"Downloaded TSLA/1761847692.json -> Desktop/store/1761847692.json","logger":"task.stdout"}
{"timestamp":"2025-10-30T23:20:05.369749Z","level":"info","event":"Downloaded TSLA/1761847698.json -> Desktop/store/1761847698.json","logger":"task.stdout"}
{"timestamp":"2025-10-30T23:20:05.372927Z","level":"info","event":"Downloaded TSLA/1761847705.json -> Desktop/store/1761847705.json","logger":"task.stdout"}
{"timestamp":"2025-10-30T23:20:05.376434Z","level":"info","event":"Downloaded TSLA/1761847711.json -> Desktop/store/1761847711.json","logger":"task.stdout"}
{"timestamp":"2025-10-30T23:20:05.379401Z","level":"info","event":"Downloaded TSLA/1761847718.json -> Desktop/store/1761847718.json","logger":"task.stdout"}
{"timestamp":"2025-10-30T23:20:05.382286Z","level":"info","event":"Downloaded TSLA/1761847725.json -> Desktop/store/1761847725.json","logger":"task.stdout"}
{"timestamp":"2025-10-30T23:20:05.385203Z","level":"info","event":"Downloaded TSLA/1761847731.json -> Desktop/store/1761847731.json","logger":"task.stdout"}
{"timestamp":"2025-10-30T23:20:05.388922Z","level":"info","event":"Downloaded TSLA/1761847737.json -> Desktop/store/1761847737.json","logger":"task.stdout"}
{"timestamp":"2025-10-30T23:20:05.388326Z","level":"info","event":"Done. Returned value was: ['Desktop/store/1761599731.json', 'Desktop/store/1761599737.json', 'Desktop/store/1761599743.json', 'Desktop/store/1761599750.json', 'Desktop/store/1761599757.json', 'Desktop/store/1761599763.json', 'Desktop/store/1761846936.json', 'Desktop/store/1761846942.json', 'Desktop/store/1761846949.json', 'Desktop/store/1761846955.json', 'Desktop/store/1761847667.json', 'Desktop/store/1761847673.json', 'Desktop/store/1761847679.json', 'Desktop/store/1761847686.json', 'Desktop/store/1761847692.json', 'Desktop/store/1761847698.json', 'Desktop/store/1761847704.json', 'Desktop/store/1761847711.json', 'Desktop/store/1761847717.json', 'Desktop/store/1761847724.json', 'Desktop/store/1761847730.json', 'Desktop/store/1761847737.json', 'Desktop/store/1761599732.json', 'Desktop/store/1761599738.json', 'Desktop/store/1761599745.json', 'Desktop/store/1761599751.json', 'Desktop/store/1761599758.json', 'Desktop/store/1761599764.json', 'Desktop/store/1761846937.json', 'Desktop/store/1761846943.json', 'Desktop/store/1761846950.json', 'Desktop/store/1761846956.json', 'Desktop/store/1761847668.json', 'Desktop/store/1761847674.json', 'Desktop/store/1761847680.json', 'Desktop/store/1761847687.json', 'Desktop/store/1761847693.json', 'Desktop/store/1761847699.json', 'Desktop/store/1761847706.json', 'Desktop/store/1761847712.json', 'Desktop/store/1761847718.json', 'Desktop/store/1761847725.json', 'Desktop/store/1761847731.json', 'Desktop/store/1761847738.json', 'Desktop/store/1761599732.json', 'Desktop/store/1761599738.json', 'Desktop/store/1761599744.json', 'Desktop/store/1761599751.json', 'Desktop/store/1761599758.json', 'Desktop/store/1761599763.json', 'Desktop/store/1761846936.json', 'Desktop/store/1761846943.json', 'Desktop/store/1761846949.json', 'Desktop/store/1761846956.json', 'Desktop/store/1761847668.json', 'Desktop/store/1761847674.json', 'Desktop/store/1761847680.json', 'Desktop/store/1761847686.json', 'Desktop/store/1761847693.json', 'Desktop/store/1761847698.json', 'Desktop/store/1761847705.json', 'Desktop/store/1761847712.json', 'Desktop/store/1761847718.json', 'Desktop/store/1761847725.json', 'Desktop/store/1761847731.json', 'Desktop/store/1761847737.json', 'Desktop/store/1761599731.json', 'Desktop/store/1761599738.json', 'Desktop/store/1761599744.json', 'Desktop/store/1761599750.json', 'Desktop/store/1761599757.json', 'Desktop/store/1761599763.json', 'Desktop/store/1761846936.json', 'Desktop/store/1761846942.json', 'Desktop/store/1761846949.json', 'Desktop/store/1761846955.json', 'Desktop/store/1761847667.json', 'Desktop/store/1761847673.json', 'Desktop/store/1761847680.json', 'Desktop/store/1761847686.json', 'Desktop/store/1761847692.json', 'Desktop/store/1761847698.json', 'Desktop/store/1761847705.json', 'Desktop/store/1761847711.json', 'Desktop/store/1761847717.json', 'Desktop/store/1761847724.json', 'Desktop/store/1761847731.json', 'Desktop/store/1761847737.json', 'Desktop/store/1761599732.json', 'Desktop/store/1761599738.json', 'Desktop/store/1761599744.json', 'Desktop/store/1761599751.json', 'Desktop/store/1761599758.json', 'Desktop/store/1761599763.json', 'Desktop/store/1761846936.json', 'Desktop/store/1761846942.json', 'Desktop/store/1761846949.json', 'Desktop/store/1761846955.json', 'Desktop/store/1761847667.json', 'Desktop/store/1761847674.json', 'Desktop/store/1761847680.json', 'Desktop/store/1761847686.json', 'Desktop/store/1761847692.json', 'Desktop/store/1761847698.json', 'Desktop/store/1761847705.json', 'Desktop/store/1761847711.json', 'Desktop/store/1761847718.json', 'Desktop/store/1761847725.json', 'Desktop/store/1761847731.json', 'Desktop/store/1761847737.json']","logger":"airflow.task.operators.airflow.providers.standard.operators.python.PythonOperator","filename":"python.py","lineno":218}
{"timestamp":"2025-10-30T23:20:05.388611Z","level":"info","event":"Pushing xcom","ti":"RuntimeTaskInstance(id=UUID('019a376b-c38b-733f-a708-b8fba520bbd2'), task_id='download_minio', dag_id='minio_to_snowflake', run_id='scheduled__2025-10-30T23:20:00+00:00', try_number=1, dag_version_id=UUID('019a3767-e984-7677-ba1e-e15a2b71a556'), map_index=-1, hostname='dac11b45d92b', context_carrier={}, task=<Task(PythonOperator): download_minio>, bundle_instance=LocalDagBundle(name=dags-folder), max_tries=1, start_date=datetime.datetime(2025, 10, 30, 23, 20, 0, 738092, tzinfo=datetime.timezone.utc), end_date=None, state=<TaskInstanceState.RUNNING: 'running'>, is_mapped=False, rendered_map_index=None)","logger":"task","filename":"task_runner.py","lineno":1352}
