{"timestamp":"2025-10-30T23:17:18.563796Z","level":"info","event":"DAG bundles loaded: dags-folder","logger":"airflow.dag_processing.bundles.manager.DagBundlesManager","filename":"manager.py","lineno":179}
{"timestamp":"2025-10-30T23:17:18.564804Z","level":"info","event":"Filling up the DagBag from /opt/airflow/dags/minio_to_snowflake.py","logger":"airflow.models.dagbag.DagBag","filename":"dagbag.py","lineno":593}
{"timestamp":"2025-10-30T23:17:21.417116Z","level":"warning","event":"The `airflow.operators.python.PythonOperator` attribute is deprecated. Please use `'airflow.providers.standard.operators.python.PythonOperator'`.","category":"DeprecatedImportWarning","filename":"/opt/airflow/dags/minio_to_snowflake.py","lineno":18,"logger":"py.warnings"}
{"timestamp":"2025-10-30T23:17:21.922958Z","level":"info","event":"Downloaded AAPL/1761599731.json -> Desktop/store/1761599731.json","logger":"task.stdout"}
{"timestamp":"2025-10-30T23:17:21.929280Z","level":"info","event":"Downloaded AAPL/1761599737.json -> Desktop/store/1761599737.json","logger":"task.stdout"}
{"timestamp":"2025-10-30T23:17:21.936152Z","level":"info","event":"Downloaded AAPL/1761599743.json -> Desktop/store/1761599743.json","logger":"task.stdout"}
{"timestamp":"2025-10-30T23:17:21.942368Z","level":"info","event":"Downloaded AAPL/1761599750.json -> Desktop/store/1761599750.json","logger":"task.stdout"}
{"timestamp":"2025-10-30T23:17:21.948773Z","level":"info","event":"Downloaded AAPL/1761599757.json -> Desktop/store/1761599757.json","logger":"task.stdout"}
{"timestamp":"2025-10-30T23:17:21.954126Z","level":"info","event":"Downloaded AAPL/1761599763.json -> Desktop/store/1761599763.json","logger":"task.stdout"}
{"timestamp":"2025-10-30T23:17:21.959077Z","level":"info","event":"Downloaded AAPL/1761846936.json -> Desktop/store/1761846936.json","logger":"task.stdout"}
{"timestamp":"2025-10-30T23:17:21.964197Z","level":"info","event":"Downloaded AAPL/1761846942.json -> Desktop/store/1761846942.json","logger":"task.stdout"}
{"timestamp":"2025-10-30T23:17:21.970309Z","level":"info","event":"Downloaded AAPL/1761846949.json -> Desktop/store/1761846949.json","logger":"task.stdout"}
{"timestamp":"2025-10-30T23:17:21.977960Z","level":"info","event":"Downloaded AAPL/1761846955.json -> Desktop/store/1761846955.json","logger":"task.stdout"}
{"timestamp":"2025-10-30T23:17:21.982571Z","level":"info","event":"Downloaded AAPL/1761847667.json -> Desktop/store/1761847667.json","logger":"task.stdout"}
{"timestamp":"2025-10-30T23:17:21.987721Z","level":"info","event":"Downloaded AAPL/1761847673.json -> Desktop/store/1761847673.json","logger":"task.stdout"}
{"timestamp":"2025-10-30T23:17:21.993652Z","level":"info","event":"Downloaded AAPL/1761847679.json -> Desktop/store/1761847679.json","logger":"task.stdout"}
{"timestamp":"2025-10-30T23:17:21.998388Z","level":"info","event":"Downloaded AAPL/1761847686.json -> Desktop/store/1761847686.json","logger":"task.stdout"}
{"timestamp":"2025-10-30T23:17:22.003640Z","level":"info","event":"Downloaded AAPL/1761847692.json -> Desktop/store/1761847692.json","logger":"task.stdout"}
{"timestamp":"2025-10-30T23:17:22.015572Z","level":"info","event":"Downloaded AAPL/1761847698.json -> Desktop/store/1761847698.json","logger":"task.stdout"}
{"timestamp":"2025-10-30T23:17:22.027073Z","level":"info","event":"Downloaded AAPL/1761847704.json -> Desktop/store/1761847704.json","logger":"task.stdout"}
{"timestamp":"2025-10-30T23:17:22.033476Z","level":"info","event":"Downloaded AAPL/1761847711.json -> Desktop/store/1761847711.json","logger":"task.stdout"}
{"timestamp":"2025-10-30T23:17:22.040158Z","level":"info","event":"Downloaded AAPL/1761847717.json -> Desktop/store/1761847717.json","logger":"task.stdout"}
{"timestamp":"2025-10-30T23:17:22.048405Z","level":"info","event":"Downloaded AAPL/1761847724.json -> Desktop/store/1761847724.json","logger":"task.stdout"}
{"timestamp":"2025-10-30T23:17:22.058001Z","level":"info","event":"Downloaded AAPL/1761847730.json -> Desktop/store/1761847730.json","logger":"task.stdout"}
{"timestamp":"2025-10-30T23:17:22.065459Z","level":"info","event":"Downloaded AAPL/1761847737.json -> Desktop/store/1761847737.json","logger":"task.stdout"}
{"timestamp":"2025-10-30T23:17:22.071946Z","level":"info","event":"Downloaded AMZN/1761599732.json -> Desktop/store/1761599732.json","logger":"task.stdout"}
{"timestamp":"2025-10-30T23:17:22.078455Z","level":"info","event":"Downloaded AMZN/1761599738.json -> Desktop/store/1761599738.json","logger":"task.stdout"}
{"timestamp":"2025-10-30T23:17:22.084795Z","level":"info","event":"Downloaded AMZN/1761599745.json -> Desktop/store/1761599745.json","logger":"task.stdout"}
{"timestamp":"2025-10-30T23:17:22.089041Z","level":"info","event":"Downloaded AMZN/1761599751.json -> Desktop/store/1761599751.json","logger":"task.stdout"}
{"timestamp":"2025-10-30T23:17:22.093889Z","level":"info","event":"Downloaded AMZN/1761599758.json -> Desktop/store/1761599758.json","logger":"task.stdout"}
{"timestamp":"2025-10-30T23:17:22.098298Z","level":"info","event":"Downloaded AMZN/1761599764.json -> Desktop/store/1761599764.json","logger":"task.stdout"}
{"timestamp":"2025-10-30T23:17:22.103182Z","level":"info","event":"Downloaded AMZN/1761846937.json -> Desktop/store/1761846937.json","logger":"task.stdout"}
{"timestamp":"2025-10-30T23:17:22.108117Z","level":"info","event":"Downloaded AMZN/1761846943.json -> Desktop/store/1761846943.json","logger":"task.stdout"}
{"timestamp":"2025-10-30T23:17:22.113594Z","level":"info","event":"Downloaded AMZN/1761846950.json -> Desktop/store/1761846950.json","logger":"task.stdout"}
{"timestamp":"2025-10-30T23:17:22.119493Z","level":"info","event":"Downloaded AMZN/1761846956.json -> Desktop/store/1761846956.json","logger":"task.stdout"}
{"timestamp":"2025-10-30T23:17:22.123152Z","level":"info","event":"Downloaded AMZN/1761847668.json -> Desktop/store/1761847668.json","logger":"task.stdout"}
{"timestamp":"2025-10-30T23:17:22.127373Z","level":"info","event":"Downloaded AMZN/1761847674.json -> Desktop/store/1761847674.json","logger":"task.stdout"}
{"timestamp":"2025-10-30T23:17:22.131673Z","level":"info","event":"Downloaded AMZN/1761847680.json -> Desktop/store/1761847680.json","logger":"task.stdout"}
{"timestamp":"2025-10-30T23:17:22.136001Z","level":"info","event":"Downloaded AMZN/1761847687.json -> Desktop/store/1761847687.json","logger":"task.stdout"}
{"timestamp":"2025-10-30T23:17:22.141405Z","level":"info","event":"Downloaded AMZN/1761847693.json -> Desktop/store/1761847693.json","logger":"task.stdout"}
{"timestamp":"2025-10-30T23:17:22.145704Z","level":"info","event":"Downloaded AMZN/1761847699.json -> Desktop/store/1761847699.json","logger":"task.stdout"}
{"timestamp":"2025-10-30T23:17:22.150591Z","level":"info","event":"Downloaded AMZN/1761847706.json -> Desktop/store/1761847706.json","logger":"task.stdout"}
{"timestamp":"2025-10-30T23:17:22.155822Z","level":"info","event":"Downloaded AMZN/1761847712.json -> Desktop/store/1761847712.json","logger":"task.stdout"}
{"timestamp":"2025-10-30T23:17:22.161216Z","level":"info","event":"Downloaded AMZN/1761847718.json -> Desktop/store/1761847718.json","logger":"task.stdout"}
{"timestamp":"2025-10-30T23:17:22.164844Z","level":"info","event":"Downloaded AMZN/1761847725.json -> Desktop/store/1761847725.json","logger":"task.stdout"}
{"timestamp":"2025-10-30T23:17:22.169548Z","level":"info","event":"Downloaded AMZN/1761847731.json -> Desktop/store/1761847731.json","logger":"task.stdout"}
{"timestamp":"2025-10-30T23:17:22.187728Z","level":"info","event":"Downloaded AMZN/1761847738.json -> Desktop/store/1761847738.json","logger":"task.stdout"}
{"timestamp":"2025-10-30T23:17:22.197706Z","level":"info","event":"Downloaded GOOGL/1761599732.json -> Desktop/store/1761599732.json","logger":"task.stdout"}
{"timestamp":"2025-10-30T23:17:22.205402Z","level":"info","event":"Downloaded GOOGL/1761599738.json -> Desktop/store/1761599738.json","logger":"task.stdout"}
{"timestamp":"2025-10-30T23:17:22.211134Z","level":"info","event":"Downloaded GOOGL/1761599744.json -> Desktop/store/1761599744.json","logger":"task.stdout"}
{"timestamp":"2025-10-30T23:17:22.217424Z","level":"info","event":"Downloaded GOOGL/1761599751.json -> Desktop/store/1761599751.json","logger":"task.stdout"}
{"timestamp":"2025-10-30T23:17:22.221882Z","level":"info","event":"Downloaded GOOGL/1761599758.json -> Desktop/store/1761599758.json","logger":"task.stdout"}
{"timestamp":"2025-10-30T23:17:22.226862Z","level":"info","event":"Downloaded GOOGL/1761599763.json -> Desktop/store/1761599763.json","logger":"task.stdout"}
{"timestamp":"2025-10-30T23:17:22.231458Z","level":"info","event":"Downloaded GOOGL/1761846936.json -> Desktop/store/1761846936.json","logger":"task.stdout"}
{"timestamp":"2025-10-30T23:17:22.236237Z","level":"info","event":"Downloaded GOOGL/1761846943.json -> Desktop/store/1761846943.json","logger":"task.stdout"}
{"timestamp":"2025-10-30T23:17:22.241841Z","level":"info","event":"Downloaded GOOGL/1761846949.json -> Desktop/store/1761846949.json","logger":"task.stdout"}
{"timestamp":"2025-10-30T23:17:22.247081Z","level":"info","event":"Downloaded GOOGL/1761846956.json -> Desktop/store/1761846956.json","logger":"task.stdout"}
{"timestamp":"2025-10-30T23:17:22.251730Z","level":"info","event":"Downloaded GOOGL/1761847668.json -> Desktop/store/1761847668.json","logger":"task.stdout"}
{"timestamp":"2025-10-30T23:17:22.255859Z","level":"info","event":"Downloaded GOOGL/1761847674.json -> Desktop/store/1761847674.json","logger":"task.stdout"}
{"timestamp":"2025-10-30T23:17:22.260883Z","level":"info","event":"Downloaded GOOGL/1761847680.json -> Desktop/store/1761847680.json","logger":"task.stdout"}
{"timestamp":"2025-10-30T23:17:22.265824Z","level":"info","event":"Downloaded GOOGL/1761847686.json -> Desktop/store/1761847686.json","logger":"task.stdout"}
{"timestamp":"2025-10-30T23:17:22.270752Z","level":"info","event":"Downloaded GOOGL/1761847693.json -> Desktop/store/1761847693.json","logger":"task.stdout"}
{"timestamp":"2025-10-30T23:17:22.275450Z","level":"info","event":"Downloaded GOOGL/1761847698.json -> Desktop/store/1761847698.json","logger":"task.stdout"}
{"timestamp":"2025-10-30T23:17:22.280394Z","level":"info","event":"Downloaded GOOGL/1761847705.json -> Desktop/store/1761847705.json","logger":"task.stdout"}
{"timestamp":"2025-10-30T23:17:22.285401Z","level":"info","event":"Downloaded GOOGL/1761847712.json -> Desktop/store/1761847712.json","logger":"task.stdout"}
{"timestamp":"2025-10-30T23:17:22.289699Z","level":"info","event":"Downloaded GOOGL/1761847718.json -> Desktop/store/1761847718.json","logger":"task.stdout"}
{"timestamp":"2025-10-30T23:17:22.294382Z","level":"info","event":"Downloaded GOOGL/1761847725.json -> Desktop/store/1761847725.json","logger":"task.stdout"}
{"timestamp":"2025-10-30T23:17:22.298590Z","level":"info","event":"Downloaded GOOGL/1761847731.json -> Desktop/store/1761847731.json","logger":"task.stdout"}
{"timestamp":"2025-10-30T23:17:22.303213Z","level":"info","event":"Downloaded GOOGL/1761847737.json -> Desktop/store/1761847737.json","logger":"task.stdout"}
{"timestamp":"2025-10-30T23:17:22.311724Z","level":"info","event":"Downloaded MSFT/1761599731.json -> Desktop/store/1761599731.json","logger":"task.stdout"}
{"timestamp":"2025-10-30T23:17:22.318626Z","level":"info","event":"Downloaded MSFT/1761599738.json -> Desktop/store/1761599738.json","logger":"task.stdout"}
{"timestamp":"2025-10-30T23:17:22.323479Z","level":"info","event":"Downloaded MSFT/1761599744.json -> Desktop/store/1761599744.json","logger":"task.stdout"}
{"timestamp":"2025-10-30T23:17:22.328155Z","level":"info","event":"Downloaded MSFT/1761599750.json -> Desktop/store/1761599750.json","logger":"task.stdout"}
{"timestamp":"2025-10-30T23:17:22.333325Z","level":"info","event":"Downloaded MSFT/1761599757.json -> Desktop/store/1761599757.json","logger":"task.stdout"}
{"timestamp":"2025-10-30T23:17:22.337986Z","level":"info","event":"Downloaded MSFT/1761599763.json -> Desktop/store/1761599763.json","logger":"task.stdout"}
{"timestamp":"2025-10-30T23:17:22.346890Z","level":"info","event":"Downloaded MSFT/1761846936.json -> Desktop/store/1761846936.json","logger":"task.stdout"}
{"timestamp":"2025-10-30T23:17:22.360217Z","level":"info","event":"Downloaded MSFT/1761846942.json -> Desktop/store/1761846942.json","logger":"task.stdout"}
{"timestamp":"2025-10-30T23:17:22.365731Z","level":"info","event":"Downloaded MSFT/1761846949.json -> Desktop/store/1761846949.json","logger":"task.stdout"}
{"timestamp":"2025-10-30T23:17:22.373344Z","level":"info","event":"Downloaded MSFT/1761846955.json -> Desktop/store/1761846955.json","logger":"task.stdout"}
{"timestamp":"2025-10-30T23:17:22.379475Z","level":"info","event":"Downloaded MSFT/1761847667.json -> Desktop/store/1761847667.json","logger":"task.stdout"}
{"timestamp":"2025-10-30T23:17:22.383801Z","level":"info","event":"Downloaded MSFT/1761847673.json -> Desktop/store/1761847673.json","logger":"task.stdout"}
{"timestamp":"2025-10-30T23:17:22.389776Z","level":"info","event":"Downloaded MSFT/1761847680.json -> Desktop/store/1761847680.json","logger":"task.stdout"}
{"timestamp":"2025-10-30T23:17:22.400421Z","level":"info","event":"Downloaded MSFT/1761847686.json -> Desktop/store/1761847686.json","logger":"task.stdout"}
{"timestamp":"2025-10-30T23:17:22.408076Z","level":"info","event":"Downloaded MSFT/1761847692.json -> Desktop/store/1761847692.json","logger":"task.stdout"}
{"timestamp":"2025-10-30T23:17:22.420791Z","level":"info","event":"Downloaded MSFT/1761847698.json -> Desktop/store/1761847698.json","logger":"task.stdout"}
{"timestamp":"2025-10-30T23:17:22.435743Z","level":"info","event":"Downloaded MSFT/1761847705.json -> Desktop/store/1761847705.json","logger":"task.stdout"}
{"timestamp":"2025-10-30T23:17:22.447390Z","level":"info","event":"Downloaded MSFT/1761847711.json -> Desktop/store/1761847711.json","logger":"task.stdout"}
{"timestamp":"2025-10-30T23:17:22.455790Z","level":"info","event":"Downloaded MSFT/1761847717.json -> Desktop/store/1761847717.json","logger":"task.stdout"}
{"timestamp":"2025-10-30T23:17:22.467077Z","level":"info","event":"Downloaded MSFT/1761847724.json -> Desktop/store/1761847724.json","logger":"task.stdout"}
{"timestamp":"2025-10-30T23:17:22.475059Z","level":"info","event":"Downloaded MSFT/1761847731.json -> Desktop/store/1761847731.json","logger":"task.stdout"}
{"timestamp":"2025-10-30T23:17:22.481663Z","level":"info","event":"Downloaded MSFT/1761847737.json -> Desktop/store/1761847737.json","logger":"task.stdout"}
{"timestamp":"2025-10-30T23:17:22.493168Z","level":"info","event":"Downloaded TSLA/1761599732.json -> Desktop/store/1761599732.json","logger":"task.stdout"}
{"timestamp":"2025-10-30T23:17:22.504031Z","level":"info","event":"Downloaded TSLA/1761599738.json -> Desktop/store/1761599738.json","logger":"task.stdout"}
{"timestamp":"2025-10-30T23:17:22.514393Z","level":"info","event":"Downloaded TSLA/1761599744.json -> Desktop/store/1761599744.json","logger":"task.stdout"}
{"timestamp":"2025-10-30T23:17:22.522143Z","level":"info","event":"Downloaded TSLA/1761599751.json -> Desktop/store/1761599751.json","logger":"task.stdout"}
{"timestamp":"2025-10-30T23:17:22.526945Z","level":"info","event":"Downloaded TSLA/1761599758.json -> Desktop/store/1761599758.json","logger":"task.stdout"}
{"timestamp":"2025-10-30T23:17:22.532891Z","level":"info","event":"Downloaded TSLA/1761599763.json -> Desktop/store/1761599763.json","logger":"task.stdout"}
{"timestamp":"2025-10-30T23:17:22.542361Z","level":"info","event":"Downloaded TSLA/1761846936.json -> Desktop/store/1761846936.json","logger":"task.stdout"}
{"timestamp":"2025-10-30T23:17:22.549540Z","level":"info","event":"Downloaded TSLA/1761846942.json -> Desktop/store/1761846942.json","logger":"task.stdout"}
{"timestamp":"2025-10-30T23:17:22.557867Z","level":"info","event":"Downloaded TSLA/1761846949.json -> Desktop/store/1761846949.json","logger":"task.stdout"}
{"timestamp":"2025-10-30T23:17:22.580036Z","level":"info","event":"Downloaded TSLA/1761846955.json -> Desktop/store/1761846955.json","logger":"task.stdout"}
{"timestamp":"2025-10-30T23:17:22.590229Z","level":"info","event":"Downloaded TSLA/1761847667.json -> Desktop/store/1761847667.json","logger":"task.stdout"}
{"timestamp":"2025-10-30T23:17:22.602888Z","level":"info","event":"Downloaded TSLA/1761847674.json -> Desktop/store/1761847674.json","logger":"task.stdout"}
{"timestamp":"2025-10-30T23:17:22.609647Z","level":"info","event":"Downloaded TSLA/1761847680.json -> Desktop/store/1761847680.json","logger":"task.stdout"}
{"timestamp":"2025-10-30T23:17:22.615676Z","level":"info","event":"Downloaded TSLA/1761847686.json -> Desktop/store/1761847686.json","logger":"task.stdout"}
{"timestamp":"2025-10-30T23:17:22.621280Z","level":"info","event":"Downloaded TSLA/1761847692.json -> Desktop/store/1761847692.json","logger":"task.stdout"}
{"timestamp":"2025-10-30T23:17:22.627858Z","level":"info","event":"Downloaded TSLA/1761847698.json -> Desktop/store/1761847698.json","logger":"task.stdout"}
{"timestamp":"2025-10-30T23:17:22.631519Z","level":"info","event":"Downloaded TSLA/1761847705.json -> Desktop/store/1761847705.json","logger":"task.stdout"}
{"timestamp":"2025-10-30T23:17:22.636109Z","level":"info","event":"Downloaded TSLA/1761847711.json -> Desktop/store/1761847711.json","logger":"task.stdout"}
{"timestamp":"2025-10-30T23:17:22.641584Z","level":"info","event":"Downloaded TSLA/1761847718.json -> Desktop/store/1761847718.json","logger":"task.stdout"}
{"timestamp":"2025-10-30T23:17:22.647323Z","level":"info","event":"Downloaded TSLA/1761847725.json -> Desktop/store/1761847725.json","logger":"task.stdout"}
{"timestamp":"2025-10-30T23:17:22.653944Z","level":"info","event":"Downloaded TSLA/1761847731.json -> Desktop/store/1761847731.json","logger":"task.stdout"}
{"timestamp":"2025-10-30T23:17:22.664021Z","level":"info","event":"Downloaded TSLA/1761847737.json -> Desktop/store/1761847737.json","logger":"task.stdout"}
{"timestamp":"2025-10-30T23:17:22.665099Z","level":"info","event":"Done. Returned value was: ['Desktop/store/1761599731.json', 'Desktop/store/1761599737.json', 'Desktop/store/1761599743.json', 'Desktop/store/1761599750.json', 'Desktop/store/1761599757.json', 'Desktop/store/1761599763.json', 'Desktop/store/1761846936.json', 'Desktop/store/1761846942.json', 'Desktop/store/1761846949.json', 'Desktop/store/1761846955.json', 'Desktop/store/1761847667.json', 'Desktop/store/1761847673.json', 'Desktop/store/1761847679.json', 'Desktop/store/1761847686.json', 'Desktop/store/1761847692.json', 'Desktop/store/1761847698.json', 'Desktop/store/1761847704.json', 'Desktop/store/1761847711.json', 'Desktop/store/1761847717.json', 'Desktop/store/1761847724.json', 'Desktop/store/1761847730.json', 'Desktop/store/1761847737.json', 'Desktop/store/1761599732.json', 'Desktop/store/1761599738.json', 'Desktop/store/1761599745.json', 'Desktop/store/1761599751.json', 'Desktop/store/1761599758.json', 'Desktop/store/1761599764.json', 'Desktop/store/1761846937.json', 'Desktop/store/1761846943.json', 'Desktop/store/1761846950.json', 'Desktop/store/1761846956.json', 'Desktop/store/1761847668.json', 'Desktop/store/1761847674.json', 'Desktop/store/1761847680.json', 'Desktop/store/1761847687.json', 'Desktop/store/1761847693.json', 'Desktop/store/1761847699.json', 'Desktop/store/1761847706.json', 'Desktop/store/1761847712.json', 'Desktop/store/1761847718.json', 'Desktop/store/1761847725.json', 'Desktop/store/1761847731.json', 'Desktop/store/1761847738.json', 'Desktop/store/1761599732.json', 'Desktop/store/1761599738.json', 'Desktop/store/1761599744.json', 'Desktop/store/1761599751.json', 'Desktop/store/1761599758.json', 'Desktop/store/1761599763.json', 'Desktop/store/1761846936.json', 'Desktop/store/1761846943.json', 'Desktop/store/1761846949.json', 'Desktop/store/1761846956.json', 'Desktop/store/1761847668.json', 'Desktop/store/1761847674.json', 'Desktop/store/1761847680.json', 'Desktop/store/1761847686.json', 'Desktop/store/1761847693.json', 'Desktop/store/1761847698.json', 'Desktop/store/1761847705.json', 'Desktop/store/1761847712.json', 'Desktop/store/1761847718.json', 'Desktop/store/1761847725.json', 'Desktop/store/1761847731.json', 'Desktop/store/1761847737.json', 'Desktop/store/1761599731.json', 'Desktop/store/1761599738.json', 'Desktop/store/1761599744.json', 'Desktop/store/1761599750.json', 'Desktop/store/1761599757.json', 'Desktop/store/1761599763.json', 'Desktop/store/1761846936.json', 'Desktop/store/1761846942.json', 'Desktop/store/1761846949.json', 'Desktop/store/1761846955.json', 'Desktop/store/1761847667.json', 'Desktop/store/1761847673.json', 'Desktop/store/1761847680.json', 'Desktop/store/1761847686.json', 'Desktop/store/1761847692.json', 'Desktop/store/1761847698.json', 'Desktop/store/1761847705.json', 'Desktop/store/1761847711.json', 'Desktop/store/1761847717.json', 'Desktop/store/1761847724.json', 'Desktop/store/1761847731.json', 'Desktop/store/1761847737.json', 'Desktop/store/1761599732.json', 'Desktop/store/1761599738.json', 'Desktop/store/1761599744.json', 'Desktop/store/1761599751.json', 'Desktop/store/1761599758.json', 'Desktop/store/1761599763.json', 'Desktop/store/1761846936.json', 'Desktop/store/1761846942.json', 'Desktop/store/1761846949.json', 'Desktop/store/1761846955.json', 'Desktop/store/1761847667.json', 'Desktop/store/1761847674.json', 'Desktop/store/1761847680.json', 'Desktop/store/1761847686.json', 'Desktop/store/1761847692.json', 'Desktop/store/1761847698.json', 'Desktop/store/1761847705.json', 'Desktop/store/1761847711.json', 'Desktop/store/1761847718.json', 'Desktop/store/1761847725.json', 'Desktop/store/1761847731.json', 'Desktop/store/1761847737.json']","logger":"airflow.task.operators.airflow.providers.standard.operators.python.PythonOperator","filename":"python.py","lineno":218}
{"timestamp":"2025-10-30T23:17:22.670945Z","level":"info","event":"Pushing xcom","ti":"RuntimeTaskInstance(id=UUID('019a3769-464a-7dcf-a4e7-b9e4d6b67c4a'), task_id='download_minio', dag_id='minio_to_snowflake', run_id='scheduled__2025-10-30T23:17:00+00:00', try_number=1, dag_version_id=UUID('019a3767-e984-7677-ba1e-e15a2b71a556'), map_index=-1, hostname='dac11b45d92b', context_carrier={}, task=<Task(PythonOperator): download_minio>, bundle_instance=LocalDagBundle(name=dags-folder), max_tries=1, start_date=datetime.datetime(2025, 10, 30, 23, 17, 17, 643754, tzinfo=datetime.timezone.utc), end_date=None, state=<TaskInstanceState.RUNNING: 'running'>, is_mapped=False, rendered_map_index=None)","logger":"task","filename":"task_runner.py","lineno":1352}
