{"timestamp":"2025-10-30T23:17:23.139718Z","level":"info","event":"DAG bundles loaded: dags-folder","logger":"airflow.dag_processing.bundles.manager.DagBundlesManager","filename":"manager.py","lineno":179}
{"timestamp":"2025-10-30T23:17:23.140385Z","level":"info","event":"Filling up the DagBag from /opt/airflow/dags/minio_to_snowflake.py","logger":"airflow.models.dagbag.DagBag","filename":"dagbag.py","lineno":593}
{"timestamp":"2025-10-30T23:17:24.345230Z","level":"warning","event":"The `airflow.operators.python.PythonOperator` attribute is deprecated. Please use `'airflow.providers.standard.operators.python.PythonOperator'`.","category":"DeprecatedImportWarning","filename":"/opt/airflow/dags/minio_to_snowflake.py","lineno":18,"logger":"py.warnings"}
{"timestamp":"2025-10-30T23:17:24.456131Z","level":"info","event":"Snowflake Connector for Python Version: 3.18.0, Python Version: 3.12.12, Platform: Linux-6.10.14-linuxkit-aarch64-with-glibc2.36","logger":"snowflake.connector.connection","filename":"connection.py","lineno":521}
{"timestamp":"2025-10-30T23:17:24.456885Z","level":"info","event":"Connecting to GLOBAL Snowflake domain","logger":"snowflake.connector.connection","filename":"connection.py","lineno":1464}
{"timestamp":"2025-10-30T23:17:28.325688Z","level":"info","event":"Uploaded Desktop/store/1761599731.json to Snowflake stage","logger":"task.stdout"}
{"timestamp":"2025-10-30T23:17:28.503832Z","level":"info","event":"Uploaded Desktop/store/1761599737.json to Snowflake stage","logger":"task.stdout"}
{"timestamp":"2025-10-30T23:17:32.015004Z","level":"info","event":"Uploaded Desktop/store/1761599743.json to Snowflake stage","logger":"task.stdout"}
{"timestamp":"2025-10-30T23:17:32.189544Z","level":"info","event":"Uploaded Desktop/store/1761599750.json to Snowflake stage","logger":"task.stdout"}
{"timestamp":"2025-10-30T23:17:32.322271Z","level":"info","event":"Uploaded Desktop/store/1761599757.json to Snowflake stage","logger":"task.stdout"}
{"timestamp":"2025-10-30T23:17:32.484598Z","level":"info","event":"Uploaded Desktop/store/1761599763.json to Snowflake stage","logger":"task.stdout"}
{"timestamp":"2025-10-30T23:17:32.665368Z","level":"info","event":"Uploaded Desktop/store/1761846936.json to Snowflake stage","logger":"task.stdout"}
{"timestamp":"2025-10-30T23:17:32.805095Z","level":"info","event":"Uploaded Desktop/store/1761846942.json to Snowflake stage","logger":"task.stdout"}
{"timestamp":"2025-10-30T23:17:32.951166Z","level":"info","event":"Uploaded Desktop/store/1761846949.json to Snowflake stage","logger":"task.stdout"}
{"timestamp":"2025-10-30T23:17:33.094580Z","level":"info","event":"Uploaded Desktop/store/1761846955.json to Snowflake stage","logger":"task.stdout"}
{"timestamp":"2025-10-30T23:17:33.264846Z","level":"info","event":"Uploaded Desktop/store/1761847667.json to Snowflake stage","logger":"task.stdout"}
{"timestamp":"2025-10-30T23:17:33.417288Z","level":"info","event":"Uploaded Desktop/store/1761847673.json to Snowflake stage","logger":"task.stdout"}
{"timestamp":"2025-10-30T23:17:33.556707Z","level":"info","event":"Uploaded Desktop/store/1761847679.json to Snowflake stage","logger":"task.stdout"}
{"timestamp":"2025-10-30T23:17:33.729250Z","level":"info","event":"Uploaded Desktop/store/1761847686.json to Snowflake stage","logger":"task.stdout"}
{"timestamp":"2025-10-30T23:17:33.883677Z","level":"info","event":"Uploaded Desktop/store/1761847692.json to Snowflake stage","logger":"task.stdout"}
{"timestamp":"2025-10-30T23:17:34.021351Z","level":"info","event":"Uploaded Desktop/store/1761847698.json to Snowflake stage","logger":"task.stdout"}
{"timestamp":"2025-10-30T23:17:34.175757Z","level":"info","event":"Uploaded Desktop/store/1761847704.json to Snowflake stage","logger":"task.stdout"}
{"timestamp":"2025-10-30T23:17:34.366165Z","level":"info","event":"Uploaded Desktop/store/1761847711.json to Snowflake stage","logger":"task.stdout"}
{"timestamp":"2025-10-30T23:17:34.538057Z","level":"info","event":"Uploaded Desktop/store/1761847717.json to Snowflake stage","logger":"task.stdout"}
{"timestamp":"2025-10-30T23:17:34.706232Z","level":"info","event":"Uploaded Desktop/store/1761847724.json to Snowflake stage","logger":"task.stdout"}
{"timestamp":"2025-10-30T23:17:34.901082Z","level":"info","event":"Uploaded Desktop/store/1761847730.json to Snowflake stage","logger":"task.stdout"}
{"timestamp":"2025-10-30T23:17:35.056994Z","level":"info","event":"Uploaded Desktop/store/1761847737.json to Snowflake stage","logger":"task.stdout"}
{"timestamp":"2025-10-30T23:17:35.284906Z","level":"info","event":"Uploaded Desktop/store/1761599732.json to Snowflake stage","logger":"task.stdout"}
{"timestamp":"2025-10-30T23:17:35.528053Z","level":"info","event":"Uploaded Desktop/store/1761599738.json to Snowflake stage","logger":"task.stdout"}
{"timestamp":"2025-10-30T23:17:35.674703Z","level":"info","event":"Uploaded Desktop/store/1761599745.json to Snowflake stage","logger":"task.stdout"}
{"timestamp":"2025-10-30T23:17:35.822641Z","level":"info","event":"Uploaded Desktop/store/1761599751.json to Snowflake stage","logger":"task.stdout"}
{"timestamp":"2025-10-30T23:17:36.022718Z","level":"info","event":"Uploaded Desktop/store/1761599758.json to Snowflake stage","logger":"task.stdout"}
{"timestamp":"2025-10-30T23:17:36.157995Z","level":"info","event":"Uploaded Desktop/store/1761599764.json to Snowflake stage","logger":"task.stdout"}
{"timestamp":"2025-10-30T23:17:36.323139Z","level":"info","event":"Uploaded Desktop/store/1761846937.json to Snowflake stage","logger":"task.stdout"}
{"timestamp":"2025-10-30T23:17:36.492590Z","level":"info","event":"Uploaded Desktop/store/1761846943.json to Snowflake stage","logger":"task.stdout"}
{"timestamp":"2025-10-30T23:17:36.637726Z","level":"info","event":"Uploaded Desktop/store/1761846950.json to Snowflake stage","logger":"task.stdout"}
{"timestamp":"2025-10-30T23:17:36.775514Z","level":"info","event":"Uploaded Desktop/store/1761846956.json to Snowflake stage","logger":"task.stdout"}
{"timestamp":"2025-10-30T23:17:36.973973Z","level":"info","event":"Uploaded Desktop/store/1761847668.json to Snowflake stage","logger":"task.stdout"}
{"timestamp":"2025-10-30T23:17:37.138054Z","level":"info","event":"Uploaded Desktop/store/1761847674.json to Snowflake stage","logger":"task.stdout"}
{"timestamp":"2025-10-30T23:17:37.302298Z","level":"info","event":"Uploaded Desktop/store/1761847680.json to Snowflake stage","logger":"task.stdout"}
{"timestamp":"2025-10-30T23:17:37.508128Z","level":"info","event":"Uploaded Desktop/store/1761847687.json to Snowflake stage","logger":"task.stdout"}
{"timestamp":"2025-10-30T23:17:37.659527Z","level":"info","event":"Uploaded Desktop/store/1761847693.json to Snowflake stage","logger":"task.stdout"}
{"timestamp":"2025-10-30T23:17:37.842376Z","level":"info","event":"Uploaded Desktop/store/1761847699.json to Snowflake stage","logger":"task.stdout"}
{"timestamp":"2025-10-30T23:17:38.007108Z","level":"info","event":"Uploaded Desktop/store/1761847706.json to Snowflake stage","logger":"task.stdout"}
{"timestamp":"2025-10-30T23:17:38.162830Z","level":"info","event":"Uploaded Desktop/store/1761847712.json to Snowflake stage","logger":"task.stdout"}
{"timestamp":"2025-10-30T23:17:38.307671Z","level":"info","event":"Uploaded Desktop/store/1761847718.json to Snowflake stage","logger":"task.stdout"}
{"timestamp":"2025-10-30T23:17:38.488229Z","level":"info","event":"Uploaded Desktop/store/1761847725.json to Snowflake stage","logger":"task.stdout"}
{"timestamp":"2025-10-30T23:17:38.709542Z","level":"info","event":"Uploaded Desktop/store/1761847731.json to Snowflake stage","logger":"task.stdout"}
{"timestamp":"2025-10-30T23:17:38.892542Z","level":"info","event":"Uploaded Desktop/store/1761847738.json to Snowflake stage","logger":"task.stdout"}
{"timestamp":"2025-10-30T23:17:39.019073Z","level":"info","event":"Uploaded Desktop/store/1761599732.json to Snowflake stage","logger":"task.stdout"}
{"timestamp":"2025-10-30T23:17:39.182866Z","level":"info","event":"Uploaded Desktop/store/1761599738.json to Snowflake stage","logger":"task.stdout"}
{"timestamp":"2025-10-30T23:17:39.313864Z","level":"info","event":"Uploaded Desktop/store/1761599744.json to Snowflake stage","logger":"task.stdout"}
{"timestamp":"2025-10-30T23:17:39.455822Z","level":"info","event":"Uploaded Desktop/store/1761599751.json to Snowflake stage","logger":"task.stdout"}
{"timestamp":"2025-10-30T23:17:39.654166Z","level":"info","event":"Uploaded Desktop/store/1761599758.json to Snowflake stage","logger":"task.stdout"}
{"timestamp":"2025-10-30T23:17:39.798608Z","level":"info","event":"Uploaded Desktop/store/1761599763.json to Snowflake stage","logger":"task.stdout"}
{"timestamp":"2025-10-30T23:17:39.957679Z","level":"info","event":"Uploaded Desktop/store/1761846936.json to Snowflake stage","logger":"task.stdout"}
{"timestamp":"2025-10-30T23:17:40.129203Z","level":"info","event":"Uploaded Desktop/store/1761846943.json to Snowflake stage","logger":"task.stdout"}
{"timestamp":"2025-10-30T23:17:40.460285Z","level":"info","event":"Uploaded Desktop/store/1761846949.json to Snowflake stage","logger":"task.stdout"}
{"timestamp":"2025-10-30T23:17:40.662413Z","level":"info","event":"Uploaded Desktop/store/1761846956.json to Snowflake stage","logger":"task.stdout"}
{"timestamp":"2025-10-30T23:17:40.793208Z","level":"info","event":"Uploaded Desktop/store/1761847668.json to Snowflake stage","logger":"task.stdout"}
{"timestamp":"2025-10-30T23:17:40.961577Z","level":"info","event":"Uploaded Desktop/store/1761847674.json to Snowflake stage","logger":"task.stdout"}
{"timestamp":"2025-10-30T23:17:41.128611Z","level":"info","event":"Uploaded Desktop/store/1761847680.json to Snowflake stage","logger":"task.stdout"}
{"timestamp":"2025-10-30T23:17:41.279072Z","level":"info","event":"Uploaded Desktop/store/1761847686.json to Snowflake stage","logger":"task.stdout"}
{"timestamp":"2025-10-30T23:17:41.430290Z","level":"info","event":"Uploaded Desktop/store/1761847693.json to Snowflake stage","logger":"task.stdout"}
{"timestamp":"2025-10-30T23:17:41.603589Z","level":"info","event":"Uploaded Desktop/store/1761847698.json to Snowflake stage","logger":"task.stdout"}
{"timestamp":"2025-10-30T23:17:41.729460Z","level":"info","event":"Uploaded Desktop/store/1761847705.json to Snowflake stage","logger":"task.stdout"}
{"timestamp":"2025-10-30T23:17:41.910172Z","level":"info","event":"Uploaded Desktop/store/1761847712.json to Snowflake stage","logger":"task.stdout"}
{"timestamp":"2025-10-30T23:17:42.086510Z","level":"info","event":"Uploaded Desktop/store/1761847718.json to Snowflake stage","logger":"task.stdout"}
{"timestamp":"2025-10-30T23:17:42.262769Z","level":"info","event":"Uploaded Desktop/store/1761847725.json to Snowflake stage","logger":"task.stdout"}
{"timestamp":"2025-10-30T23:17:42.460042Z","level":"info","event":"Uploaded Desktop/store/1761847731.json to Snowflake stage","logger":"task.stdout"}
{"timestamp":"2025-10-30T23:17:42.651959Z","level":"info","event":"Uploaded Desktop/store/1761847737.json to Snowflake stage","logger":"task.stdout"}
{"timestamp":"2025-10-30T23:17:42.785186Z","level":"info","event":"Uploaded Desktop/store/1761599731.json to Snowflake stage","logger":"task.stdout"}
{"timestamp":"2025-10-30T23:17:42.953703Z","level":"info","event":"Uploaded Desktop/store/1761599738.json to Snowflake stage","logger":"task.stdout"}
{"timestamp":"2025-10-30T23:17:43.100219Z","level":"info","event":"Uploaded Desktop/store/1761599744.json to Snowflake stage","logger":"task.stdout"}
{"timestamp":"2025-10-30T23:17:43.266900Z","level":"info","event":"Uploaded Desktop/store/1761599750.json to Snowflake stage","logger":"task.stdout"}
{"timestamp":"2025-10-30T23:17:43.438530Z","level":"info","event":"Uploaded Desktop/store/1761599757.json to Snowflake stage","logger":"task.stdout"}
{"timestamp":"2025-10-30T23:17:43.624732Z","level":"info","event":"Uploaded Desktop/store/1761599763.json to Snowflake stage","logger":"task.stdout"}
{"timestamp":"2025-10-30T23:17:43.772870Z","level":"info","event":"Uploaded Desktop/store/1761846936.json to Snowflake stage","logger":"task.stdout"}
{"timestamp":"2025-10-30T23:17:43.909714Z","level":"info","event":"Uploaded Desktop/store/1761846942.json to Snowflake stage","logger":"task.stdout"}
{"timestamp":"2025-10-30T23:17:44.056708Z","level":"info","event":"Uploaded Desktop/store/1761846949.json to Snowflake stage","logger":"task.stdout"}
{"timestamp":"2025-10-30T23:17:44.236879Z","level":"info","event":"Uploaded Desktop/store/1761846955.json to Snowflake stage","logger":"task.stdout"}
{"timestamp":"2025-10-30T23:17:44.416462Z","level":"info","event":"Uploaded Desktop/store/1761847667.json to Snowflake stage","logger":"task.stdout"}
{"timestamp":"2025-10-30T23:17:44.559584Z","level":"info","event":"Uploaded Desktop/store/1761847673.json to Snowflake stage","logger":"task.stdout"}
{"timestamp":"2025-10-30T23:17:44.766753Z","level":"info","event":"Uploaded Desktop/store/1761847680.json to Snowflake stage","logger":"task.stdout"}
{"timestamp":"2025-10-30T23:17:44.931574Z","level":"info","event":"Uploaded Desktop/store/1761847686.json to Snowflake stage","logger":"task.stdout"}
{"timestamp":"2025-10-30T23:17:45.099772Z","level":"info","event":"Uploaded Desktop/store/1761847692.json to Snowflake stage","logger":"task.stdout"}
{"timestamp":"2025-10-30T23:17:45.283650Z","level":"info","event":"Uploaded Desktop/store/1761847698.json to Snowflake stage","logger":"task.stdout"}
{"timestamp":"2025-10-30T23:17:45.435597Z","level":"info","event":"Uploaded Desktop/store/1761847705.json to Snowflake stage","logger":"task.stdout"}
{"timestamp":"2025-10-30T23:17:45.725841Z","level":"info","event":"Uploaded Desktop/store/1761847711.json to Snowflake stage","logger":"task.stdout"}
{"timestamp":"2025-10-30T23:17:45.885750Z","level":"info","event":"Uploaded Desktop/store/1761847717.json to Snowflake stage","logger":"task.stdout"}
{"timestamp":"2025-10-30T23:17:46.009551Z","level":"info","event":"Uploaded Desktop/store/1761847724.json to Snowflake stage","logger":"task.stdout"}
{"timestamp":"2025-10-30T23:17:46.159703Z","level":"info","event":"Uploaded Desktop/store/1761847731.json to Snowflake stage","logger":"task.stdout"}
{"timestamp":"2025-10-30T23:17:46.287834Z","level":"info","event":"Uploaded Desktop/store/1761847737.json to Snowflake stage","logger":"task.stdout"}
{"timestamp":"2025-10-30T23:17:46.465184Z","level":"info","event":"Uploaded Desktop/store/1761599732.json to Snowflake stage","logger":"task.stdout"}
{"timestamp":"2025-10-30T23:17:46.641157Z","level":"info","event":"Uploaded Desktop/store/1761599738.json to Snowflake stage","logger":"task.stdout"}
{"timestamp":"2025-10-30T23:17:46.781258Z","level":"info","event":"Uploaded Desktop/store/1761599744.json to Snowflake stage","logger":"task.stdout"}
{"timestamp":"2025-10-30T23:17:46.936798Z","level":"info","event":"Uploaded Desktop/store/1761599751.json to Snowflake stage","logger":"task.stdout"}
{"timestamp":"2025-10-30T23:17:47.063258Z","level":"info","event":"Uploaded Desktop/store/1761599758.json to Snowflake stage","logger":"task.stdout"}
{"timestamp":"2025-10-30T23:17:47.230772Z","level":"info","event":"Uploaded Desktop/store/1761599763.json to Snowflake stage","logger":"task.stdout"}
{"timestamp":"2025-10-30T23:17:47.467336Z","level":"info","event":"Uploaded Desktop/store/1761846936.json to Snowflake stage","logger":"task.stdout"}
{"timestamp":"2025-10-30T23:17:47.601124Z","level":"info","event":"Uploaded Desktop/store/1761846942.json to Snowflake stage","logger":"task.stdout"}
{"timestamp":"2025-10-30T23:17:47.747776Z","level":"info","event":"Uploaded Desktop/store/1761846949.json to Snowflake stage","logger":"task.stdout"}
{"timestamp":"2025-10-30T23:17:47.882167Z","level":"info","event":"Uploaded Desktop/store/1761846955.json to Snowflake stage","logger":"task.stdout"}
{"timestamp":"2025-10-30T23:17:48.045726Z","level":"info","event":"Uploaded Desktop/store/1761847667.json to Snowflake stage","logger":"task.stdout"}
{"timestamp":"2025-10-30T23:17:48.218821Z","level":"info","event":"Uploaded Desktop/store/1761847674.json to Snowflake stage","logger":"task.stdout"}
{"timestamp":"2025-10-30T23:17:48.358949Z","level":"info","event":"Uploaded Desktop/store/1761847680.json to Snowflake stage","logger":"task.stdout"}
{"timestamp":"2025-10-30T23:17:48.517082Z","level":"info","event":"Uploaded Desktop/store/1761847686.json to Snowflake stage","logger":"task.stdout"}
{"timestamp":"2025-10-30T23:17:48.797040Z","level":"info","event":"Uploaded Desktop/store/1761847692.json to Snowflake stage","logger":"task.stdout"}
{"timestamp":"2025-10-30T23:17:49.018624Z","level":"info","event":"Uploaded Desktop/store/1761847698.json to Snowflake stage","logger":"task.stdout"}
{"timestamp":"2025-10-30T23:17:49.151577Z","level":"info","event":"Uploaded Desktop/store/1761847705.json to Snowflake stage","logger":"task.stdout"}
{"timestamp":"2025-10-30T23:17:49.286307Z","level":"info","event":"Uploaded Desktop/store/1761847711.json to Snowflake stage","logger":"task.stdout"}
{"timestamp":"2025-10-30T23:17:49.434476Z","level":"info","event":"Uploaded Desktop/store/1761847718.json to Snowflake stage","logger":"task.stdout"}
{"timestamp":"2025-10-30T23:17:49.582031Z","level":"info","event":"Uploaded Desktop/store/1761847725.json to Snowflake stage","logger":"task.stdout"}
{"timestamp":"2025-10-30T23:17:49.714353Z","level":"info","event":"Uploaded Desktop/store/1761847731.json to Snowflake stage","logger":"task.stdout"}
{"timestamp":"2025-10-30T23:17:49.893393Z","level":"info","event":"Uploaded Desktop/store/1761847737.json to Snowflake stage","logger":"task.stdout"}
{"timestamp":"2025-10-30T23:17:50.299761Z","level":"info","event":"COPY INTO executed","logger":"task.stdout"}
{"timestamp":"2025-10-30T23:17:50.418291Z","level":"info","event":"Done. Returned value was: None","logger":"airflow.task.operators.airflow.providers.standard.operators.python.PythonOperator","filename":"python.py","lineno":218}
