{"timestamp":"2025-10-30T23:18:00.473141Z","level":"info","event":"DAG bundles loaded: dags-folder","logger":"airflow.dag_processing.bundles.manager.DagBundlesManager","filename":"manager.py","lineno":179}
{"timestamp":"2025-10-30T23:18:00.473941Z","level":"info","event":"Filling up the DagBag from /opt/airflow/dags/minio_to_snowflake.py","logger":"airflow.models.dagbag.DagBag","filename":"dagbag.py","lineno":593}
{"timestamp":"2025-10-30T23:18:01.175108Z","level":"warning","event":"The `airflow.operators.python.PythonOperator` attribute is deprecated. Please use `'airflow.providers.standard.operators.python.PythonOperator'`.","category":"DeprecatedImportWarning","filename":"/opt/airflow/dags/minio_to_snowflake.py","lineno":18,"logger":"py.warnings"}
{"timestamp":"2025-10-30T23:18:01.297727Z","level":"info","event":"Downloaded AAPL/1761599731.json -> Desktop/store/1761599731.json","logger":"task.stdout"}
{"timestamp":"2025-10-30T23:18:01.301564Z","level":"info","event":"Downloaded AAPL/1761599737.json -> Desktop/store/1761599737.json","logger":"task.stdout"}
{"timestamp":"2025-10-30T23:18:01.305158Z","level":"info","event":"Downloaded AAPL/1761599743.json -> Desktop/store/1761599743.json","logger":"task.stdout"}
{"timestamp":"2025-10-30T23:18:01.308959Z","level":"info","event":"Downloaded AAPL/1761599750.json -> Desktop/store/1761599750.json","logger":"task.stdout"}
{"timestamp":"2025-10-30T23:18:01.312220Z","level":"info","event":"Downloaded AAPL/1761599757.json -> Desktop/store/1761599757.json","logger":"task.stdout"}
{"timestamp":"2025-10-30T23:18:01.315745Z","level":"info","event":"Downloaded AAPL/1761599763.json -> Desktop/store/1761599763.json","logger":"task.stdout"}
{"timestamp":"2025-10-30T23:18:01.320609Z","level":"info","event":"Downloaded AAPL/1761846936.json -> Desktop/store/1761846936.json","logger":"task.stdout"}
{"timestamp":"2025-10-30T23:18:01.326571Z","level":"info","event":"Downloaded AAPL/1761846942.json -> Desktop/store/1761846942.json","logger":"task.stdout"}
{"timestamp":"2025-10-30T23:18:01.334575Z","level":"info","event":"Downloaded AAPL/1761846949.json -> Desktop/store/1761846949.json","logger":"task.stdout"}
{"timestamp":"2025-10-30T23:18:01.338189Z","level":"info","event":"Downloaded AAPL/1761846955.json -> Desktop/store/1761846955.json","logger":"task.stdout"}
{"timestamp":"2025-10-30T23:18:01.341744Z","level":"info","event":"Downloaded AAPL/1761847667.json -> Desktop/store/1761847667.json","logger":"task.stdout"}
{"timestamp":"2025-10-30T23:18:01.345312Z","level":"info","event":"Downloaded AAPL/1761847673.json -> Desktop/store/1761847673.json","logger":"task.stdout"}
{"timestamp":"2025-10-30T23:18:01.348391Z","level":"info","event":"Downloaded AAPL/1761847679.json -> Desktop/store/1761847679.json","logger":"task.stdout"}
{"timestamp":"2025-10-30T23:18:01.352291Z","level":"info","event":"Downloaded AAPL/1761847686.json -> Desktop/store/1761847686.json","logger":"task.stdout"}
{"timestamp":"2025-10-30T23:18:01.357211Z","level":"info","event":"Downloaded AAPL/1761847692.json -> Desktop/store/1761847692.json","logger":"task.stdout"}
{"timestamp":"2025-10-30T23:18:01.362539Z","level":"info","event":"Downloaded AAPL/1761847698.json -> Desktop/store/1761847698.json","logger":"task.stdout"}
{"timestamp":"2025-10-30T23:18:01.367869Z","level":"info","event":"Downloaded AAPL/1761847704.json -> Desktop/store/1761847704.json","logger":"task.stdout"}
{"timestamp":"2025-10-30T23:18:01.372116Z","level":"info","event":"Downloaded AAPL/1761847711.json -> Desktop/store/1761847711.json","logger":"task.stdout"}
{"timestamp":"2025-10-30T23:18:01.377234Z","level":"info","event":"Downloaded AAPL/1761847717.json -> Desktop/store/1761847717.json","logger":"task.stdout"}
{"timestamp":"2025-10-30T23:18:01.381323Z","level":"info","event":"Downloaded AAPL/1761847724.json -> Desktop/store/1761847724.json","logger":"task.stdout"}
{"timestamp":"2025-10-30T23:18:01.385516Z","level":"info","event":"Downloaded AAPL/1761847730.json -> Desktop/store/1761847730.json","logger":"task.stdout"}
{"timestamp":"2025-10-30T23:18:01.390321Z","level":"info","event":"Downloaded AAPL/1761847737.json -> Desktop/store/1761847737.json","logger":"task.stdout"}
{"timestamp":"2025-10-30T23:18:01.396076Z","level":"info","event":"Downloaded AMZN/1761599732.json -> Desktop/store/1761599732.json","logger":"task.stdout"}
{"timestamp":"2025-10-30T23:18:01.399801Z","level":"info","event":"Downloaded AMZN/1761599738.json -> Desktop/store/1761599738.json","logger":"task.stdout"}
{"timestamp":"2025-10-30T23:18:01.403119Z","level":"info","event":"Downloaded AMZN/1761599745.json -> Desktop/store/1761599745.json","logger":"task.stdout"}
{"timestamp":"2025-10-30T23:18:01.406644Z","level":"info","event":"Downloaded AMZN/1761599751.json -> Desktop/store/1761599751.json","logger":"task.stdout"}
{"timestamp":"2025-10-30T23:18:01.412373Z","level":"info","event":"Downloaded AMZN/1761599758.json -> Desktop/store/1761599758.json","logger":"task.stdout"}
{"timestamp":"2025-10-30T23:18:01.416354Z","level":"info","event":"Downloaded AMZN/1761599764.json -> Desktop/store/1761599764.json","logger":"task.stdout"}
{"timestamp":"2025-10-30T23:18:01.420468Z","level":"info","event":"Downloaded AMZN/1761846937.json -> Desktop/store/1761846937.json","logger":"task.stdout"}
{"timestamp":"2025-10-30T23:18:01.424445Z","level":"info","event":"Downloaded AMZN/1761846943.json -> Desktop/store/1761846943.json","logger":"task.stdout"}
{"timestamp":"2025-10-30T23:18:01.428533Z","level":"info","event":"Downloaded AMZN/1761846950.json -> Desktop/store/1761846950.json","logger":"task.stdout"}
{"timestamp":"2025-10-30T23:18:01.432306Z","level":"info","event":"Downloaded AMZN/1761846956.json -> Desktop/store/1761846956.json","logger":"task.stdout"}
{"timestamp":"2025-10-30T23:18:01.436017Z","level":"info","event":"Downloaded AMZN/1761847668.json -> Desktop/store/1761847668.json","logger":"task.stdout"}
{"timestamp":"2025-10-30T23:18:01.439117Z","level":"info","event":"Downloaded AMZN/1761847674.json -> Desktop/store/1761847674.json","logger":"task.stdout"}
{"timestamp":"2025-10-30T23:18:01.443113Z","level":"info","event":"Downloaded AMZN/1761847680.json -> Desktop/store/1761847680.json","logger":"task.stdout"}
{"timestamp":"2025-10-30T23:18:01.447133Z","level":"info","event":"Downloaded AMZN/1761847687.json -> Desktop/store/1761847687.json","logger":"task.stdout"}
{"timestamp":"2025-10-30T23:18:01.450303Z","level":"info","event":"Downloaded AMZN/1761847693.json -> Desktop/store/1761847693.json","logger":"task.stdout"}
{"timestamp":"2025-10-30T23:18:01.454039Z","level":"info","event":"Downloaded AMZN/1761847699.json -> Desktop/store/1761847699.json","logger":"task.stdout"}
{"timestamp":"2025-10-30T23:18:01.458118Z","level":"info","event":"Downloaded AMZN/1761847706.json -> Desktop/store/1761847706.json","logger":"task.stdout"}
{"timestamp":"2025-10-30T23:18:01.461547Z","level":"info","event":"Downloaded AMZN/1761847712.json -> Desktop/store/1761847712.json","logger":"task.stdout"}
{"timestamp":"2025-10-30T23:18:01.465303Z","level":"info","event":"Downloaded AMZN/1761847718.json -> Desktop/store/1761847718.json","logger":"task.stdout"}
{"timestamp":"2025-10-30T23:18:01.468701Z","level":"info","event":"Downloaded AMZN/1761847725.json -> Desktop/store/1761847725.json","logger":"task.stdout"}
{"timestamp":"2025-10-30T23:18:01.471743Z","level":"info","event":"Downloaded AMZN/1761847731.json -> Desktop/store/1761847731.json","logger":"task.stdout"}
{"timestamp":"2025-10-30T23:18:01.475411Z","level":"info","event":"Downloaded AMZN/1761847738.json -> Desktop/store/1761847738.json","logger":"task.stdout"}
{"timestamp":"2025-10-30T23:18:01.478641Z","level":"info","event":"Downloaded GOOGL/1761599732.json -> Desktop/store/1761599732.json","logger":"task.stdout"}
{"timestamp":"2025-10-30T23:18:01.481702Z","level":"info","event":"Downloaded GOOGL/1761599738.json -> Desktop/store/1761599738.json","logger":"task.stdout"}
{"timestamp":"2025-10-30T23:18:01.486883Z","level":"info","event":"Downloaded GOOGL/1761599744.json -> Desktop/store/1761599744.json","logger":"task.stdout"}
{"timestamp":"2025-10-30T23:18:01.503351Z","level":"info","event":"Downloaded GOOGL/1761599751.json -> Desktop/store/1761599751.json","logger":"task.stdout"}
{"timestamp":"2025-10-30T23:18:01.509973Z","level":"info","event":"Downloaded GOOGL/1761599758.json -> Desktop/store/1761599758.json","logger":"task.stdout"}
{"timestamp":"2025-10-30T23:18:01.514105Z","level":"info","event":"Downloaded GOOGL/1761599763.json -> Desktop/store/1761599763.json","logger":"task.stdout"}
{"timestamp":"2025-10-30T23:18:01.518388Z","level":"info","event":"Downloaded GOOGL/1761846936.json -> Desktop/store/1761846936.json","logger":"task.stdout"}
{"timestamp":"2025-10-30T23:18:01.522617Z","level":"info","event":"Downloaded GOOGL/1761846943.json -> Desktop/store/1761846943.json","logger":"task.stdout"}
{"timestamp":"2025-10-30T23:18:01.529795Z","level":"info","event":"Downloaded GOOGL/1761846949.json -> Desktop/store/1761846949.json","logger":"task.stdout"}
{"timestamp":"2025-10-30T23:18:01.534543Z","level":"info","event":"Downloaded GOOGL/1761846956.json -> Desktop/store/1761846956.json","logger":"task.stdout"}
{"timestamp":"2025-10-30T23:18:01.538207Z","level":"info","event":"Downloaded GOOGL/1761847668.json -> Desktop/store/1761847668.json","logger":"task.stdout"}
{"timestamp":"2025-10-30T23:18:01.541776Z","level":"info","event":"Downloaded GOOGL/1761847674.json -> Desktop/store/1761847674.json","logger":"task.stdout"}
{"timestamp":"2025-10-30T23:18:01.545026Z","level":"info","event":"Downloaded GOOGL/1761847680.json -> Desktop/store/1761847680.json","logger":"task.stdout"}
{"timestamp":"2025-10-30T23:18:01.547991Z","level":"info","event":"Downloaded GOOGL/1761847686.json -> Desktop/store/1761847686.json","logger":"task.stdout"}
{"timestamp":"2025-10-30T23:18:01.551101Z","level":"info","event":"Downloaded GOOGL/1761847693.json -> Desktop/store/1761847693.json","logger":"task.stdout"}
{"timestamp":"2025-10-30T23:18:01.554265Z","level":"info","event":"Downloaded GOOGL/1761847698.json -> Desktop/store/1761847698.json","logger":"task.stdout"}
{"timestamp":"2025-10-30T23:18:01.559352Z","level":"info","event":"Downloaded GOOGL/1761847705.json -> Desktop/store/1761847705.json","logger":"task.stdout"}
{"timestamp":"2025-10-30T23:18:01.563187Z","level":"info","event":"Downloaded GOOGL/1761847712.json -> Desktop/store/1761847712.json","logger":"task.stdout"}
{"timestamp":"2025-10-30T23:18:01.566553Z","level":"info","event":"Downloaded GOOGL/1761847718.json -> Desktop/store/1761847718.json","logger":"task.stdout"}
{"timestamp":"2025-10-30T23:18:01.570343Z","level":"info","event":"Downloaded GOOGL/1761847725.json -> Desktop/store/1761847725.json","logger":"task.stdout"}
{"timestamp":"2025-10-30T23:18:01.574050Z","level":"info","event":"Downloaded GOOGL/1761847731.json -> Desktop/store/1761847731.json","logger":"task.stdout"}
{"timestamp":"2025-10-30T23:18:01.577525Z","level":"info","event":"Downloaded GOOGL/1761847737.json -> Desktop/store/1761847737.json","logger":"task.stdout"}
{"timestamp":"2025-10-30T23:18:01.580944Z","level":"info","event":"Downloaded MSFT/1761599731.json -> Desktop/store/1761599731.json","logger":"task.stdout"}
{"timestamp":"2025-10-30T23:18:01.584148Z","level":"info","event":"Downloaded MSFT/1761599738.json -> Desktop/store/1761599738.json","logger":"task.stdout"}
{"timestamp":"2025-10-30T23:18:01.587155Z","level":"info","event":"Downloaded MSFT/1761599744.json -> Desktop/store/1761599744.json","logger":"task.stdout"}
{"timestamp":"2025-10-30T23:18:01.590547Z","level":"info","event":"Downloaded MSFT/1761599750.json -> Desktop/store/1761599750.json","logger":"task.stdout"}
{"timestamp":"2025-10-30T23:18:01.595436Z","level":"info","event":"Downloaded MSFT/1761599757.json -> Desktop/store/1761599757.json","logger":"task.stdout"}
{"timestamp":"2025-10-30T23:18:01.598548Z","level":"info","event":"Downloaded MSFT/1761599763.json -> Desktop/store/1761599763.json","logger":"task.stdout"}
{"timestamp":"2025-10-30T23:18:01.601747Z","level":"info","event":"Downloaded MSFT/1761846936.json -> Desktop/store/1761846936.json","logger":"task.stdout"}
{"timestamp":"2025-10-30T23:18:01.604953Z","level":"info","event":"Downloaded MSFT/1761846942.json -> Desktop/store/1761846942.json","logger":"task.stdout"}
{"timestamp":"2025-10-30T23:18:01.609185Z","level":"info","event":"Downloaded MSFT/1761846949.json -> Desktop/store/1761846949.json","logger":"task.stdout"}
{"timestamp":"2025-10-30T23:18:01.612722Z","level":"info","event":"Downloaded MSFT/1761846955.json -> Desktop/store/1761846955.json","logger":"task.stdout"}
{"timestamp":"2025-10-30T23:18:01.616154Z","level":"info","event":"Downloaded MSFT/1761847667.json -> Desktop/store/1761847667.json","logger":"task.stdout"}
{"timestamp":"2025-10-30T23:18:01.619694Z","level":"info","event":"Downloaded MSFT/1761847673.json -> Desktop/store/1761847673.json","logger":"task.stdout"}
{"timestamp":"2025-10-30T23:18:01.623416Z","level":"info","event":"Downloaded MSFT/1761847680.json -> Desktop/store/1761847680.json","logger":"task.stdout"}
{"timestamp":"2025-10-30T23:18:01.627394Z","level":"info","event":"Downloaded MSFT/1761847686.json -> Desktop/store/1761847686.json","logger":"task.stdout"}
{"timestamp":"2025-10-30T23:18:01.631052Z","level":"info","event":"Downloaded MSFT/1761847692.json -> Desktop/store/1761847692.json","logger":"task.stdout"}
{"timestamp":"2025-10-30T23:18:01.634367Z","level":"info","event":"Downloaded MSFT/1761847698.json -> Desktop/store/1761847698.json","logger":"task.stdout"}
{"timestamp":"2025-10-30T23:18:01.637440Z","level":"info","event":"Downloaded MSFT/1761847705.json -> Desktop/store/1761847705.json","logger":"task.stdout"}
{"timestamp":"2025-10-30T23:18:01.641232Z","level":"info","event":"Downloaded MSFT/1761847711.json -> Desktop/store/1761847711.json","logger":"task.stdout"}
{"timestamp":"2025-10-30T23:18:01.645817Z","level":"info","event":"Downloaded MSFT/1761847717.json -> Desktop/store/1761847717.json","logger":"task.stdout"}
{"timestamp":"2025-10-30T23:18:01.649314Z","level":"info","event":"Downloaded MSFT/1761847724.json -> Desktop/store/1761847724.json","logger":"task.stdout"}
{"timestamp":"2025-10-30T23:18:01.653115Z","level":"info","event":"Downloaded MSFT/1761847731.json -> Desktop/store/1761847731.json","logger":"task.stdout"}
{"timestamp":"2025-10-30T23:18:01.656127Z","level":"info","event":"Downloaded MSFT/1761847737.json -> Desktop/store/1761847737.json","logger":"task.stdout"}
{"timestamp":"2025-10-30T23:18:01.660870Z","level":"info","event":"Downloaded TSLA/1761599732.json -> Desktop/store/1761599732.json","logger":"task.stdout"}
{"timestamp":"2025-10-30T23:18:01.664530Z","level":"info","event":"Downloaded TSLA/1761599738.json -> Desktop/store/1761599738.json","logger":"task.stdout"}
{"timestamp":"2025-10-30T23:18:01.667820Z","level":"info","event":"Downloaded TSLA/1761599744.json -> Desktop/store/1761599744.json","logger":"task.stdout"}
{"timestamp":"2025-10-30T23:18:01.670906Z","level":"info","event":"Downloaded TSLA/1761599751.json -> Desktop/store/1761599751.json","logger":"task.stdout"}
{"timestamp":"2025-10-30T23:18:01.674562Z","level":"info","event":"Downloaded TSLA/1761599758.json -> Desktop/store/1761599758.json","logger":"task.stdout"}
{"timestamp":"2025-10-30T23:18:01.679740Z","level":"info","event":"Downloaded TSLA/1761599763.json -> Desktop/store/1761599763.json","logger":"task.stdout"}
{"timestamp":"2025-10-30T23:18:01.683595Z","level":"info","event":"Downloaded TSLA/1761846936.json -> Desktop/store/1761846936.json","logger":"task.stdout"}
{"timestamp":"2025-10-30T23:18:01.690311Z","level":"info","event":"Downloaded TSLA/1761846942.json -> Desktop/store/1761846942.json","logger":"task.stdout"}
{"timestamp":"2025-10-30T23:18:01.694500Z","level":"info","event":"Downloaded TSLA/1761846949.json -> Desktop/store/1761846949.json","logger":"task.stdout"}
{"timestamp":"2025-10-30T23:18:01.698649Z","level":"info","event":"Downloaded TSLA/1761846955.json -> Desktop/store/1761846955.json","logger":"task.stdout"}
{"timestamp":"2025-10-30T23:18:01.702577Z","level":"info","event":"Downloaded TSLA/1761847667.json -> Desktop/store/1761847667.json","logger":"task.stdout"}
{"timestamp":"2025-10-30T23:18:01.705933Z","level":"info","event":"Downloaded TSLA/1761847674.json -> Desktop/store/1761847674.json","logger":"task.stdout"}
{"timestamp":"2025-10-30T23:18:01.709766Z","level":"info","event":"Downloaded TSLA/1761847680.json -> Desktop/store/1761847680.json","logger":"task.stdout"}
{"timestamp":"2025-10-30T23:18:01.713301Z","level":"info","event":"Downloaded TSLA/1761847686.json -> Desktop/store/1761847686.json","logger":"task.stdout"}
{"timestamp":"2025-10-30T23:18:01.716548Z","level":"info","event":"Downloaded TSLA/1761847692.json -> Desktop/store/1761847692.json","logger":"task.stdout"}
{"timestamp":"2025-10-30T23:18:01.720041Z","level":"info","event":"Downloaded TSLA/1761847698.json -> Desktop/store/1761847698.json","logger":"task.stdout"}
{"timestamp":"2025-10-30T23:18:01.723069Z","level":"info","event":"Downloaded TSLA/1761847705.json -> Desktop/store/1761847705.json","logger":"task.stdout"}
{"timestamp":"2025-10-30T23:18:01.726925Z","level":"info","event":"Downloaded TSLA/1761847711.json -> Desktop/store/1761847711.json","logger":"task.stdout"}
{"timestamp":"2025-10-30T23:18:01.731130Z","level":"info","event":"Downloaded TSLA/1761847718.json -> Desktop/store/1761847718.json","logger":"task.stdout"}
{"timestamp":"2025-10-30T23:18:01.734562Z","level":"info","event":"Downloaded TSLA/1761847725.json -> Desktop/store/1761847725.json","logger":"task.stdout"}
{"timestamp":"2025-10-30T23:18:01.737664Z","level":"info","event":"Downloaded TSLA/1761847731.json -> Desktop/store/1761847731.json","logger":"task.stdout"}
{"timestamp":"2025-10-30T23:18:01.740841Z","level":"info","event":"Downloaded TSLA/1761847737.json -> Desktop/store/1761847737.json","logger":"task.stdout"}
{"timestamp":"2025-10-30T23:18:01.741106Z","level":"info","event":"Done. Returned value was: ['Desktop/store/1761599731.json', 'Desktop/store/1761599737.json', 'Desktop/store/1761599743.json', 'Desktop/store/1761599750.json', 'Desktop/store/1761599757.json', 'Desktop/store/1761599763.json', 'Desktop/store/1761846936.json', 'Desktop/store/1761846942.json', 'Desktop/store/1761846949.json', 'Desktop/store/1761846955.json', 'Desktop/store/1761847667.json', 'Desktop/store/1761847673.json', 'Desktop/store/1761847679.json', 'Desktop/store/1761847686.json', 'Desktop/store/1761847692.json', 'Desktop/store/1761847698.json', 'Desktop/store/1761847704.json', 'Desktop/store/1761847711.json', 'Desktop/store/1761847717.json', 'Desktop/store/1761847724.json', 'Desktop/store/1761847730.json', 'Desktop/store/1761847737.json', 'Desktop/store/1761599732.json', 'Desktop/store/1761599738.json', 'Desktop/store/1761599745.json', 'Desktop/store/1761599751.json', 'Desktop/store/1761599758.json', 'Desktop/store/1761599764.json', 'Desktop/store/1761846937.json', 'Desktop/store/1761846943.json', 'Desktop/store/1761846950.json', 'Desktop/store/1761846956.json', 'Desktop/store/1761847668.json', 'Desktop/store/1761847674.json', 'Desktop/store/1761847680.json', 'Desktop/store/1761847687.json', 'Desktop/store/1761847693.json', 'Desktop/store/1761847699.json', 'Desktop/store/1761847706.json', 'Desktop/store/1761847712.json', 'Desktop/store/1761847718.json', 'Desktop/store/1761847725.json', 'Desktop/store/1761847731.json', 'Desktop/store/1761847738.json', 'Desktop/store/1761599732.json', 'Desktop/store/1761599738.json', 'Desktop/store/1761599744.json', 'Desktop/store/1761599751.json', 'Desktop/store/1761599758.json', 'Desktop/store/1761599763.json', 'Desktop/store/1761846936.json', 'Desktop/store/1761846943.json', 'Desktop/store/1761846949.json', 'Desktop/store/1761846956.json', 'Desktop/store/1761847668.json', 'Desktop/store/1761847674.json', 'Desktop/store/1761847680.json', 'Desktop/store/1761847686.json', 'Desktop/store/1761847693.json', 'Desktop/store/1761847698.json', 'Desktop/store/1761847705.json', 'Desktop/store/1761847712.json', 'Desktop/store/1761847718.json', 'Desktop/store/1761847725.json', 'Desktop/store/1761847731.json', 'Desktop/store/1761847737.json', 'Desktop/store/1761599731.json', 'Desktop/store/1761599738.json', 'Desktop/store/1761599744.json', 'Desktop/store/1761599750.json', 'Desktop/store/1761599757.json', 'Desktop/store/1761599763.json', 'Desktop/store/1761846936.json', 'Desktop/store/1761846942.json', 'Desktop/store/1761846949.json', 'Desktop/store/1761846955.json', 'Desktop/store/1761847667.json', 'Desktop/store/1761847673.json', 'Desktop/store/1761847680.json', 'Desktop/store/1761847686.json', 'Desktop/store/1761847692.json', 'Desktop/store/1761847698.json', 'Desktop/store/1761847705.json', 'Desktop/store/1761847711.json', 'Desktop/store/1761847717.json', 'Desktop/store/1761847724.json', 'Desktop/store/1761847731.json', 'Desktop/store/1761847737.json', 'Desktop/store/1761599732.json', 'Desktop/store/1761599738.json', 'Desktop/store/1761599744.json', 'Desktop/store/1761599751.json', 'Desktop/store/1761599758.json', 'Desktop/store/1761599763.json', 'Desktop/store/1761846936.json', 'Desktop/store/1761846942.json', 'Desktop/store/1761846949.json', 'Desktop/store/1761846955.json', 'Desktop/store/1761847667.json', 'Desktop/store/1761847674.json', 'Desktop/store/1761847680.json', 'Desktop/store/1761847686.json', 'Desktop/store/1761847692.json', 'Desktop/store/1761847698.json', 'Desktop/store/1761847705.json', 'Desktop/store/1761847711.json', 'Desktop/store/1761847718.json', 'Desktop/store/1761847725.json', 'Desktop/store/1761847731.json', 'Desktop/store/1761847737.json']","logger":"airflow.task.operators.airflow.providers.standard.operators.python.PythonOperator","filename":"python.py","lineno":218}
{"timestamp":"2025-10-30T23:18:01.741272Z","level":"info","event":"Pushing xcom","ti":"RuntimeTaskInstance(id=UUID('019a3769-ed6a-711a-8301-d69542b293a8'), task_id='download_minio', dag_id='minio_to_snowflake', run_id='scheduled__2025-10-30T23:18:00+00:00', try_number=1, dag_version_id=UUID('019a3767-e984-7677-ba1e-e15a2b71a556'), map_index=-1, hostname='dac11b45d92b', context_carrier={}, task=<Task(PythonOperator): download_minio>, bundle_instance=LocalDagBundle(name=dags-folder), max_tries=1, start_date=datetime.datetime(2025, 10, 30, 23, 18, 0, 400687, tzinfo=datetime.timezone.utc), end_date=None, state=<TaskInstanceState.RUNNING: 'running'>, is_mapped=False, rendered_map_index=None)","logger":"task","filename":"task_runner.py","lineno":1352}
